1U.S.G.S. METHOD-OF-CHARACTERISTICS MODEL FOR SOLUTE TRANSPORT IN GROUND WATER
0Final Exam; 20 x 20 Grid                                                        
 
0                     I N P U T     D A T A
0                       GRID DESCRIPTORS

             NX    (NUMBER OF COLUMNS)  =    20
             NY    (NUMBER OF ROWS)     =    20
             XDEL  (X-DISTANCE IN FEET) =     5.0
             YDEL  (Y-DISTANCE IN FEET) =     5.0
0                       TIME  PARAMETERS

             NTIM   (MAX. NO. OF TIME STEPS)       =      1
             NPMP   (NO. OF PUMPING PERIODS)       =      1
             PINT   (PUMPING PERIOD IN YEARS)      =      2.000
             TIMX   (TIME INCREMENT MULTIPLIER)    =       .00
             TINIT  (INITIAL TIME STEP IN SEC.)    =      0.
0              HYDROLOGIC AND CHEMICAL PARAMETERS

             S       (STORAGE COEFFICIENT)       =       .000000
             POROS   (EFFECTIVE POROSITY)        =       .500
             BETA    (LONGITUDINAL DISPERSIVITY) =      1.0
             DLTRAT  (RATIO OF TRANSVERSE TO
                     LONGITUDINAL DISPERSIVITY)  =       .10
             ANFCTR  (RATIO OF T-YY TO T-XX)     =      1.000000
0                     EXECUTION PARAMETERS

             NITP   (NO. OF ITERATION PARAMETERS) =    7
             TOL    (CONVERGENCE CRITERIA - ADIP) =   .10E-02
             ITMAX  (MAX.NO.OF ITERATIONS - ADIP) =  100
             CELDIS (MAX.CELL DISTANCE PER MOVE
                        OF PARTICLES - M.O.C.)    =     .490
             NPMAX  (MAX. NO. OF PARTICLES)       = 3200
             NPTPND (NO. PARTICLES PER NODE)      =     9
1
0                       PROGRAM OPTIONS

             NPNT   (TIME STEP INTERVAL FOR
                     COMPLETE PRINTOUT)       =     5
             NPNTMV (MOVE INTERVAL FOR CHEM.
                     CONCENTRATION PRINTOUT)  =     0
             NPNTVL (TIME STEP INTERVAL FOR
                     VELOCITY PRINTOUT; 0=NEVER;
                     -1=FIRST TIME STEP;
                     -2=LAST TIME STEP)       =     0
             NPNTD  (PRINT OPTION-DISP.COEF.
                     0=NO; 1=FIRST TIME STEP;
                     2=ALL TIME STEPS)        =     0
             NUMOBS (NO. OF OBSERVATION WELLS
                     FOR HYDROGRAPH PRINTOUT) =     5
             NREC   (NO. OF PUMPING WELLS)    =     0
             NCODES (FOR NODE IDENT.)         =     2
             NPNCHV (TIME STEP INTERVAL FOR
                     VELOCITY PRINTOUT ON
                     FILE UNIT 7; 0=NEVER;
                     -1=FIRST TIME STEP;
                     -2=LAST TIME STEP)       =     0
             NPDELC (PRINT OPT.-CONC. CHANGE) =     0
0                       REACTION TERMS

             DK      (DISTRIBUTION COEFFICIENT) =   .26500E+01
             RHOB    (BULK DENSITY OF SOLIDS)   =   .00000E+00
             RF      (RETARDATION FACTOR)       =   .10000E+01
             THALF   (HALF LIFE OF DECAY,IN SEC)=   .00000E+00
             DECAY   (DECAY CONSTANT=LN 2/THALF)=   .00000E+00
1               STEADY-STATE FLOW

     TIME INTERVALS (IN SEC) FOR SOLUTE-TRANSPORT SIMULATION
     .63115E+08
 
0          LOCATION OF OBSERVATION WELLS

                 NO.     X     Y

                  1     10     5
                  2     10     8
                  3     10    10
                  4     10    12
                  5      6     8
 
0          AREA OF ONE CELL =    25.00    
0          X-Y SPACING:
               5.0000    
               5.0000    
1TRANSMISSIVITY MAP (FT*FT/SEC)
 
   0.00E+00  0.00E+00  0.00E+00  0.00E+00  0.00E+00  0.00E+00  0.00E+00  0.00E+00  0.00E+00  0.00E+00
   0.00E+00  0.00E+00  0.00E+00  0.00E+00  0.00E+00  0.00E+00  0.00E+00  0.00E+00  0.00E+00  0.00E+00
   0.00E+00  5.80E-05  5.80E-05  5.80E-05  5.80E-05  5.80E-05  5.80E-05  5.80E-05  5.80E-05  5.80E-05
   5.80E-05  5.80E-05  5.80E-05  5.80E-05  1.74E-03  1.74E-03  1.74E-03  1.74E-03  1.74E-03  0.00E+00
   0.00E+00  5.80E-05  5.80E-05  5.80E-05  5.80E-05  5.80E-05  5.80E-05  5.80E-05  5.80E-05  5.80E-05
   5.80E-05  5.80E-05  5.80E-05  1.74E-03  1.74E-03  1.74E-03  1.74E-03  1.74E-03  1.74E-03  0.00E+00
   0.00E+00  5.80E-05  5.80E-05  5.80E-05  5.80E-05  5.80E-05  5.80E-05  5.80E-05  5.80E-05  5.80E-05
   5.80E-05  5.80E-05  5.80E-05  1.74E-03  1.74E-03  1.74E-03  1.74E-03  1.74E-03  1.74E-03  0.00E+00
   0.00E+00  5.80E-05  5.80E-05  5.80E-05  5.80E-05  5.80E-05  5.80E-05  5.80E-05  5.80E-05  5.80E-05
   5.80E-05  5.80E-05  1.74E-03  1.74E-03  1.74E-03  1.74E-03  1.74E-03  1.74E-03  1.74E-03  0.00E+00
   0.00E+00  5.80E-05  5.80E-05  5.80E-05  5.80E-05  5.80E-05  5.80E-05  5.80E-05  5.80E-05  5.80E-05
   5.80E-05  5.80E-05  1.74E-03  1.74E-03  1.74E-03  1.74E-03  1.74E-03  1.74E-03  1.74E-03  0.00E+00
   0.00E+00  5.80E-05  5.80E-05  5.80E-05  5.80E-05  5.80E-05  5.80E-05  5.80E-05  5.80E-05  5.80E-05
   5.80E-05  1.74E-03  1.74E-03  1.74E-03  1.74E-03  1.74E-03  1.74E-03  1.74E-03  1.74E-03  0.00E+00
   0.00E+00  5.80E-05  5.80E-05  5.80E-05  5.80E-05  5.80E-05  5.80E-05  5.80E-05  5.80E-05  5.80E-05
   5.80E-05  1.74E-03  1.74E-03  1.74E-03  1.74E-03  1.74E-03  1.74E-03  1.74E-03  1.74E-03  0.00E+00
   0.00E+00  5.80E-05  5.80E-05  5.80E-05  5.80E-05  5.80E-05  5.80E-05  5.80E-05  5.80E-05  5.80E-05
   1.74E-03  1.74E-03  1.74E-03  1.74E-03  1.74E-03  1.74E-03  1.74E-03  1.74E-03  1.74E-03  0.00E+00
   0.00E+00  5.80E-05  5.80E-05  5.80E-05  5.80E-05  5.80E-05  5.80E-05  5.80E-05  5.80E-05  5.80E-05
   1.74E-03  1.74E-03  1.74E-03  1.74E-03  1.74E-03  1.74E-03  1.74E-03  1.74E-03  1.74E-03  0.00E+00
   0.00E+00  5.80E-05  5.80E-05  5.80E-05  5.80E-05  5.80E-05  5.80E-05  5.80E-05  5.80E-05  1.74E-03
   1.74E-03  1.74E-03  1.74E-03  1.74E-03  1.74E-03  1.74E-03  1.74E-03  1.74E-03  1.74E-03  0.00E+00
   0.00E+00  5.80E-05  5.80E-05  5.80E-05  5.80E-05  5.80E-05  5.80E-05  5.80E-05  5.80E-05  1.74E-03
   1.74E-03  1.74E-03  1.74E-03  1.74E-03  1.74E-03  1.74E-03  1.74E-03  1.74E-03  1.74E-03  0.00E+00
   0.00E+00  5.80E-05  5.80E-05  5.80E-05  5.80E-05  5.80E-05  5.80E-05  5.80E-05  1.74E-03  1.74E-03
   1.74E-03  1.74E-03  1.74E-03  1.74E-03  1.74E-03  1.74E-03  1.74E-03  1.74E-03  1.74E-03  0.00E+00
   0.00E+00  5.80E-05  5.80E-05  5.80E-05  5.80E-05  5.80E-05  5.80E-05  5.80E-05  1.74E-03  1.74E-03
   1.74E-03  1.74E-03  1.74E-03  1.74E-03  1.74E-03  1.74E-03  1.74E-03  1.74E-03  1.74E-03  0.00E+00
   0.00E+00  5.80E-05  5.80E-05  5.80E-05  5.80E-05  5.80E-05  5.80E-05  1.74E-03  1.74E-03  1.74E-03
   1.74E-03  1.74E-03  1.74E-03  1.74E-03  1.74E-03  1.74E-03  1.74E-03  1.74E-03  1.74E-03  0.00E+00
   0.00E+00  5.80E-05  5.80E-05  5.80E-05  5.80E-05  5.80E-05  5.80E-05  1.74E-03  1.74E-03  1.74E-03
   1.74E-03  1.74E-03  1.74E-03  1.74E-03  1.74E-03  1.74E-03  1.74E-03  1.74E-03  1.74E-03  0.00E+00
   0.00E+00  5.80E-05  5.80E-05  5.80E-05  5.80E-05  5.80E-05  1.74E-03  1.74E-03  1.74E-03  1.74E-03
   1.74E-03  1.74E-03  1.74E-03  1.74E-03  1.74E-03  1.74E-03  1.74E-03  1.74E-03  1.74E-03  0.00E+00
   0.00E+00  5.80E-05  5.80E-05  5.80E-05  5.80E-05  5.80E-05  1.74E-03  1.74E-03  1.74E-03  1.74E-03
   1.74E-03  1.74E-03  1.74E-03  1.74E-03  1.74E-03  1.74E-03  1.74E-03  1.74E-03  1.74E-03  0.00E+00
   0.00E+00  5.80E-05  5.80E-05  5.80E-05  5.80E-05  1.74E-03  1.74E-03  1.74E-03  1.74E-03  1.74E-03
   1.74E-03  1.74E-03  1.74E-03  1.74E-03  1.74E-03  1.74E-03  1.74E-03  1.74E-03  1.74E-03  0.00E+00
   0.00E+00  0.00E+00  0.00E+00  0.00E+00  0.00E+00  0.00E+00  0.00E+00  0.00E+00  0.00E+00  0.00E+00
   0.00E+00  0.00E+00  0.00E+00  0.00E+00  0.00E+00  0.00E+00  0.00E+00  0.00E+00  0.00E+00  0.00E+00
1AQUIFER THICKNESS (FT)
 
      .0   .0   .0   .0   .0   .0   .0   .0   .0   .0   .0   .0   .0   .0   .0   .0   .0   .0   .0   .0
      .0100.0100.0100.0100.0100.0100.0100.0100.0100.0100.0100.0100.0100.0100.0100.0100.0100.0100.0   .0
      .0100.0100.0100.0100.0100.0100.0100.0100.0100.0100.0100.0100.0100.0100.0100.0100.0100.0100.0   .0
      .0100.0100.0100.0100.0100.0100.0100.0100.0100.0100.0100.0100.0100.0100.0100.0100.0100.0100.0   .0
      .0100.0100.0100.0100.0100.0100.0100.0100.0100.0100.0100.0100.0100.0100.0100.0100.0100.0100.0   .0
      .0100.0100.0100.0100.0100.0100.0100.0100.0100.0100.0100.0100.0100.0100.0100.0100.0100.0100.0   .0
      .0100.0100.0100.0100.0100.0100.0100.0100.0100.0100.0100.0100.0100.0100.0100.0100.0100.0100.0   .0
      .0100.0100.0100.0100.0100.0100.0100.0100.0100.0100.0100.0100.0100.0100.0100.0100.0100.0100.0   .0
      .0100.0100.0100.0100.0100.0100.0100.0100.0100.0100.0100.0100.0100.0100.0100.0100.0100.0100.0   .0
      .0100.0100.0100.0100.0100.0100.0100.0100.0100.0100.0100.0100.0100.0100.0100.0100.0100.0100.0   .0
      .0100.0100.0100.0100.0100.0100.0100.0100.0100.0100.0100.0100.0100.0100.0100.0100.0100.0100.0   .0
      .0100.0100.0100.0100.0100.0100.0100.0100.0100.0100.0100.0100.0100.0100.0100.0100.0100.0100.0   .0
      .0100.0100.0100.0100.0100.0100.0100.0100.0100.0100.0100.0100.0100.0100.0100.0100.0100.0100.0   .0
      .0100.0100.0100.0100.0100.0100.0100.0100.0100.0100.0100.0100.0100.0100.0100.0100.0100.0100.0   .0
      .0100.0100.0100.0100.0100.0100.0100.0100.0100.0100.0100.0100.0100.0100.0100.0100.0100.0100.0   .0
      .0100.0100.0100.0100.0100.0100.0100.0100.0100.0100.0100.0100.0100.0100.0100.0100.0100.0100.0   .0
      .0100.0100.0100.0100.0100.0100.0100.0100.0100.0100.0100.0100.0100.0100.0100.0100.0100.0100.0   .0
      .0100.0100.0100.0100.0100.0100.0100.0100.0100.0100.0100.0100.0100.0100.0100.0100.0100.0100.0   .0
      .0100.0100.0100.0100.0100.0100.0100.0100.0100.0100.0100.0100.0100.0100.0100.0100.0100.0100.0   .0
      .0   .0   .0   .0   .0   .0   .0   .0   .0   .0   .0   .0   .0   .0   .0   .0   .0   .0   .0   .0
1DIFFUSE RECHARGE AND DISCHARGE (FT/SEC)
 
   0.00E+00  0.00E+00  0.00E+00  0.00E+00  0.00E+00  0.00E+00  0.00E+00  0.00E+00  0.00E+00  0.00E+00
   0.00E+00  0.00E+00  0.00E+00  0.00E+00  0.00E+00  0.00E+00  0.00E+00  0.00E+00  0.00E+00  0.00E+00
   0.00E+00  0.00E+00  0.00E+00  0.00E+00  0.00E+00  0.00E+00  0.00E+00  0.00E+00  0.00E+00  0.00E+00
   0.00E+00  0.00E+00  0.00E+00  0.00E+00  0.00E+00  0.00E+00  0.00E+00  0.00E+00  0.00E+00  0.00E+00
   0.00E+00  0.00E+00  0.00E+00  0.00E+00  0.00E+00  0.00E+00  0.00E+00  0.00E+00  0.00E+00  0.00E+00
   0.00E+00  0.00E+00  0.00E+00  0.00E+00  0.00E+00  0.00E+00  0.00E+00  0.00E+00  0.00E+00  0.00E+00
   0.00E+00  0.00E+00  0.00E+00  0.00E+00  0.00E+00  0.00E+00  0.00E+00  0.00E+00  0.00E+00  0.00E+00
   0.00E+00  0.00E+00  0.00E+00  0.00E+00  0.00E+00  0.00E+00  0.00E+00  0.00E+00  0.00E+00  0.00E+00
   0.00E+00  0.00E+00  0.00E+00  0.00E+00  0.00E+00  0.00E+00  0.00E+00  0.00E+00  0.00E+00  0.00E+00
   0.00E+00  0.00E+00  0.00E+00  0.00E+00  0.00E+00  0.00E+00  0.00E+00  0.00E+00  0.00E+00  0.00E+00
   0.00E+00  0.00E+00  0.00E+00  0.00E+00  0.00E+00  0.00E+00  0.00E+00  0.00E+00  0.00E+00  0.00E+00
   0.00E+00  0.00E+00  0.00E+00  0.00E+00  0.00E+00  0.00E+00  0.00E+00  0.00E+00  0.00E+00  0.00E+00
   0.00E+00  0.00E+00  0.00E+00  0.00E+00  0.00E+00  0.00E+00  0.00E+00  0.00E+00  0.00E+00  0.00E+00
   0.00E+00  0.00E+00  0.00E+00  0.00E+00  0.00E+00  0.00E+00  0.00E+00  0.00E+00  0.00E+00  0.00E+00
   0.00E+00  0.00E+00  0.00E+00  0.00E+00  0.00E+00  0.00E+00  0.00E+00  0.00E+00  0.00E+00  0.00E+00
   0.00E+00  0.00E+00  0.00E+00  0.00E+00  0.00E+00  0.00E+00  0.00E+00  0.00E+00  0.00E+00  0.00E+00
   0.00E+00  0.00E+00  0.00E+00  0.00E+00  0.00E+00  0.00E+00  0.00E+00  0.00E+00  0.00E+00  0.00E+00
   0.00E+00  0.00E+00  0.00E+00  0.00E+00  0.00E+00  0.00E+00  0.00E+00  0.00E+00  0.00E+00  0.00E+00
   0.00E+00  0.00E+00  0.00E+00  0.00E+00  0.00E+00  0.00E+00  0.00E+00  0.00E+00  0.00E+00  0.00E+00
   0.00E+00  0.00E+00  0.00E+00  0.00E+00  0.00E+00  0.00E+00  0.00E+00  0.00E+00  0.00E+00  0.00E+00
   0.00E+00  0.00E+00  0.00E+00  0.00E+00  0.00E+00  0.00E+00  0.00E+00  0.00E+00  0.00E+00  0.00E+00
   0.00E+00  0.00E+00  0.00E+00  0.00E+00  0.00E+00  0.00E+00  0.00E+00  0.00E+00  0.00E+00  0.00E+00
   0.00E+00  0.00E+00  0.00E+00  0.00E+00  0.00E+00  0.00E+00  0.00E+00  0.00E+00  0.00E+00  0.00E+00
   0.00E+00  0.00E+00  0.00E+00  0.00E+00  0.00E+00  0.00E+00  0.00E+00  0.00E+00  0.00E+00  0.00E+00
   0.00E+00  0.00E+00  0.00E+00  0.00E+00  0.00E+00  0.00E+00  0.00E+00  0.00E+00  0.00E+00  0.00E+00
   0.00E+00  0.00E+00  0.00E+00  0.00E+00  0.00E+00  0.00E+00  0.00E+00  0.00E+00  0.00E+00  0.00E+00
   0.00E+00  0.00E+00  0.00E+00  0.00E+00  0.00E+00  0.00E+00  0.00E+00  0.00E+00  0.00E+00  0.00E+00
   0.00E+00  0.00E+00  0.00E+00  0.00E+00  0.00E+00  0.00E+00  0.00E+00  0.00E+00  0.00E+00  0.00E+00
   0.00E+00  0.00E+00  0.00E+00  0.00E+00  0.00E+00  0.00E+00  0.00E+00  0.00E+00  0.00E+00  0.00E+00
   0.00E+00  0.00E+00  0.00E+00  0.00E+00  0.00E+00  0.00E+00  0.00E+00  0.00E+00  0.00E+00  0.00E+00
   0.00E+00  0.00E+00  0.00E+00  0.00E+00  0.00E+00  0.00E+00  0.00E+00  0.00E+00  0.00E+00  0.00E+00
   0.00E+00  0.00E+00  0.00E+00  0.00E+00  0.00E+00  0.00E+00  0.00E+00  0.00E+00  0.00E+00  0.00E+00
   0.00E+00  0.00E+00  0.00E+00  0.00E+00  0.00E+00  0.00E+00  0.00E+00  0.00E+00  0.00E+00  0.00E+00
   0.00E+00  0.00E+00  0.00E+00  0.00E+00  0.00E+00  0.00E+00  0.00E+00  0.00E+00  0.00E+00  0.00E+00
   0.00E+00  0.00E+00  0.00E+00  0.00E+00  0.00E+00  0.00E+00  0.00E+00  0.00E+00  0.00E+00  0.00E+00
   0.00E+00  0.00E+00  0.00E+00  0.00E+00  0.00E+00  0.00E+00  0.00E+00  0.00E+00  0.00E+00  0.00E+00
   0.00E+00  0.00E+00  0.00E+00  0.00E+00  0.00E+00  0.00E+00  0.00E+00  0.00E+00  0.00E+00  0.00E+00
   0.00E+00  0.00E+00  0.00E+00  0.00E+00  0.00E+00  0.00E+00  0.00E+00  0.00E+00  0.00E+00  0.00E+00
   0.00E+00  0.00E+00  0.00E+00  0.00E+00  0.00E+00  0.00E+00  0.00E+00  0.00E+00  0.00E+00  0.00E+00
   0.00E+00  0.00E+00  0.00E+00  0.00E+00  0.00E+00  0.00E+00  0.00E+00  0.00E+00  0.00E+00  0.00E+00
1PERMEABILTY MAP (FT/SEC)
 
   0.00E+00  0.00E+00  0.00E+00  0.00E+00  0.00E+00  0.00E+00  0.00E+00  0.00E+00  0.00E+00  0.00E+00
   0.00E+00  0.00E+00  0.00E+00  0.00E+00  0.00E+00  0.00E+00  0.00E+00  0.00E+00  0.00E+00  0.00E+00
   0.00E+00  5.80E-07  5.80E-07  5.80E-07  5.80E-07  5.80E-07  5.80E-07  5.80E-07  5.80E-07  5.80E-07
   5.80E-07  5.80E-07  5.80E-07  5.80E-07  1.74E-05  1.74E-05  1.74E-05  1.74E-05  1.74E-05  0.00E+00
   0.00E+00  5.80E-07  5.80E-07  5.80E-07  5.80E-07  5.80E-07  5.80E-07  5.80E-07  5.80E-07  5.80E-07
   5.80E-07  5.80E-07  5.80E-07  1.74E-05  1.74E-05  1.74E-05  1.74E-05  1.74E-05  1.74E-05  0.00E+00
   0.00E+00  5.80E-07  5.80E-07  5.80E-07  5.80E-07  5.80E-07  5.80E-07  5.80E-07  5.80E-07  5.80E-07
   5.80E-07  5.80E-07  5.80E-07  1.74E-05  1.74E-05  1.74E-05  1.74E-05  1.74E-05  1.74E-05  0.00E+00
   0.00E+00  5.80E-07  5.80E-07  5.80E-07  5.80E-07  5.80E-07  5.80E-07  5.80E-07  5.80E-07  5.80E-07
   5.80E-07  5.80E-07  1.74E-05  1.74E-05  1.74E-05  1.74E-05  1.74E-05  1.74E-05  1.74E-05  0.00E+00
   0.00E+00  5.80E-07  5.80E-07  5.80E-07  5.80E-07  5.80E-07  5.80E-07  5.80E-07  5.80E-07  5.80E-07
   5.80E-07  5.80E-07  1.74E-05  1.74E-05  1.74E-05  1.74E-05  1.74E-05  1.74E-05  1.74E-05  0.00E+00
   0.00E+00  5.80E-07  5.80E-07  5.80E-07  5.80E-07  5.80E-07  5.80E-07  5.80E-07  5.80E-07  5.80E-07
   5.80E-07  1.74E-05  1.74E-05  1.74E-05  1.74E-05  1.74E-05  1.74E-05  1.74E-05  1.74E-05  0.00E+00
   0.00E+00  5.80E-07  5.80E-07  5.80E-07  5.80E-07  5.80E-07  5.80E-07  5.80E-07  5.80E-07  5.80E-07
   5.80E-07  1.74E-05  1.74E-05  1.74E-05  1.74E-05  1.74E-05  1.74E-05  1.74E-05  1.74E-05  0.00E+00
   0.00E+00  5.80E-07  5.80E-07  5.80E-07  5.80E-07  5.80E-07  5.80E-07  5.80E-07  5.80E-07  5.80E-07
   1.74E-05  1.74E-05  1.74E-05  1.74E-05  1.74E-05  1.74E-05  1.74E-05  1.74E-05  1.74E-05  0.00E+00
   0.00E+00  5.80E-07  5.80E-07  5.80E-07  5.80E-07  5.80E-07  5.80E-07  5.80E-07  5.80E-07  5.80E-07
   1.74E-05  1.74E-05  1.74E-05  1.74E-05  1.74E-05  1.74E-05  1.74E-05  1.74E-05  1.74E-05  0.00E+00
   0.00E+00  5.80E-07  5.80E-07  5.80E-07  5.80E-07  5.80E-07  5.80E-07  5.80E-07  5.80E-07  1.74E-05
   1.74E-05  1.74E-05  1.74E-05  1.74E-05  1.74E-05  1.74E-05  1.74E-05  1.74E-05  1.74E-05  0.00E+00
   0.00E+00  5.80E-07  5.80E-07  5.80E-07  5.80E-07  5.80E-07  5.80E-07  5.80E-07  5.80E-07  1.74E-05
   1.74E-05  1.74E-05  1.74E-05  1.74E-05  1.74E-05  1.74E-05  1.74E-05  1.74E-05  1.74E-05  0.00E+00
   0.00E+00  5.80E-07  5.80E-07  5.80E-07  5.80E-07  5.80E-07  5.80E-07  5.80E-07  1.74E-05  1.74E-05
   1.74E-05  1.74E-05  1.74E-05  1.74E-05  1.74E-05  1.74E-05  1.74E-05  1.74E-05  1.74E-05  0.00E+00
   0.00E+00  5.80E-07  5.80E-07  5.80E-07  5.80E-07  5.80E-07  5.80E-07  5.80E-07  1.74E-05  1.74E-05
   1.74E-05  1.74E-05  1.74E-05  1.74E-05  1.74E-05  1.74E-05  1.74E-05  1.74E-05  1.74E-05  0.00E+00
   0.00E+00  5.80E-07  5.80E-07  5.80E-07  5.80E-07  5.80E-07  5.80E-07  1.74E-05  1.74E-05  1.74E-05
   1.74E-05  1.74E-05  1.74E-05  1.74E-05  1.74E-05  1.74E-05  1.74E-05  1.74E-05  1.74E-05  0.00E+00
   0.00E+00  5.80E-07  5.80E-07  5.80E-07  5.80E-07  5.80E-07  5.80E-07  1.74E-05  1.74E-05  1.74E-05
   1.74E-05  1.74E-05  1.74E-05  1.74E-05  1.74E-05  1.74E-05  1.74E-05  1.74E-05  1.74E-05  0.00E+00
   0.00E+00  5.80E-07  5.80E-07  5.80E-07  5.80E-07  5.80E-07  1.74E-05  1.74E-05  1.74E-05  1.74E-05
   1.74E-05  1.74E-05  1.74E-05  1.74E-05  1.74E-05  1.74E-05  1.74E-05  1.74E-05  1.74E-05  0.00E+00
   0.00E+00  5.80E-07  5.80E-07  5.80E-07  5.80E-07  5.80E-07  1.74E-05  1.74E-05  1.74E-05  1.74E-05
   1.74E-05  1.74E-05  1.74E-05  1.74E-05  1.74E-05  1.74E-05  1.74E-05  1.74E-05  1.74E-05  0.00E+00
   0.00E+00  5.80E-07  5.80E-07  5.80E-07  5.80E-07  1.74E-05  1.74E-05  1.74E-05  1.74E-05  1.74E-05
   1.74E-05  1.74E-05  1.74E-05  1.74E-05  1.74E-05  1.74E-05  1.74E-05  1.74E-05  1.74E-05  0.00E+00
   0.00E+00  0.00E+00  0.00E+00  0.00E+00  0.00E+00  0.00E+00  0.00E+00  0.00E+00  0.00E+00  0.00E+00
   0.00E+00  0.00E+00  0.00E+00  0.00E+00  0.00E+00  0.00E+00  0.00E+00  0.00E+00  0.00E+00  0.00E+00
0          NO. OF FINITE-DIFFERENCE CELLS IN AQUIFER =  324

          AREA OF AQUIFER IN MODEL  =   8100.0       SQ. FT.



          NZCRIT   (MAX. NO. OF CELLS THAT CAN BE VOID OF
                    PARTICLES;  IF EXCEEDED, PARTICLES ARE REGENERATED)   =    6

1NODE IDENTIFICATION MAP


   0  0  0  0  0  0  0  0  0  0  0  0  0  0  0  0  0  0  0  0
   0  1  1  1  1  1  1  1  1  1  1  1  1  1  1  1  1  1  1  0
   0  0  0  0  0  0  0  0  0  0  0  0  0  0  0  0  0  0  0  0
   0  0  0  0  0  0  0  0  0  0  0  0  0  0  0  0  0  0  0  0
   0  0  0  0  0  0  0  0  0  0  0  0  0  0  0  0  0  0  0  0
   0  0  0  0  0  0  0  0  0  0  0  0  0  0  0  0  0  0  0  0
   0  0  0  0  0  0  0  0  0  0  0  0  0  0  0  0  0  0  0  0
   0  0  0  0  0  0  0  0  0  0  0  0  0  0  0  0  0  0  0  0
   0  0  0  0  0  0  0  0  0  0  0  0  0  0  0  0  0  0  0  0
   0  0  0  0  0  0  0  0  0  0  0  0  0  0  0  0  0  0  0  0
   0  0  0  0  0  0  0  0  0  0  0  0  0  0  0  0  0  0  0  0
   0  0  0  0  0  0  0  0  0  0  0  0  0  0  0  0  0  0  0  0
   0  0  0  0  0  0  0  0  0  0  0  0  0  0  0  0  0  0  0  0
   0  0  0  0  0  0  0  0  0  0  0  0  0  0  0  0  0  0  0  0
   0  0  0  0  0  0  0  0  0  0  0  0  0  0  0  0  0  0  0  0
   0  0  0  0  0  0  0  0  0  0  0  0  0  0  0  0  0  0  0  0
   0  0  0  0  0  0  0  0  0  0  0  0  0  0  0  0  0  0  0  0
   0  0  0  0  0  0  0  0  0  0  0  0  0  0  0  0  0  0  0  0
   0  2  2  2  2  2  2  2  2  2  2  2  2  2  2  2  2  2  2  0
   0  0  0  0  0  0  0  0  0  0  0  0  0  0  0  0  0  0  0  0
0     NO. OF NODE IDENT. CODES SPECIFIED =  2
0          THE FOLLOWING ASSIGNMENTS HAVE BEEN MADE:
     CODE NO.     LEAKANCE     SOURCE CONC.     RECHARGE
0        1         .100E+01           .00
0        2         .100E+01           .00
1VERTICAL PERMEABILITY/THICKNESS (FT/(FT*SEC))
 
   0.00E+00  0.00E+00  0.00E+00  0.00E+00  0.00E+00  0.00E+00  0.00E+00  0.00E+00  0.00E+00  0.00E+00
   0.00E+00  0.00E+00  0.00E+00  0.00E+00  0.00E+00  0.00E+00  0.00E+00  0.00E+00  0.00E+00  0.00E+00
   0.00E+00  1.00E+00  1.00E+00  1.00E+00  1.00E+00  1.00E+00  1.00E+00  1.00E+00  1.00E+00  1.00E+00
   1.00E+00  1.00E+00  1.00E+00  1.00E+00  1.00E+00  1.00E+00  1.00E+00  1.00E+00  1.00E+00  0.00E+00
   0.00E+00  0.00E+00  0.00E+00  0.00E+00  0.00E+00  0.00E+00  0.00E+00  0.00E+00  0.00E+00  0.00E+00
   0.00E+00  0.00E+00  0.00E+00  0.00E+00  0.00E+00  0.00E+00  0.00E+00  0.00E+00  0.00E+00  0.00E+00
   0.00E+00  0.00E+00  0.00E+00  0.00E+00  0.00E+00  0.00E+00  0.00E+00  0.00E+00  0.00E+00  0.00E+00
   0.00E+00  0.00E+00  0.00E+00  0.00E+00  0.00E+00  0.00E+00  0.00E+00  0.00E+00  0.00E+00  0.00E+00
   0.00E+00  0.00E+00  0.00E+00  0.00E+00  0.00E+00  0.00E+00  0.00E+00  0.00E+00  0.00E+00  0.00E+00
   0.00E+00  0.00E+00  0.00E+00  0.00E+00  0.00E+00  0.00E+00  0.00E+00  0.00E+00  0.00E+00  0.00E+00
   0.00E+00  0.00E+00  0.00E+00  0.00E+00  0.00E+00  0.00E+00  0.00E+00  0.00E+00  0.00E+00  0.00E+00
   0.00E+00  0.00E+00  0.00E+00  0.00E+00  0.00E+00  0.00E+00  0.00E+00  0.00E+00  0.00E+00  0.00E+00
   0.00E+00  0.00E+00  0.00E+00  0.00E+00  0.00E+00  0.00E+00  0.00E+00  0.00E+00  0.00E+00  0.00E+00
   0.00E+00  0.00E+00  0.00E+00  0.00E+00  0.00E+00  0.00E+00  0.00E+00  0.00E+00  0.00E+00  0.00E+00
   0.00E+00  0.00E+00  0.00E+00  0.00E+00  0.00E+00  0.00E+00  0.00E+00  0.00E+00  0.00E+00  0.00E+00
   0.00E+00  0.00E+00  0.00E+00  0.00E+00  0.00E+00  0.00E+00  0.00E+00  0.00E+00  0.00E+00  0.00E+00
   0.00E+00  0.00E+00  0.00E+00  0.00E+00  0.00E+00  0.00E+00  0.00E+00  0.00E+00  0.00E+00  0.00E+00
   0.00E+00  0.00E+00  0.00E+00  0.00E+00  0.00E+00  0.00E+00  0.00E+00  0.00E+00  0.00E+00  0.00E+00
   0.00E+00  0.00E+00  0.00E+00  0.00E+00  0.00E+00  0.00E+00  0.00E+00  0.00E+00  0.00E+00  0.00E+00
   0.00E+00  0.00E+00  0.00E+00  0.00E+00  0.00E+00  0.00E+00  0.00E+00  0.00E+00  0.00E+00  0.00E+00
   0.00E+00  0.00E+00  0.00E+00  0.00E+00  0.00E+00  0.00E+00  0.00E+00  0.00E+00  0.00E+00  0.00E+00
   0.00E+00  0.00E+00  0.00E+00  0.00E+00  0.00E+00  0.00E+00  0.00E+00  0.00E+00  0.00E+00  0.00E+00
   0.00E+00  0.00E+00  0.00E+00  0.00E+00  0.00E+00  0.00E+00  0.00E+00  0.00E+00  0.00E+00  0.00E+00
   0.00E+00  0.00E+00  0.00E+00  0.00E+00  0.00E+00  0.00E+00  0.00E+00  0.00E+00  0.00E+00  0.00E+00
   0.00E+00  0.00E+00  0.00E+00  0.00E+00  0.00E+00  0.00E+00  0.00E+00  0.00E+00  0.00E+00  0.00E+00
   0.00E+00  0.00E+00  0.00E+00  0.00E+00  0.00E+00  0.00E+00  0.00E+00  0.00E+00  0.00E+00  0.00E+00
   0.00E+00  0.00E+00  0.00E+00  0.00E+00  0.00E+00  0.00E+00  0.00E+00  0.00E+00  0.00E+00  0.00E+00
   0.00E+00  0.00E+00  0.00E+00  0.00E+00  0.00E+00  0.00E+00  0.00E+00  0.00E+00  0.00E+00  0.00E+00
   0.00E+00  0.00E+00  0.00E+00  0.00E+00  0.00E+00  0.00E+00  0.00E+00  0.00E+00  0.00E+00  0.00E+00
   0.00E+00  0.00E+00  0.00E+00  0.00E+00  0.00E+00  0.00E+00  0.00E+00  0.00E+00  0.00E+00  0.00E+00
   0.00E+00  0.00E+00  0.00E+00  0.00E+00  0.00E+00  0.00E+00  0.00E+00  0.00E+00  0.00E+00  0.00E+00
   0.00E+00  0.00E+00  0.00E+00  0.00E+00  0.00E+00  0.00E+00  0.00E+00  0.00E+00  0.00E+00  0.00E+00
   0.00E+00  0.00E+00  0.00E+00  0.00E+00  0.00E+00  0.00E+00  0.00E+00  0.00E+00  0.00E+00  0.00E+00
   0.00E+00  0.00E+00  0.00E+00  0.00E+00  0.00E+00  0.00E+00  0.00E+00  0.00E+00  0.00E+00  0.00E+00
   0.00E+00  0.00E+00  0.00E+00  0.00E+00  0.00E+00  0.00E+00  0.00E+00  0.00E+00  0.00E+00  0.00E+00
   0.00E+00  0.00E+00  0.00E+00  0.00E+00  0.00E+00  0.00E+00  0.00E+00  0.00E+00  0.00E+00  0.00E+00
   0.00E+00  1.00E+00  1.00E+00  1.00E+00  1.00E+00  1.00E+00  1.00E+00  1.00E+00  1.00E+00  1.00E+00
   1.00E+00  1.00E+00  1.00E+00  1.00E+00  1.00E+00  1.00E+00  1.00E+00  1.00E+00  1.00E+00  0.00E+00
   0.00E+00  0.00E+00  0.00E+00  0.00E+00  0.00E+00  0.00E+00  0.00E+00  0.00E+00  0.00E+00  0.00E+00
   0.00E+00  0.00E+00  0.00E+00  0.00E+00  0.00E+00  0.00E+00  0.00E+00  0.00E+00  0.00E+00  0.00E+00
1WATER TABLE
 
    0.   0.   0.   0.   0.   0.   0.   0.   0.   0.   0.   0.   0.   0.   0.   0.   0.   0.   0.   0.
    0.  12.  12.  12.  12.  12.  12.  12.  12.  12.  12.  12.  12.  12.  12.  12.  12.  12.  12.   0.
    0.   0.   0.   0.   0.   0.   0.   0.   0.   0.   0.   0.   0.   0.   0.   0.   0.   0.   0.   0.
    0.   0.   0.   0.   0.   0.   0.   0.   0.   0.   0.   0.   0.   0.   0.   0.   0.   0.   0.   0.
    0.   0.   0.   0.   0.   0.   0.   0.   0.   0.   0.   0.   0.   0.   0.   0.   0.   0.   0.   0.
    0.   0.   0.   0.   0.   0.   0.   0.   0.   0.   0.   0.   0.   0.   0.   0.   0.   0.   0.   0.
    0.   0.   0.   0.   0.   0.   0.   0.   0.   0.   0.   0.   0.   0.   0.   0.   0.   0.   0.   0.
    0.   0.   0.   0.   0.   0.   0.   0.   0.   0.   0.   0.   0.   0.   0.   0.   0.   0.   0.   0.
    0.   0.   0.   0.   0.   0.   0.   0.   0.   0.   0.   0.   0.   0.   0.   0.   0.   0.   0.   0.
    0.   0.   0.   0.   0.   0.   0.   0.   0.   0.   0.   0.   0.   0.   0.   0.   0.   0.   0.   0.
    0.   0.   0.   0.   0.   0.   0.   0.   0.   0.   0.   0.   0.   0.   0.   0.   0.   0.   0.   0.
    0.   0.   0.   0.   0.   0.   0.   0.   0.   0.   0.   0.   0.   0.   0.   0.   0.   0.   0.   0.
    0.   0.   0.   0.   0.   0.   0.   0.   0.   0.   0.   0.   0.   0.   0.   0.   0.   0.   0.   0.
    0.   0.   0.   0.   0.   0.   0.   0.   0.   0.   0.   0.   0.   0.   0.   0.   0.   0.   0.   0.
    0.   0.   0.   0.   0.   0.   0.   0.   0.   0.   0.   0.   0.   0.   0.   0.   0.   0.   0.   0.
    0.   0.   0.   0.   0.   0.   0.   0.   0.   0.   0.   0.   0.   0.   0.   0.   0.   0.   0.   0.
    0.   0.   0.   0.   0.   0.   0.   0.   0.   0.   0.   0.   0.   0.   0.   0.   0.   0.   0.   0.
    0.   0.   0.   0.   0.   0.   0.   0.   0.   0.   0.   0.   0.   0.   0.   0.   0.   0.   0.   0.
    0.  10.  10.  10.  10.  10.  10.  10.  10.  10.  10.  10.  10.  10.  10.  10.  10.  10.  10.   0.
    0.   0.   0.   0.   0.   0.   0.   0.   0.   0.   0.   0.   0.   0.   0.   0.   0.   0.   0.   0.
1HEAD DISTRIBUTION - ROW
 NUMBER OF TIME STEPS =     0
        TIME(SECONDS) =   .00000    
        TIME(DAYS)    =   .00000E+00
        TIME(YEARS)   =   .00000E+00
 
0    .0000000    .0000000    .0000000    .0000000    .0000000    .0000000    .0000000    .0000000    .0000000    .0000000
0    .0000000    .0000000    .0000000    .0000000    .0000000    .0000000    .0000000    .0000000    .0000000    .0000000
0    .0000000  12.0000000  12.0000000  12.0000000  12.0000000  12.0000000  12.0000000  12.0000000  12.0000000  12.0000000
0  12.0000000  12.0000000  12.0000000  12.0000000  12.0000000  12.0000000  12.0000000  12.0000000  12.0000000    .0000000
0    .0000000    .0000000    .0000000    .0000000    .0000000    .0000000    .0000000    .0000000    .0000000    .0000000
0    .0000000    .0000000    .0000000    .0000000    .0000000    .0000000    .0000000    .0000000    .0000000    .0000000
0    .0000000    .0000000    .0000000    .0000000    .0000000    .0000000    .0000000    .0000000    .0000000    .0000000
0    .0000000    .0000000    .0000000    .0000000    .0000000    .0000000    .0000000    .0000000    .0000000    .0000000
0    .0000000    .0000000    .0000000    .0000000    .0000000    .0000000    .0000000    .0000000    .0000000    .0000000
0    .0000000    .0000000    .0000000    .0000000    .0000000    .0000000    .0000000    .0000000    .0000000    .0000000
0    .0000000    .0000000    .0000000    .0000000    .0000000    .0000000    .0000000    .0000000    .0000000    .0000000
0    .0000000    .0000000    .0000000    .0000000    .0000000    .0000000    .0000000    .0000000    .0000000    .0000000
0    .0000000    .0000000    .0000000    .0000000    .0000000    .0000000    .0000000    .0000000    .0000000    .0000000
0    .0000000    .0000000    .0000000    .0000000    .0000000    .0000000    .0000000    .0000000    .0000000    .0000000
0    .0000000    .0000000    .0000000    .0000000    .0000000    .0000000    .0000000    .0000000    .0000000    .0000000
0    .0000000    .0000000    .0000000    .0000000    .0000000    .0000000    .0000000    .0000000    .0000000    .0000000
0    .0000000    .0000000    .0000000    .0000000    .0000000    .0000000    .0000000    .0000000    .0000000    .0000000
0    .0000000    .0000000    .0000000    .0000000    .0000000    .0000000    .0000000    .0000000    .0000000    .0000000
0    .0000000    .0000000    .0000000    .0000000    .0000000    .0000000    .0000000    .0000000    .0000000    .0000000
0    .0000000    .0000000    .0000000    .0000000    .0000000    .0000000    .0000000    .0000000    .0000000    .0000000
0    .0000000    .0000000    .0000000    .0000000    .0000000    .0000000    .0000000    .0000000    .0000000    .0000000
0    .0000000    .0000000    .0000000    .0000000    .0000000    .0000000    .0000000    .0000000    .0000000    .0000000
0    .0000000    .0000000    .0000000    .0000000    .0000000    .0000000    .0000000    .0000000    .0000000    .0000000
0    .0000000    .0000000    .0000000    .0000000    .0000000    .0000000    .0000000    .0000000    .0000000    .0000000
0    .0000000    .0000000    .0000000    .0000000    .0000000    .0000000    .0000000    .0000000    .0000000    .0000000
0    .0000000    .0000000    .0000000    .0000000    .0000000    .0000000    .0000000    .0000000    .0000000    .0000000
0    .0000000    .0000000    .0000000    .0000000    .0000000    .0000000    .0000000    .0000000    .0000000    .0000000
0    .0000000    .0000000    .0000000    .0000000    .0000000    .0000000    .0000000    .0000000    .0000000    .0000000
0    .0000000    .0000000    .0000000    .0000000    .0000000    .0000000    .0000000    .0000000    .0000000    .0000000
0    .0000000    .0000000    .0000000    .0000000    .0000000    .0000000    .0000000    .0000000    .0000000    .0000000
0    .0000000    .0000000    .0000000    .0000000    .0000000    .0000000    .0000000    .0000000    .0000000    .0000000
0    .0000000    .0000000    .0000000    .0000000    .0000000    .0000000    .0000000    .0000000    .0000000    .0000000
0    .0000000    .0000000    .0000000    .0000000    .0000000    .0000000    .0000000    .0000000    .0000000    .0000000
0    .0000000    .0000000    .0000000    .0000000    .0000000    .0000000    .0000000    .0000000    .0000000    .0000000
0    .0000000    .0000000    .0000000    .0000000    .0000000    .0000000    .0000000    .0000000    .0000000    .0000000
0    .0000000    .0000000    .0000000    .0000000    .0000000    .0000000    .0000000    .0000000    .0000000    .0000000
0    .0000000  10.0000000  10.0000000  10.0000000  10.0000000  10.0000000  10.0000000  10.0000000  10.0000000  10.0000000
0  10.0000000  10.0000000  10.0000000  10.0000000  10.0000000  10.0000000  10.0000000  10.0000000  10.0000000    .0000000
0    .0000000    .0000000    .0000000    .0000000    .0000000    .0000000    .0000000    .0000000    .0000000    .0000000
0    .0000000    .0000000    .0000000    .0000000    .0000000    .0000000    .0000000    .0000000    .0000000    .0000000
1ITERATION PARAMETERS
            .420272E-02
            .104618E-01
            .260427E-01
            .648284E-01
            .161378    
            .401718    
            1.00000    
1CONCENTRATION

 NUMBER OF TIME STEPS =     0
        TIME(SECONDS) =   .00000    
   CHEM.TIME(SECONDS) =   .00000E+00
   CHEM.TIME(DAYS)    =   .00000E+00
        TIME(YEARS)   =   .00000E+00
   CHEM.TIME(YEARS)   =   .00000E+00
  NO. MOVES COMPLETED =     0
 
0    0    0    0    0    0    0    0    0    0    0    0    0    0    0    0    0    0    0    0    0
0    0    0    0    0    0    0    0    0    0    0    0    0    0    0    0    0    0    0    0    0
0    0    0    0    0    0    0    0    0    0    0    0    0    0    0    0    0    0    0    0    0
0    0    0    0    0    0    0    0    0    0    0    0    0    0    0    0    0    0    0    0    0
0    0    0    0    0    0    0    0    0    0 1000    0    0    0    0    0    0    0    0    0    0
0    0    0    0    0    0    0    0    0    0    0    0    0    0    0    0    0    0    0    0    0
0    0    0    0    0    0    0    0    0    0    0    0    0    0    0    0    0    0    0    0    0
0    0    0    0    0    0    0    0    0    0    0    0    0    0    0    0    0    0    0    0    0
0    0    0    0    0    0    0    0    0    0    0    0    0    0    0    0    0    0    0    0    0
0    0    0    0    0    0    0    0    0    0    0    0    0    0    0    0    0    0    0    0    0
0    0    0    0    0    0    0    0    0    0    0    0    0    0    0    0    0    0    0    0    0
0    0    0    0    0    0    0    0    0    0    0    0    0    0    0    0    0    0    0    0    0
0    0    0    0    0    0    0    0    0    0    0    0    0    0    0    0    0    0    0    0    0
0    0    0    0    0    0    0    0    0    0    0    0    0    0    0    0    0    0    0    0    0
0    0    0    0    0    0    0    0    0    0    0    0    0    0    0    0    0    0    0    0    0
0    0    0    0    0    0    0    0    0    0    0    0    0    0    0    0    0    0    0    0    0
0    0    0    0    0    0    0    0    0    0    0    0    0    0    0    0    0    0    0    0    0
0    0    0    0    0    0    0    0    0    0    0    0    0    0    0    0    0    0    0    0    0
0    0    0    0    0    0    0    0    0    0    0    0    0    0    0    0    0    0    0    0    0
0    0    0    0    0    0    0    0    0    0    0    0    0    0    0    0    0    0    0    0    0
0

   N =    1
   NUMBER OF ITERATIONS =   21
1HEAD DISTRIBUTION - ROW
 NUMBER OF TIME STEPS =     1
        TIME(SECONDS) =   .63115E+08
        TIME(DAYS)    =   .73050E+03
        TIME(YEARS)   =   .20000E+01
 
0    .0000000    .0000000    .0000000    .0000000    .0000000    .0000000    .0000000    .0000000    .0000000    .0000000
0    .0000000    .0000000    .0000000    .0000000    .0000000    .0000000    .0000000    .0000000    .0000000    .0000000
0    .0000000  11.9999997  11.9999997  11.9999997  11.9999996  11.9999996  11.9999996  11.9999996  11.9999996  11.9999996
0  11.9999995  11.9999995  11.9999994  11.9999986  11.9999847  11.9999871  11.9999883  11.9999888  11.9999891    .0000000
0    .0000000  11.8530681  11.8522218  11.8505058  11.8478612  11.8441873  11.8393187  11.8329836  11.8247357  11.8137729
0  11.7985935  11.7756409  11.7349286  11.6872392  11.7796980  11.8153475  11.8315740  11.8395333  11.8429066    .0000000
0    .0000000  11.7069871  11.7053319  11.7019630  11.6967729  11.6895852  11.6801071  11.6678735  11.6521623  11.6317960
0  11.6050082  11.5689860  11.5215047  11.5715341  11.6162080  11.6501370  11.6714483  11.6836551  11.6891854    .0000000
0    .0000000  11.5625310  11.5601098  11.5551914  11.5476367  11.5372198  11.5235764  11.5061494  11.4841196  11.4562234
0  11.4206499  11.3735223  11.3365724  11.4143417  11.4633341  11.4974886  11.5203871  11.5343616  11.5409346    .0000000
0    .0000000  11.4204506  11.4173251  11.4109951  11.4013067  11.3880139  11.3707339  11.3489078  11.3217691  11.2882935
0  11.2477933  11.2018986  11.2443817  11.2857136  11.3250900  11.3560314  11.3782004  11.3923459  11.3991730    .0000000
0    .0000000  11.2814595  11.2777104  11.2701257  11.2585519  11.2427510  11.2223611  11.1968692  11.1655736  11.1273941
0  11.0803706  11.0466689  11.1135157  11.1588426  11.1950604  11.2233143  11.2440193  11.2575392  11.2641583    .0000000
0    .0000000  11.1461670  11.1418658  11.1331771  11.1199591  11.1019970  11.0789767  11.0504777  11.0160149  10.9753362
0  10.9311188  10.9674708  11.0040580  11.0409689  11.0727439  11.0980876  11.1169769  11.1294900  11.1356682    .0000000
0    .0000000  11.0151074  11.0103219  11.0006718  10.9860293  10.9662068  10.9409411  10.9098637  10.8723750  10.8267763
0  10.7949107  10.8536814  10.8942704  10.9281657  10.9565773  10.9792379  10.9962494  11.0076090  11.0132457    .0000000
0    .0000000  10.8887702  10.8835688  10.8730887  10.8572126  10.8357811  10.8085997  10.7754764  10.7365422  10.6943875
0  10.7252449  10.7578665  10.7911314  10.8207644  10.8458781  10.8659779  10.8811342  10.8913004  10.8963569    .0000000
0    .0000000  10.7675702  10.7620141  10.7508206  10.7338713  10.7110153  10.6820693  10.6466990  10.6036036  10.5732689
0  10.6249928  10.6610767  10.6915053  10.7177758  10.7399081  10.7576038  10.7709687  10.7799540  10.7844277    .0000000
0    .0000000  10.6518620  10.6460163  10.6342274  10.6163560  10.5922499  10.5618392  10.5254569  10.4858893  10.5117763
0  10.5402326  10.5695908  10.5959289  10.6188317  10.6381155  10.6535156  10.6651503  10.6729807  10.6768805    .0000000
0    .0000000  10.5419379  10.5358901  10.5236509  10.5050087  10.4797146  10.4474807  10.4072437  10.3785512  10.4234019
0  10.4544520  10.4808420  10.5037240  10.5234454  10.5399882  10.5531686  10.5631189  10.5698160  10.5731484    .0000000
0    .0000000  10.4379957  10.4318729  10.4194023  10.4002333  10.3740341  10.3410216  10.3041244  10.3247988  10.3487269
0  10.3732382  10.3953586  10.4146228  10.4311751  10.4450158  10.4560149  10.4643077  10.4698870  10.4726620    .0000000
0    .0000000  10.3401308  10.3341447  10.3218015  10.3024269  10.2751037  10.2383892  10.2110130  10.2483511  10.2734122
0  10.2943572  10.3125450  10.3282012  10.3415740  10.3527145  10.3615436  10.3681903  10.3726613  10.3748859    .0000000
0    .0000000  10.2482220  10.2427507  10.2312289  10.2125591  10.1855596  10.1520260  10.1658799  10.1841204  10.2022172
0  10.2182285  10.2321490  10.2440684  10.2542007  10.2626128  10.2692628  10.2742617  10.2776203  10.2792865    .0000000
0    .0000000  10.1617407  10.1573540  10.1477709  10.1309874  10.1025107  10.0762080  10.1033426  10.1199778  10.1330945
0  10.1441600  10.1536367  10.1616918  10.1685079  10.1741502  10.1786011  10.1819425  10.1841847  10.1852950    .0000000
0    .0000000  10.0796149  10.0771069  10.0714787  10.0610697  10.0418545  10.0424730  10.0512739  10.0593085  10.0660045
0  10.0716478  10.0764524  10.0805176  10.0839469  10.0867798  10.0890112  10.0906848  10.0918101  10.0923715    .0000000
0    .0000000  10.0000002  10.0000002  10.0000002  10.0000001  10.0000002  10.0000030  10.0000036  10.0000041  10.0000046
0  10.0000050  10.0000053  10.0000056  10.0000058  10.0000060  10.0000062  10.0000063  10.0000064  10.0000064    .0000000
0    .0000000    .0000000    .0000000    .0000000    .0000000    .0000000    .0000000    .0000000    .0000000    .0000000
0    .0000000    .0000000    .0000000    .0000000    .0000000    .0000000    .0000000    .0000000    .0000000    .0000000
1HEAD DISTRIBUTION - ROW
 NUMBER OF TIME STEPS =     1
        TIME(SECONDS) =   .63115E+08
        TIME(DAYS)    =   .73050E+03
        TIME(YEARS)   =   .20000E+01
 
0   0   0   0   0   0   0   0   0   0   0   0   0   0   0   0   0   0   0   0   0
0   0  12  12  12  12  12  12  12  12  12  12  12  12  12  12  12  12  12  12   0
0   0  12  12  12  12  12  12  12  12  12  12  12  12  12  12  12  12  12  12   0
0   0  12  12  12  12  12  12  12  12  12  12  12  12  12  12  12  12  12  12   0
0   0  12  12  12  12  12  12  12  11  11  11  11  11  11  11  11  12  12  12   0
0   0  11  11  11  11  11  11  11  11  11  11  11  11  11  11  11  11  11  11   0
0   0  11  11  11  11  11  11  11  11  11  11  11  11  11  11  11  11  11  11   0
0   0  11  11  11  11  11  11  11  11  11  11  11  11  11  11  11  11  11  11   0
0   0  11  11  11  11  11  11  11  11  11  11  11  11  11  11  11  11  11  11   0
0   0  11  11  11  11  11  11  11  11  11  11  11  11  11  11  11  11  11  11   0
0   0  11  11  11  11  11  11  11  11  11  11  11  11  11  11  11  11  11  11   0
0   0  11  11  11  11  11  11  11  10  11  11  11  11  11  11  11  11  11  11   0
0   0  11  11  11  11  10  10  10  10  10  10  10  11  11  11  11  11  11  11   0
0   0  10  10  10  10  10  10  10  10  10  10  10  10  10  10  10  10  10  10   0
0   0  10  10  10  10  10  10  10  10  10  10  10  10  10  10  10  10  10  10   0
0   0  10  10  10  10  10  10  10  10  10  10  10  10  10  10  10  10  10  10   0
0   0  10  10  10  10  10  10  10  10  10  10  10  10  10  10  10  10  10  10   0
0   0  10  10  10  10  10  10  10  10  10  10  10  10  10  10  10  10  10  10   0
0   0  10  10  10  10  10  10  10  10  10  10  10  10  10  10  10  10  10  10   0
0   0   0   0   0   0   0   0   0   0   0   0   0   0   0   0   0   0   0   0   0
1DRAWDOWN
       0    0    0    0    0    0    0    0    0    0    0    0    0    0    0    0    0    0    0    0
       0    0    0    0    0    0    0    0    0    0    0    0    0    0    0    0    0    0    0    0
       0  -12  -12  -12  -12  -12  -12  -12  -12  -12  -12  -12  -12  -12  -12  -12  -12  -12  -12    0
       0  -12  -12  -12  -12  -12  -12  -12  -12  -12  -12  -12  -12  -12  -12  -12  -12  -12  -12    0
       0  -12  -12  -12  -12  -12  -12  -12  -11  -11  -11  -11  -11  -11  -11  -11  -12  -12  -12    0
       0  -11  -11  -11  -11  -11  -11  -11  -11  -11  -11  -11  -11  -11  -11  -11  -11  -11  -11    0
       0  -11  -11  -11  -11  -11  -11  -11  -11  -11  -11  -11  -11  -11  -11  -11  -11  -11  -11    0
       0  -11  -11  -11  -11  -11  -11  -11  -11  -11  -11  -11  -11  -11  -11  -11  -11  -11  -11    0
       0  -11  -11  -11  -11  -11  -11  -11  -11  -11  -11  -11  -11  -11  -11  -11  -11  -11  -11    0
       0  -11  -11  -11  -11  -11  -11  -11  -11  -11  -11  -11  -11  -11  -11  -11  -11  -11  -11    0
       0  -11  -11  -11  -11  -11  -11  -11  -11  -11  -11  -11  -11  -11  -11  -11  -11  -11  -11    0
       0  -11  -11  -11  -11  -11  -11  -11  -10  -11  -11  -11  -11  -11  -11  -11  -11  -11  -11    0
       0  -11  -11  -11  -11  -10  -10  -10  -10  -10  -10  -10  -11  -11  -11  -11  -11  -11  -11    0
       0  -10  -10  -10  -10  -10  -10  -10  -10  -10  -10  -10  -10  -10  -10  -10  -10  -10  -10    0
       0  -10  -10  -10  -10  -10  -10  -10  -10  -10  -10  -10  -10  -10  -10  -10  -10  -10  -10    0
       0  -10  -10  -10  -10  -10  -10  -10  -10  -10  -10  -10  -10  -10  -10  -10  -10  -10  -10    0
       0  -10  -10  -10  -10  -10  -10  -10  -10  -10  -10  -10  -10  -10  -10  -10  -10  -10  -10    0
       0  -10  -10  -10  -10  -10  -10  -10  -10  -10  -10  -10  -10  -10  -10  -10  -10  -10  -10    0
       0    0    0    0    0    0    0    0    0    0    0    0    0    0    0    0    0    0    0    0
       0    0    0    0    0    0    0    0    0    0    0    0    0    0    0    0    0    0    0    0
0  CUMULATIVE MASS BALANCE -- (IN FT**3) 


    RECHARGE AND INJECTION     =   .00000E+00
    PUMPAGE AND E-T WITHDRAWAL =   .00000E+00
    CUMULATIVE  NET  PUMPAGE   =   .00000E+00
    WATER RELEASE FROM STORAGE =   .00000E+00
    LEAKAGE INTO AQUIFER       =   .10786E+06
    LEAKAGE OUT OF AQUIFER     =  -.10922E+06
    CUMULATIVE  NET  LEAKAGE   =  -.13647E+04
0       MASS BALANCE RESIDUAL  =  -1364.7    
        ERROR  (AS PERCENT)    =  -1.2574    

0  RATE MASS BALANCE -- (IN C.F.S.) 


    LEAKAGE INTO AQUIFER       =   .17089E-02
    LEAKAGE OUT OF AQUIFER     =  -.17305E-02
    NET LEAKAGE    (QNET)      =  -.21623E-04
    RECHARGE AND INJECTION     =   .00000E+00
    PUMPAGE AND E-T WITHDRAWAL =   .00000E+00
    NET WITHDRAWAL   (TPUM)    =   .00000E+00
1          STABILITY CRITERIA --- M.O.C.


0     MAXIMUM FLUID VELOCITIES:  X-VEL =  6.44E-07     Y-VEL =  1.53E-06
0 TMV (MAX. INJ.) =   .32612E+07
  TIMV (CELDIS)   =   .15980E+07
0 TIMV =  1.60E+06     NTIMV =    39     NMOV =    40

   TIM (N)  =   .63115E+08
   TIMEVELO =   .15779E+07
   TIMEDISP =   .63540E+07
0 TIMV =  1.58E+06     NTIMD =     9     NMOV =    40
0          THE LIMITING STABILITY CRITERION IS CELDIS
     MAX. Y-VEL. IS CONSTRAINT AND OCCURS BETWEEN NODES (15, 2) AND (15, 3)
0          NO. OF PARTICLE MOVES REQUIRED TO COMPLETE THIS TIME STEP  =   40


0  NP       =         2916          IMOV     =            1
   TIM(N)   =   .63115E+08          TIMV     =   .15779E+07          SUMTCH =   .15779E+07
0  NP       =         2916          IMOV     =            2
   TIM(N)   =   .63115E+08          TIMV     =   .15779E+07          SUMTCH =   .31558E+07
0  NP       =         2916          IMOV     =            3
   TIM(N)   =   .63115E+08          TIMV     =   .15779E+07          SUMTCH =   .47336E+07
0  NP       =         2925          IMOV     =            4
   TIM(N)   =   .63115E+08          TIMV     =   .15779E+07          SUMTCH =   .63115E+07
0  NP       =         2925          IMOV     =            5
   TIM(N)   =   .63115E+08          TIMV     =   .15779E+07          SUMTCH =   .78894E+07
0  NP       =         2936          IMOV     =            6
   TIM(N)   =   .63115E+08          TIMV     =   .15779E+07          SUMTCH =   .94673E+07
0  NP       =         2942          IMOV     =            7
   TIM(N)   =   .63115E+08          TIMV     =   .15779E+07          SUMTCH =   .11045E+08
0  NP       =         2942          IMOV     =            8
   TIM(N)   =   .63115E+08          TIMV     =   .15779E+07          SUMTCH =   .12623E+08
0  NP       =         2949          IMOV     =            9
   TIM(N)   =   .63115E+08          TIMV     =   .15779E+07          SUMTCH =   .14201E+08
0  NP       =         2953          IMOV     =           10
   TIM(N)   =   .63115E+08          TIMV     =   .15779E+07          SUMTCH =   .15779E+08
0  NP       =         2953          IMOV     =           11
   TIM(N)   =   .63115E+08          TIMV     =   .15779E+07          SUMTCH =   .17357E+08
0  NP       =         2977          IMOV     =           12
   TIM(N)   =   .63115E+08          TIMV     =   .15779E+07          SUMTCH =   .18935E+08
0  NP       =         2977          IMOV     =           13
   TIM(N)   =   .63115E+08          TIMV     =   .15779E+07          SUMTCH =   .20512E+08
0  NP       =         2980          IMOV     =           14
   TIM(N)   =   .63115E+08          TIMV     =   .15779E+07          SUMTCH =   .22090E+08
0  NP       =         2998          IMOV     =           15
   TIM(N)   =   .63115E+08          TIMV     =   .15779E+07          SUMTCH =   .23668E+08
0  NP       =         3000          IMOV     =           16
   TIM(N)   =   .63115E+08          TIMV     =   .15779E+07          SUMTCH =   .25246E+08
0  NP       =         3010          IMOV     =           17
   TIM(N)   =   .63115E+08          TIMV     =   .15779E+07          SUMTCH =   .26824E+08
0  NP       =         3033          IMOV     =           18
   TIM(N)   =   .63115E+08          TIMV     =   .15779E+07          SUMTCH =   .28402E+08
0  NP       =         3033          IMOV     =           19
   TIM(N)   =   .63115E+08          TIMV     =   .15779E+07          SUMTCH =   .29980E+08
0  NP       =         3038          IMOV     =           20
   TIM(N)   =   .63115E+08          TIMV     =   .15779E+07          SUMTCH =   .31558E+08
0  NP       =         3050          IMOV     =           21
   TIM(N)   =   .63115E+08          TIMV     =   .15779E+07          SUMTCH =   .33135E+08
0  NP       =         3050          IMOV     =           22
   TIM(N)   =   .63115E+08          TIMV     =   .15779E+07          SUMTCH =   .34713E+08
0  NP       =         3050          IMOV     =           23
   TIM(N)   =   .63115E+08          TIMV     =   .15779E+07          SUMTCH =   .36291E+08
0  NP       =         3071          IMOV     =           24
   TIM(N)   =   .63115E+08          TIMV     =   .15779E+07          SUMTCH =   .37869E+08
0  NP       =         3071          IMOV     =           25
   TIM(N)   =   .63115E+08          TIMV     =   .15779E+07          SUMTCH =   .39447E+08
0  NP       =         3073          IMOV     =           26
   TIM(N)   =   .63115E+08          TIMV     =   .15779E+07          SUMTCH =   .41025E+08
0  NP       =         3077          IMOV     =           27
   TIM(N)   =   .63115E+08          TIMV     =   .15779E+07          SUMTCH =   .42603E+08
0  NP       =         3084          IMOV     =           28
   TIM(N)   =   .63115E+08          TIMV     =   .15779E+07          SUMTCH =   .44181E+08
0  NP       =         3084          IMOV     =           29
   TIM(N)   =   .63115E+08          TIMV     =   .15779E+07          SUMTCH =   .45759E+08
0  NP       =         3108          IMOV     =           30
   TIM(N)   =   .63115E+08          TIMV     =   .15779E+07          SUMTCH =   .47336E+08
0  NP       =         3108          IMOV     =           31
   TIM(N)   =   .63115E+08          TIMV     =   .15779E+07          SUMTCH =   .48914E+08
0  NP       =         3108          IMOV     =           32
   TIM(N)   =   .63115E+08          TIMV     =   .15779E+07          SUMTCH =   .50492E+08
0  NP       =         3116          IMOV     =           33
   TIM(N)   =   .63115E+08          TIMV     =   .15779E+07          SUMTCH =   .52070E+08
0  NP       =         3123          IMOV     =           34
   TIM(N)   =   .63115E+08          TIMV     =   .15779E+07          SUMTCH =   .53648E+08
0  NP       =         3128          IMOV     =           35
   TIM(N)   =   .63115E+08          TIMV     =   .15779E+07          SUMTCH =   .55226E+08
0  NP       =         3159          IMOV     =           36
   TIM(N)   =   .63115E+08          TIMV     =   .15779E+07          SUMTCH =   .56804E+08
0  NP       =         3159          IMOV     =           37
   TIM(N)   =   .63115E+08          TIMV     =   .15779E+07          SUMTCH =   .58382E+08
0  NP       =         3159          IMOV     =           38
   TIM(N)   =   .63115E+08          TIMV     =   .15779E+07          SUMTCH =   .59959E+08
0  NP       =         3159          IMOV     =           39
   TIM(N)   =   .63115E+08          TIMV     =   .15779E+07          SUMTCH =   .61537E+08
0  NP       =         3173          IMOV     =           40
   TIM(N)   =   .63115E+08          TIMV     =   .15779E+07          SUMTCH =   .63115E+08
1CONCENTRATION

 NUMBER OF TIME STEPS =     1
        DELTA T       =   .63115E+08
        TIME(SECONDS) =   .63115E+08
   CHEM.TIME(SECONDS) =   .63115E+08
   CHEM.TIME(DAYS)    =   .73050E+03
        TIME(YEARS)   =   .20000E+01
   CHEM.TIME(YEARS)   =   .20000E+01
  NO. MOVES COMPLETED =    40
 
0    0    0    0    0    0    0    0    0    0    0    0    0    0    0    0    0    0    0    0    0
0    0    0    0    0    0    0    0    0    0    0    0    0    0    0    0    0    0    0    0    0
0    0    0    0    0    0    0    0    0    0    2    0    0    0    0    0    0    0    0    0    0
0    0    0    0    0    0    0    0    0    3   37   -3    0    0    0    0    0    0    0    0    0
0    0    0    0    0    0    0    0    0    9  402    2    0    0    0    0    0    0    0    0    0
0    0    0    0    0    0    0    0    0    0  373    9    0    0    0    0    0    0    0    0    0
0    0    0    0    0    0    0    0    0   -2   27    6    0    0    0    0    0    0    0    0    0
0    0    0    0    0    0    0    0    0    0    1    1    0    0    0    0    0    0    0    0    0
0    0    0    0    0    0    0    0    0    0    0    0    0    0    0    0    0    0    0    0    0
0    0    0    0    0    0    0    0    0    0    0    0    0    0    0    0    0    0    0    0    0
0    0    0    0    0    0    0    0    0    0    0    0    0    0    0    0    0    0    0    0    0
0    0    0    0    0    0    0    0    0    0    0    0    0    0    0    0    0    0    0    0    0
0    0    0    0    0    0    0    0    0    0    0    0    0    0    0    0    0    0    0    0    0
0    0    0    0    0    0    0    0    0    0    0    0    0    0    0    0    0    0    0    0    0
0    0    0    0    0    0    0    0    0    0    0    0    0    0    0    0    0    0    0    0    0
0    0    0    0    0    0    0    0    0    0    0    0    0    0    0    0    0    0    0    0    0
0    0    0    0    0    0    0    0    0    0    0    0    0    0    0    0    0    0    0    0    0
0    0    0    0    0    0    0    0    0    0    0    0    0    0    0    0    0    0    0    0    0
0    0    0    0    0    0    0    0    0    0    0    0    0    0    0    0    0    0    0    0    0
0    0    0    0    0    0    0    0    0    0    0    0    0    0    0    0    0    0    0    0    0
 
 CHEMICAL MASS BALANCE
 
        MASS IN BOUNDARIES     =   .00000E+00
        MASS OUT BOUNDARIES    =   .14273E-02
        MASS PUMPED IN         =   .00000E+00
        MASS PUMPED OUT        =   .00000E+00
        MASS LOST BY DECAY     =   .00000E+00
        MASS ADSORBED ON SOLIDS=   .00000E+00
        INITIAL MASS ADSORBED  =   .00000E+00
        INFLOW MINUS OUTFLOW   =   .14273E-02
        INITIAL MASS DISSOLVED =   .12500E+07
        PRESENT MASS DISSOLVED =   .10836E+07
        CHANGE MASS DISSOLVED  =  -.16644E+06
        CHANGE TOTL.MASS STORED=  -.16644E+06
      COMPARE RESIDUAL WITH NET FLUX AND MASS ACCUMULATION:
        MASS BALANCE RESIDUAL  =   .16644E+06
        ERROR  (AS PERCENT)    =   .00000E+00
      COMPARE INITIAL MASS STORED WITH CHANGE IN MASS STORED:
        ERROR  (AS PERCENT)    =  -.13315E+02
1Final Exam; 20 x 20 Grid                                                        


0     TIME VERSUS HEAD AND CONCENTRATION AT SELECTED OBSERVATION POINTS

               PUMPING PERIOD NO.    1




0               STEADY-STATE SOLUTION




0                    OBS.WELL NO.    X    Y                 N      HEAD (FT)    CONC.(MG/L)    TIME (YEARS)

                          1         10    5


                                                            0           .0         1000.0           .000
                                                            1         11.5          994.4           .050
                                                            2         11.5          988.8           .100
                                                            3         11.5          983.2           .150
                                                            4         11.5          977.7           .200
                                                            5         11.5          972.3           .250
                                                            6         11.5          966.9           .300
                                                            7         11.5          961.5           .350
                                                            8         11.5          956.2           .400
                                                            9         11.5          950.9           .450
                                                           10         11.5          945.7           .500
                                                           11         11.5          940.4           .550
                                                           12         11.5          935.3           .600
                                                           13         11.5          765.8           .650
                                                           14         11.5          626.1           .700
                                                           15         11.5          623.4           .750
                                                           16         11.5          620.7           .800
                                                           17         11.5          618.1           .850
                                                           18         11.5          615.5           .900
                                                           19         11.5          612.9           .950
                                                           20         11.5          610.3          1.000
                                                           21         11.5          607.8          1.050
                                                           22         11.5          605.3          1.100
                                                           23         11.5          602.7          1.150
                                                           24         11.5          600.3          1.200
                                                           25         11.5          597.8          1.250
                                                           26         11.5          595.3          1.300
                                                           27         11.5          592.9          1.350
                                                           28         11.5          590.4          1.400
                                                           29         11.5          588.0          1.450
                                                           30         11.5          585.6          1.500
                                                           31         11.5          583.2          1.550
                                                           32         11.5          580.9          1.600
                                                           33         11.5          578.5          1.650
                                                           34         11.5          576.2          1.700
                                                           35         11.5          573.9          1.750
                                                           36         11.5          571.6          1.800
                                                           37         11.5          569.3          1.850
                                                           38         11.5          516.5          1.900
                                                           39         11.5          473.5          1.950
                                                           40         11.5          402.1          2.000
0                    OBS.WELL NO.    X    Y                 N      HEAD (FT)    CONC.(MG/L)    TIME (YEARS)

                          2         10    8


                                                            0           .0             .0           .000
                                                            1         11.0             .0           .050
                                                            2         11.0             .0           .100
                                                            3         11.0             .0           .150
                                                            4         11.0             .0           .200
                                                            5         11.0             .0           .250
                                                            6         11.0             .0           .300
                                                            7         11.0             .0           .350
                                                            8         11.0             .0           .400
                                                            9         11.0             .0           .450
                                                           10         11.0             .0           .500
                                                           11         11.0             .0           .550
                                                           12         11.0             .0           .600
                                                           13         11.0             .0           .650
                                                           14         11.0             .0           .700
                                                           15         11.0             .2           .750
                                                           16         11.0             .3           .800
                                                           17         11.0             .3           .850
                                                           18         11.0             .3           .900
                                                           19         11.0             .4           .950
                                                           20         11.0             .4          1.000
                                                           21         11.0             .4          1.050
                                                           22         11.0             .4          1.100
                                                           23         11.0             .5          1.150
                                                           24         11.0             .5          1.200
                                                           25         11.0             .5          1.250
                                                           26         11.0             .6          1.300
                                                           27         11.0             .6          1.350
                                                           28         11.0             .6          1.400
                                                           29         11.0             .7          1.450
                                                           30         11.0             .7          1.500
                                                           31         11.0             .8          1.550
                                                           32         11.0             .8          1.600
                                                           33         11.0             .8          1.650
                                                           34         11.0             .9          1.700
                                                           35         11.0             .9          1.750
                                                           36         11.0            1.0          1.800
                                                           37         11.0            1.0          1.850
                                                           38         11.0            1.1          1.900
                                                           39         11.0            1.2          1.950
                                                           40         11.0            1.2          2.000
0                    OBS.WELL NO.    X    Y                 N      HEAD (FT)    CONC.(MG/L)    TIME (YEARS)

                          3         10   10


                                                            0           .0             .0           .000
                                                            1         10.7             .0           .050
                                                            2         10.7             .0           .100
                                                            3         10.7             .0           .150
                                                            4         10.7             .0           .200
                                                            5         10.7             .0           .250
                                                            6         10.7             .0           .300
                                                            7         10.7             .0           .350
                                                            8         10.7             .0           .400
                                                            9         10.7             .0           .450
                                                           10         10.7             .0           .500
                                                           11         10.7             .0           .550
                                                           12         10.7             .0           .600
                                                           13         10.7             .0           .650
                                                           14         10.7             .0           .700
                                                           15         10.7             .0           .750
                                                           16         10.7             .0           .800
                                                           17         10.7             .0           .850
                                                           18         10.7             .0           .900
                                                           19         10.7             .0           .950
                                                           20         10.7             .0          1.000
                                                           21         10.7             .0          1.050
                                                           22         10.7             .0          1.100
                                                           23         10.7             .0          1.150
                                                           24         10.7             .0          1.200
                                                           25         10.7             .0          1.250
                                                           26         10.7             .0          1.300
                                                           27         10.7             .0          1.350
                                                           28         10.7             .0          1.400
                                                           29         10.7             .0          1.450
                                                           30         10.7             .0          1.500
                                                           31         10.7             .0          1.550
                                                           32         10.7             .0          1.600
                                                           33         10.7             .0          1.650
                                                           34         10.7             .0          1.700
                                                           35         10.7             .0          1.750
                                                           36         10.7             .0          1.800
                                                           37         10.7             .0          1.850
                                                           38         10.7             .0          1.900
                                                           39         10.7             .0          1.950
                                                           40         10.7             .0          2.000
0                    OBS.WELL NO.    X    Y                 N      HEAD (FT)    CONC.(MG/L)    TIME (YEARS)

                          4         10   12


                                                            0           .0             .0           .000
                                                            1         10.5             .0           .050
                                                            2         10.5             .0           .100
                                                            3         10.5             .0           .150
                                                            4         10.5             .0           .200
                                                            5         10.5             .0           .250
                                                            6         10.5             .0           .300
                                                            7         10.5             .0           .350
                                                            8         10.5             .0           .400
                                                            9         10.5             .0           .450
                                                           10         10.5             .0           .500
                                                           11         10.5             .0           .550
                                                           12         10.5             .0           .600
                                                           13         10.5             .0           .650
                                                           14         10.5             .0           .700
                                                           15         10.5             .0           .750
                                                           16         10.5             .0           .800
                                                           17         10.5             .0           .850
                                                           18         10.5             .0           .900
                                                           19         10.5             .0           .950
                                                           20         10.5             .0          1.000
                                                           21         10.5             .0          1.050
                                                           22         10.5             .0          1.100
                                                           23         10.5             .0          1.150
                                                           24         10.5             .0          1.200
                                                           25         10.5             .0          1.250
                                                           26         10.5             .0          1.300
                                                           27         10.5             .0          1.350
                                                           28         10.5             .0          1.400
                                                           29         10.5             .0          1.450
                                                           30         10.5             .0          1.500
                                                           31         10.5             .0          1.550
                                                           32         10.5             .0          1.600
                                                           33         10.5             .0          1.650
                                                           34         10.5             .0          1.700
                                                           35         10.5             .0          1.750
                                                           36         10.5             .0          1.800
                                                           37         10.5             .0          1.850
                                                           38         10.5             .0          1.900
                                                           39         10.5             .0          1.950
                                                           40         10.5             .0          2.000
0                    OBS.WELL NO.    X    Y                 N      HEAD (FT)    CONC.(MG/L)    TIME (YEARS)

                          5          6    8


                                                            0           .0             .0           .000
                                                            1         11.1             .0           .050
                                                            2         11.1             .0           .100
                                                            3         11.1             .0           .150
                                                            4         11.1             .0           .200
                                                            5         11.1             .0           .250
                                                            6         11.1             .0           .300
                                                            7         11.1             .0           .350
                                                            8         11.1             .0           .400
                                                            9         11.1             .0           .450
                                                           10         11.1             .0           .500
                                                           11         11.1             .0           .550
                                                           12         11.1             .0           .600
                                                           13         11.1             .0           .650
                                                           14         11.1             .0           .700
                                                           15         11.1             .0           .750
                                                           16         11.1             .0           .800
                                                           17         11.1             .0           .850
                                                           18         11.1             .0           .900
                                                           19         11.1             .0           .950
                                                           20         11.1             .0          1.000
                                                           21         11.1             .0          1.050
                                                           22         11.1             .0          1.100
                                                           23         11.1             .0          1.150
                                                           24         11.1             .0          1.200
                                                           25         11.1             .0          1.250
                                                           26         11.1             .0          1.300
                                                           27         11.1             .0          1.350
                                                           28         11.1             .0          1.400
                                                           29         11.1             .0          1.450
                                                           30         11.1             .0          1.500
                                                           31         11.1             .0          1.550
                                                           32         11.1             .0          1.600
                                                           33         11.1             .0          1.650
                                                           34         11.1             .0          1.700
                                                           35         11.1             .0          1.750
                                                           36         11.1             .0          1.800
                                                           37         11.1             .0          1.850
                                                           38         11.1             .0          1.900
                                                           39         11.1             .0          1.950
                                                           40         11.1             .0          2.000
