Traceback (most recent call last):
  File "/opt/jupyterhub/lib/python3.10/site-packages/jupyter_cache/executors/utils.py", line 58, in single_nb_execution
    executenb(
  File "/opt/jupyterhub/lib/python3.10/site-packages/nbclient/client.py", line 1314, in execute
    return NotebookClient(nb=nb, resources=resources, km=km, **kwargs).execute()
  File "/opt/jupyterhub/lib/python3.10/site-packages/jupyter_core/utils/__init__.py", line 165, in wrapped
    return loop.run_until_complete(inner)
  File "/usr/lib/python3.10/asyncio/base_events.py", line 649, in run_until_complete
    return future.result()
  File "/opt/jupyterhub/lib/python3.10/site-packages/nbclient/client.py", line 709, in async_execute
    await self.async_execute_cell(
  File "/opt/jupyterhub/lib/python3.10/site-packages/nbclient/client.py", line 1062, in async_execute_cell
    await self._check_raise_for_error(cell, cell_index, exec_reply)
  File "/opt/jupyterhub/lib/python3.10/site-packages/nbclient/client.py", line 918, in _check_raise_for_error
    raise CellExecutionError.from_cell_and_msg(cell, exec_reply_content)
nbclient.exceptions.CellExecutionError: An error occurred while executing the following cell:
------------------
porosity = 0.20 #given
volumeAquifer = 1.0*1000 #given
volumeVoids = porosity*volumeAquifer
volumeSolids = (1-porosity)*volumeAquifer
print("Volume Solids :",round(volumeSolids,3)," Liters ")
print("Volume Voids :",round(volumeVoids,3)," Liters ")
volumePCE = 20 #L
volumeWater = volumeVoids-volumePCE
print("Volume Water (Initial Guess) :",round(volumeWater,3)," Liters ")
solubilityPCE = 150 #mg/L
massPCEaqueous = solubilityPCE*volumeWater #mg
print("Mass PCE aqueous :",round(massPCEaqueous/1000,3)," grams")
################ aqueous-solid partitioning ###################
print("\nAqueous-Solid Partitioning\n")
import math
foc = 0.0011
kow = 390 #L/kg
print("   foc approx: ",round(foc,4))
# using a regression formula
logkoc = math.log(kow)-0.21
koc = math.exp(logkoc)
print("   koc approx: ",round(koc,3))
kd = koc*foc
print("    kd approx: ",round(kd,3))
massSolids = (volumeSolids)*2.65
#print("Mass Solids :",massSolids," kg")
massPCEsolid = kd*(solubilityPCE*volumeWater)*volumeSolids
print("Mass PCE solid :",round(massPCEsolid/1000,3)," grams")
################## free phase water/solid partitioning
print("\nFree-Phase Partitioning\n")
densityPCE = 1.631 #g/mL
volumePCE = 20 #L
print("   Mass PCE total (released) :",round(massPCE,1)," grams")
massPCEnapl = massPCE-massPCEaqueous/1000-massPCEsolid/1000
print("         Mass PCE Free-Phase :",round(massPCEnapl,1)," grams")
print("   Mass PCE adsorbed (solid) :",round(massPCEsolid/1000,3)," grams")
print("Mass PCE dissolved (aqueous) :",round(massPCEaqueous/1000,3)," grams")
checksum = massPCEnapl+massPCEsolid/1000+massPCEaqueous/1000
print("          Checksum PCE total :",round(checksum,3)," grams")

------------------

----- stdout -----
Volume Solids : 800.0  Liters 
Volume Voids : 200.0  Liters 
Volume Water (Initial Guess) : 180.0  Liters 
Mass PCE aqueous : 27.0  grams

Aqueous-Solid Partitioning

   foc approx:  0.0011
   koc approx:  316.128
    kd approx:  0.348
Mass PCE solid : 7511.198  grams

Free-Phase Partitioning
------------------

[0;31m---------------------------------------------------------------------------[0m
[0;31mNameError[0m                                 Traceback (most recent call last)
Cell [0;32mIn[4], line 33[0m
[1;32m     31[0m densityPCE [38;5;241m=[39m [38;5;241m1.631[39m [38;5;66;03m#g/mL[39;00m
[1;32m     32[0m volumePCE [38;5;241m=[39m [38;5;241m20[39m [38;5;66;03m#L[39;00m
[0;32m---> 33[0m [38;5;28mprint[39m([38;5;124m"[39m[38;5;124m   Mass PCE total (released) :[39m[38;5;124m"[39m,[38;5;28mround[39m([43mmassPCE[49m,[38;5;241m1[39m),[38;5;124m"[39m[38;5;124m grams[39m[38;5;124m"[39m)
[1;32m     34[0m massPCEnapl [38;5;241m=[39m massPCE[38;5;241m-[39mmassPCEaqueous[38;5;241m/[39m[38;5;241m1000[39m[38;5;241m-[39mmassPCEsolid[38;5;241m/[39m[38;5;241m1000[39m
[1;32m     35[0m [38;5;28mprint[39m([38;5;124m"[39m[38;5;124m         Mass PCE Free-Phase :[39m[38;5;124m"[39m,[38;5;28mround[39m(massPCEnapl,[38;5;241m1[39m),[38;5;124m"[39m[38;5;124m grams[39m[38;5;124m"[39m)

[0;31mNameError[0m: name 'massPCE' is not defined

