Traceback (most recent call last):
  File "/opt/jupyterhub/lib/python3.8/site-packages/jupyter_cache/executors/utils.py", line 51, in single_nb_execution
    executenb(
  File "/opt/jupyterhub/lib/python3.8/site-packages/nbclient/client.py", line 1087, in execute
    return NotebookClient(nb=nb, resources=resources, km=km, **kwargs).execute()
  File "/opt/jupyterhub/lib/python3.8/site-packages/nbclient/util.py", line 74, in wrapped
    return just_run(coro(*args, **kwargs))
  File "/opt/jupyterhub/lib/python3.8/site-packages/nbclient/util.py", line 53, in just_run
    return loop.run_until_complete(coro)
  File "/usr/lib/python3.8/asyncio/base_events.py", line 616, in run_until_complete
    return future.result()
  File "/opt/jupyterhub/lib/python3.8/site-packages/nbclient/client.py", line 540, in async_execute
    await self.async_execute_cell(
  File "/opt/jupyterhub/lib/python3.8/site-packages/nbclient/client.py", line 832, in async_execute_cell
    self._check_raise_for_error(cell, exec_reply)
  File "/opt/jupyterhub/lib/python3.8/site-packages/nbclient/client.py", line 740, in _check_raise_for_error
    raise CellExecutionError.from_cell_and_msg(cell, exec_reply['content'])
nbclient.exceptions.CellExecutionError: An error occurred while executing the following cell:
------------------
from math import sqrt,erf,erfc,exp  # get special math functions
def ogatabanks(c_source,space,time,dispersion,velocity):
    term1 = erfc(((space-velocity*time))/(2.0*sqrt(dispersion*time)))
    term2 = exp(velocity*space/dispersion)
    term3 = erfc(((space+velocity*time))/(2.0*sqrt(dispersion*time)))
    ogatabanks = c_source*0.5*(term1+term2*term3)
    return(ogatabanks)
    
c_source = 1000.0
space = 100.
time  = 50.
dispersion = 1.0
velocity = 0.5
#
# forward define and initialize vectors for a profile plot
#
how_many_points = 50
deltax = space/how_many_points
x = [i*deltax for i in range(how_many_points)] # null list
c = [0.0 for i in range(how_many_points)] # null list
#
# build the profile predictions
#
for i in range(0,how_many_points,1):
    c[i] = ogatabanks(c_source,x[i],time,dispersion,velocity)
#
# Build and Render the Plot
#
plt.plot(x,c, color='red', linestyle = 'solid')  # make the plot object
plt.title(" Concentration Profile \n Time: " + repr(time) + " time units \n" + " Dispersion: " + repr(dispersion) + " length^2/time units \n" + " Velocity: " + repr(velocity) + " length/time units \n") # caption the plot object
plt.xlabel(" Distance from Source ") # label x-axis
plt.ylabel(" Concentration        ") # label y-axis
plt.savefig("ogatabanksplot.png")
plt.show() # plot to stdio -- has to be last call as it kills prior objects
plt.close('all') # needed when plt.show call not invoked
#print("end of script")
#sys.exit() # used to elegant exit for CGI-BIN use
------------------

[0;31m---------------------------------------------------------------------------[0m
[0;31mNameError[0m                                 Traceback (most recent call last)
[0;32m<ipython-input-1-548fc2f99984>[0m in [0;36m<module>[0;34m[0m
[1;32m     27[0m [0;31m# Build and Render the Plot[0m[0;34m[0m[0;34m[0m[0;34m[0m[0m
[1;32m     28[0m [0;31m#[0m[0;34m[0m[0;34m[0m[0;34m[0m[0m
[0;32m---> 29[0;31m [0mplt[0m[0;34m.[0m[0mplot[0m[0;34m([0m[0mx[0m[0;34m,[0m[0mc[0m[0;34m,[0m [0mcolor[0m[0;34m=[0m[0;34m'red'[0m[0;34m,[0m [0mlinestyle[0m [0;34m=[0m [0;34m'solid'[0m[0;34m)[0m  [0;31m# make the plot object[0m[0;34m[0m[0;34m[0m[0m
[0m[1;32m     30[0m [0mplt[0m[0;34m.[0m[0mtitle[0m[0;34m([0m[0;34m" Concentration Profile \n Time: "[0m [0;34m+[0m [0mrepr[0m[0;34m([0m[0mtime[0m[0;34m)[0m [0;34m+[0m [0;34m" time units \n"[0m [0;34m+[0m [0;34m" Dispersion: "[0m [0;34m+[0m [0mrepr[0m[0;34m([0m[0mdispersion[0m[0;34m)[0m [0;34m+[0m [0;34m" length^2/time units \n"[0m [0;34m+[0m [0;34m" Velocity: "[0m [0;34m+[0m [0mrepr[0m[0;34m([0m[0mvelocity[0m[0;34m)[0m [0;34m+[0m [0;34m" length/time units \n"[0m[0;34m)[0m [0;31m# caption the plot object[0m[0;34m[0m[0;34m[0m[0m
[1;32m     31[0m [0mplt[0m[0;34m.[0m[0mxlabel[0m[0;34m([0m[0;34m" Distance from Source "[0m[0;34m)[0m [0;31m# label x-axis[0m[0;34m[0m[0;34m[0m[0m

[0;31mNameError[0m: name 'plt' is not defined
NameError: name 'plt' is not defined

