Traceback (most recent call last):
  File "/opt/jupyterhub/lib/python3.8/site-packages/jupyter_cache/executors/utils.py", line 51, in single_nb_execution
    executenb(
  File "/opt/jupyterhub/lib/python3.8/site-packages/nbclient/client.py", line 1087, in execute
    return NotebookClient(nb=nb, resources=resources, km=km, **kwargs).execute()
  File "/opt/jupyterhub/lib/python3.8/site-packages/nbclient/util.py", line 74, in wrapped
    return just_run(coro(*args, **kwargs))
  File "/opt/jupyterhub/lib/python3.8/site-packages/nbclient/util.py", line 53, in just_run
    return loop.run_until_complete(coro)
  File "/usr/lib/python3.8/asyncio/base_events.py", line 616, in run_until_complete
    return future.result()
  File "/opt/jupyterhub/lib/python3.8/site-packages/nbclient/client.py", line 540, in async_execute
    await self.async_execute_cell(
  File "/opt/jupyterhub/lib/python3.8/site-packages/nbclient/client.py", line 832, in async_execute_cell
    self._check_raise_for_error(cell, exec_reply)
  File "/opt/jupyterhub/lib/python3.8/site-packages/nbclient/client.py", line 740, in _check_raise_for_error
    raise CellExecutionError.from_cell_and_msg(cell, exec_reply['content'])
nbclient.exceptions.CellExecutionError: An error occurred while executing the following cell:
------------------
total_mass  = 1.0
area        = 10 
mass        = total_mass/area
velocity    = 1.0 #m/day
dispersivity = 1.0 #m
dispersion  = velocity*dispersivity #m^2/day
half_life  = 33 #years
decay = math.log(2)/(half_life)/365 #1/days
print("Mass : ",round(mass,3)," kg/m^3")
print("Decay constant : ",round(decay,6)," day^-1 ")
print("Dispersion : ",round(dispersion,3)," m^2/day")
#print(math.log(2))
------------------

[0;31m---------------------------------------------------------------------------[0m
[0;31mNameError[0m                                 Traceback (most recent call last)
[0;32m<ipython-input-3-58ef8ef2ce55>[0m in [0;36m<module>[0;34m[0m
[1;32m      6[0m [0mdispersion[0m  [0;34m=[0m [0mvelocity[0m[0;34m*[0m[0mdispersivity[0m [0;31m#m^2/day[0m[0;34m[0m[0;34m[0m[0m
[1;32m      7[0m [0mhalf_life[0m  [0;34m=[0m [0;36m33[0m [0;31m#years[0m[0;34m[0m[0;34m[0m[0m
[0;32m----> 8[0;31m [0mdecay[0m [0;34m=[0m [0mmath[0m[0;34m.[0m[0mlog[0m[0;34m([0m[0;36m2[0m[0;34m)[0m[0;34m/[0m[0;34m([0m[0mhalf_life[0m[0;34m)[0m[0;34m/[0m[0;36m365[0m [0;31m#1/days[0m[0;34m[0m[0;34m[0m[0m
[0m[1;32m      9[0m [0mprint[0m[0;34m([0m[0;34m"Mass : "[0m[0;34m,[0m[0mround[0m[0;34m([0m[0mmass[0m[0;34m,[0m[0;36m3[0m[0;34m)[0m[0;34m,[0m[0;34m" kg/m^3"[0m[0;34m)[0m[0;34m[0m[0;34m[0m[0m
[1;32m     10[0m [0mprint[0m[0;34m([0m[0;34m"Decay constant : "[0m[0;34m,[0m[0mround[0m[0;34m([0m[0mdecay[0m[0;34m,[0m[0;36m6[0m[0;34m)[0m[0;34m,[0m[0;34m" day^-1 "[0m[0;34m)[0m[0;34m[0m[0;34m[0m[0m

[0;31mNameError[0m: name 'math' is not defined
NameError: name 'math' is not defined

