Traceback (most recent call last):
  File "/opt/jupyterhub/lib/python3.8/site-packages/jupyter_cache/executors/utils.py", line 51, in single_nb_execution
    executenb(
  File "/opt/jupyterhub/lib/python3.8/site-packages/nbclient/client.py", line 1087, in execute
    return NotebookClient(nb=nb, resources=resources, km=km, **kwargs).execute()
  File "/opt/jupyterhub/lib/python3.8/site-packages/nbclient/util.py", line 74, in wrapped
    return just_run(coro(*args, **kwargs))
  File "/opt/jupyterhub/lib/python3.8/site-packages/nbclient/util.py", line 53, in just_run
    return loop.run_until_complete(coro)
  File "/usr/lib/python3.8/asyncio/base_events.py", line 616, in run_until_complete
    return future.result()
  File "/opt/jupyterhub/lib/python3.8/site-packages/nbclient/client.py", line 540, in async_execute
    await self.async_execute_cell(
  File "/opt/jupyterhub/lib/python3.8/site-packages/nbclient/client.py", line 832, in async_execute_cell
    self._check_raise_for_error(cell, exec_reply)
  File "/opt/jupyterhub/lib/python3.8/site-packages/nbclient/client.py", line 740, in _check_raise_for_error
    raise CellExecutionError.from_cell_and_msg(cell, exec_reply['content'])
nbclient.exceptions.CellExecutionError: An error occurred while executing the following cell:
------------------
kow = 135 #L/kg
# using a regression formula
logkoc = math.log(kow)*0.544+1.377
#logkoc = math.log(kow)-0.21
koc = math.exp(logkoc)
print(round(koc,3))

# using tabulation above
kkoc = 10**(1.78)
print(round(kkoc,3))

# using deMarsily's rule of thumb
k_oc = 0.411*kow
print(round(k_oc,3))

# like your nose, pick one
------------------

[0;31m---------------------------------------------------------------------------[0m
[0;31mNameError[0m                                 Traceback (most recent call last)
[0;32m<ipython-input-4-328053343c87>[0m in [0;36m<module>[0;34m[0m
[1;32m      1[0m [0mkow[0m [0;34m=[0m [0;36m135[0m [0;31m#L/kg[0m[0;34m[0m[0;34m[0m[0m
[1;32m      2[0m [0;31m# using a regression formula[0m[0;34m[0m[0;34m[0m[0;34m[0m[0m
[0;32m----> 3[0;31m [0mlogkoc[0m [0;34m=[0m [0mmath[0m[0;34m.[0m[0mlog[0m[0;34m([0m[0mkow[0m[0;34m)[0m[0;34m*[0m[0;36m0.544[0m[0;34m+[0m[0;36m1.377[0m[0;34m[0m[0;34m[0m[0m
[0m[1;32m      4[0m [0;31m#logkoc = math.log(kow)-0.21[0m[0;34m[0m[0;34m[0m[0;34m[0m[0m
[1;32m      5[0m [0mkoc[0m [0;34m=[0m [0mmath[0m[0;34m.[0m[0mexp[0m[0;34m([0m[0mlogkoc[0m[0;34m)[0m[0;34m[0m[0;34m[0m[0m

[0;31mNameError[0m: name 'math' is not defined
NameError: name 'math' is not defined

