Traceback (most recent call last):
  File "/opt/jupyterhub/lib/python3.8/site-packages/jupyter_cache/executors/utils.py", line 51, in single_nb_execution
    executenb(
  File "/opt/jupyterhub/lib/python3.8/site-packages/nbclient/client.py", line 1087, in execute
    return NotebookClient(nb=nb, resources=resources, km=km, **kwargs).execute()
  File "/opt/jupyterhub/lib/python3.8/site-packages/nbclient/util.py", line 74, in wrapped
    return just_run(coro(*args, **kwargs))
  File "/opt/jupyterhub/lib/python3.8/site-packages/nbclient/util.py", line 53, in just_run
    return loop.run_until_complete(coro)
  File "/usr/lib/python3.8/asyncio/base_events.py", line 616, in run_until_complete
    return future.result()
  File "/opt/jupyterhub/lib/python3.8/site-packages/nbclient/client.py", line 540, in async_execute
    await self.async_execute_cell(
  File "/opt/jupyterhub/lib/python3.8/site-packages/nbclient/client.py", line 832, in async_execute_cell
    self._check_raise_for_error(cell, exec_reply)
  File "/opt/jupyterhub/lib/python3.8/site-packages/nbclient/client.py", line 740, in _check_raise_for_error
    raise CellExecutionError.from_cell_and_msg(cell, exec_reply['content'])
nbclient.exceptions.CellExecutionError: An error occurred while executing the following cell:
------------------
porosity = 0.20 #given
volumeAquifer = 1.0*1000 #given
volumeVoids = porosity*volumeAquifer
volumeSolids = (1-porosity)*volumeAquifer
print("Volume Solids :",round(volumeSolids,3)," Liters ")
print("Volume Voids :",round(volumeVoids,3)," Liters ")
volumePCE = 20 #L
volumeWater = volumeVoids-volumePCE
print("Volume Water (Initial Guess) :",round(volumeWater,3)," Liters ")
solubilityPCE = 150 #mg/L
massPCEaqueous = solubilityPCE*volumeWater #mg
print("Mass PCE aqueous :",round(massPCEaqueous/1000,3)," grams")
################ aqueous-solid partitioning ###################
print("\nAqueous-Solid Partitioning\n")
import math
foc = 0.0011
kow = 390 #L/kg
print("   foc approx: ",round(foc,4))
# using a regression formula
logkoc = math.log(kow)-0.21
koc = math.exp(logkoc)
print("   koc approx: ",round(koc,3))
kd = koc*foc
print("    kd approx: ",round(kd,3))
massSolids = (volumeSolids)*2.65
#print("Mass Solids :",massSolids," kg")
massPCEsolid = kd*(solubilityPCE*volumeWater)*volumeSolids
print("Mass PCE solid :",round(massPCEsolid/1000,3)," grams")
################## free phase water/solid partitioning
print("\nFree-Phase Partitioning\n")
densityPCE = 1.631 #g/mL
volumePCE = 20 #L
print("   Mass PCE total (released) :",round(massPCE,1)," grams")
massPCEnapl = massPCE-massPCEaqueous/1000-massPCEsolid/1000
print("         Mass PCE Free-Phase :",round(massPCEnapl,1)," grams")
print("   Mass PCE adsorbed (solid) :",round(massPCEsolid/1000,3)," grams")
print("Mass PCE dissolved (aqueous) :",round(massPCEaqueous/1000,3)," grams")
checksum = massPCEnapl+massPCEsolid/1000+massPCEaqueous/1000
print("          Checksum PCE total :",round(checksum,3)," grams")

------------------

[0;31m---------------------------------------------------------------------------[0m
[0;31mNameError[0m                                 Traceback (most recent call last)
[0;32m<ipython-input-4-dc894e027536>[0m in [0;36m<module>[0;34m[0m
[1;32m     31[0m [0mdensityPCE[0m [0;34m=[0m [0;36m1.631[0m [0;31m#g/mL[0m[0;34m[0m[0;34m[0m[0m
[1;32m     32[0m [0mvolumePCE[0m [0;34m=[0m [0;36m20[0m [0;31m#L[0m[0;34m[0m[0;34m[0m[0m
[0;32m---> 33[0;31m [0mprint[0m[0;34m([0m[0;34m"   Mass PCE total (released) :"[0m[0;34m,[0m[0mround[0m[0;34m([0m[0mmassPCE[0m[0;34m,[0m[0;36m1[0m[0;34m)[0m[0;34m,[0m[0;34m" grams"[0m[0;34m)[0m[0;34m[0m[0;34m[0m[0m
[0m[1;32m     34[0m [0mmassPCEnapl[0m [0;34m=[0m [0mmassPCE[0m[0;34m-[0m[0mmassPCEaqueous[0m[0;34m/[0m[0;36m1000[0m[0;34m-[0m[0mmassPCEsolid[0m[0;34m/[0m[0;36m1000[0m[0;34m[0m[0;34m[0m[0m
[1;32m     35[0m [0mprint[0m[0;34m([0m[0;34m"         Mass PCE Free-Phase :"[0m[0;34m,[0m[0mround[0m[0;34m([0m[0mmassPCEnapl[0m[0;34m,[0m[0;36m1[0m[0;34m)[0m[0;34m,[0m[0;34m" grams"[0m[0;34m)[0m[0;34m[0m[0;34m[0m[0m

[0;31mNameError[0m: name 'massPCE' is not defined
NameError: name 'massPCE' is not defined

