1U.S.G.S. METHOD-OF-CHARACTERISTICS MODEL FOR SOLUTE TRANSPORT IN GROUND WATER
0Example 3 - Waste Injection Example File                                        
 
0                     I N P U T     D A T A
0                       GRID DESCRIPTORS

             NX    (NUMBER OF COLUMNS)  =    10
             NY    (NUMBER OF ROWS)     =    14
             XDEL  (X-DISTANCE IN FEET) =  1500.0
             YDEL  (Y-DISTANCE IN FEET) =  1500.0
0                       TIME  PARAMETERS

             NTIM   (MAX. NO. OF TIME STEPS)       =      1
             NPMP   (NO. OF PUMPING PERIODS)       =      1
             PINT   (PUMPING PERIOD IN YEARS)      =      1.000
             TIMX   (TIME INCREMENT MULTIPLIER)    =      0.00
             TINIT  (INITIAL TIME STEP IN SEC.)    =      0.
0              HYDROLOGIC AND CHEMICAL PARAMETERS

             S       (STORAGE COEFFICIENT)       =      0.000000
             POROS   (EFFECTIVE POROSITY)        =      0.200
             BETA    (LONGITUDINAL DISPERSIVITY) =    164.0
             DLTRAT  (RATIO OF TRANSVERSE TO
                     LONGITUDINAL DISPERSIVITY)  =      0.40
             ANFCTR  (RATIO OF T-YY TO T-XX)     =      1.000000
0                     EXECUTION PARAMETERS

             NITP   (NO. OF ITERATION PARAMETERS) =    4
             TOL    (CONVERGENCE CRITERIA - ADIP) =  0.10E-03
             ITMAX  (MAX.NO.OF ITERATIONS - ADIP) =  100
             CELDIS (MAX.CELL DISTANCE PER MOVE
                        OF PARTICLES - M.O.C.)    =    1.000
             NPMAX  (MAX. NO. OF PARTICLES)       = 3200
             NPTPND (NO. PARTICLES PER NODE)      =     4
1
0                       PROGRAM OPTIONS

             NPNT   (TIME STEP INTERVAL FOR
                     COMPLETE PRINTOUT)       =     1
             NPNTMV (MOVE INTERVAL FOR CHEM.
                     CONCENTRATION PRINTOUT)  =     0
             NPNTVL (TIME STEP INTERVAL FOR
                     VELOCITY PRINTOUT; 0=NEVER;
                     -1=FIRST TIME STEP;
                     -2=LAST TIME STEP)       =     0
             NPNTD  (PRINT OPTION-DISP.COEF.
                     0=NO; 1=FIRST TIME STEP;
                     2=ALL TIME STEPS)        =     0
             NUMOBS (NO. OF OBSERVATION WELLS
                     FOR HYDROGRAPH PRINTOUT) =     3
             NREC   (NO. OF PUMPING WELLS)    =     6
             NCODES (FOR NODE IDENT.)         =     2
             NPNCHV (TIME STEP INTERVAL FOR
                     VELOCITY PRINTOUT ON
                     FILE UNIT 7; 0=NEVER;
                     -1=FIRST TIME STEP;
                     -2=LAST TIME STEP)       =     0
             NPDELC (PRINT OPT.-CONC. CHANGE) =     0
0                       REACTION TERMS

             DK      (DISTRIBUTION COEFFICIENT) =  0.50000E-02
             RHOB    (BULK DENSITY OF SOLIDS)   =  0.26500E+01
             RF      (RETARDATION FACTOR)       =  0.10662E+01
             THALF   (HALF LIFE OF DECAY,IN SEC)=  0.00000E+00
             DECAY   (DECAY CONSTANT=LN 2/THALF)=  0.00000E+00
1               STEADY-STATE FLOW

     TIME INTERVALS (IN SEC) FOR SOLUTE-TRANSPORT SIMULATION
    0.31558E+08
 
0          LOCATION OF OBSERVATION WELLS

                 NO.     X     Y

                  1      5    11
                  2      7    11
                  3      8    11
 
0          LOCATION  OF  PUMPING  WELLS

           X   Y   RATE(IN CFS)   CONC.

           4   4     -0.0000       0.00
           6   4     -0.0000       0.00
           8   7     -1.0000    1000.00
           5  11     16.0000       0.00
           7  11      7.0000       0.00
           8  11      7.0000       0.00
 
0          AREA OF ONE CELL =   0.2250E+07
0          X-Y SPACING:
               1500.0    
               1500.0    
1TRANSMISSIVITY MAP (FT*FT/SEC)
 
   0.00E+00  0.00E+00  0.00E+00  0.00E+00  0.00E+00  0.00E+00  0.00E+00  0.00E+00  0.00E+00  0.00E+00
   0.00E+00  1.54E-01  1.54E-01  1.54E-01  1.54E-01  1.54E-01  1.54E-01  1.54E-01  1.54E-01  0.00E+00
   0.00E+00  1.54E-01  1.54E-01  1.54E-01  1.54E-01  1.54E-01  1.54E-01  1.54E-01  1.54E-01  0.00E+00
   0.00E+00  1.54E-01  1.54E-01  1.54E-01  1.54E-01  1.54E-01  1.54E-01  1.54E-01  1.54E-01  0.00E+00
   0.00E+00  1.54E-01  1.54E-01  1.54E-01  1.54E-01  1.54E-01  1.54E-01  1.54E-01  1.54E-01  0.00E+00
   0.00E+00  5.14E-02  5.14E-02  5.14E-02  5.14E-02  5.14E-02  5.14E-02  5.14E-02  5.14E-02  0.00E+00
   0.00E+00  5.14E-02  5.14E-02  5.14E-02  5.14E-02  5.14E-02  5.14E-02  5.14E-02  5.14E-02  0.00E+00
   0.00E+00  5.14E-02  5.14E-02  5.14E-02  5.14E-02  5.14E-02  5.14E-02  5.14E-02  5.14E-02  0.00E+00
   0.00E+00  5.14E-02  5.14E-02  5.14E-02  5.14E-02  5.14E-02  5.14E-02  5.14E-02  5.14E-02  0.00E+00
   0.00E+00  1.54E-02  1.54E-02  1.54E-02  1.54E-02  1.54E-02  1.54E-02  1.54E-02  1.54E-02  0.00E+00
   0.00E+00  1.54E-02  1.54E-02  1.54E-02  1.54E-02  1.54E-02  1.54E-02  1.54E-02  1.54E-02  0.00E+00
   0.00E+00  1.54E-02  1.54E-02  1.54E-02  1.54E-02  1.54E-02  1.54E-02  1.54E-02  1.54E-02  0.00E+00
   0.00E+00  1.54E-02  1.54E-02  1.54E-02  1.54E-02  1.54E-02  1.54E-02  1.54E-02  1.54E-02  0.00E+00
   0.00E+00  0.00E+00  0.00E+00  0.00E+00  0.00E+00  0.00E+00  0.00E+00  0.00E+00  0.00E+00  0.00E+00
1AQUIFER THICKNESS (FT)
 
     0.0  0.0  0.0  0.0  0.0  0.0  0.0  0.0  0.0  0.0
     0.0300.0300.0300.0300.0300.0300.0300.0300.0  0.0
     0.0300.0300.0300.0300.0300.0300.0300.0300.0  0.0
     0.0300.0300.0300.0300.0300.0300.0300.0300.0  0.0
     0.0300.0300.0300.0300.0300.0300.0300.0300.0  0.0
     0.0300.0300.0300.0300.0300.0300.0300.0300.0  0.0
     0.0300.0300.0300.0300.0300.0300.0300.0300.0  0.0
     0.0300.0300.0300.0300.0300.0300.0300.0300.0  0.0
     0.0300.0300.0300.0300.0300.0300.0300.0300.0  0.0
     0.0300.0300.0300.0300.0300.0300.0300.0300.0  0.0
     0.0300.0300.0300.0300.0300.0300.0300.0300.0  0.0
     0.0300.0300.0300.0300.0300.0300.0300.0300.0  0.0
     0.0300.0300.0300.0300.0300.0300.0300.0300.0  0.0
     0.0  0.0  0.0  0.0  0.0  0.0  0.0  0.0  0.0  0.0
1DIFFUSE RECHARGE AND DISCHARGE (FT/SEC)
 
   0.00E+00  0.00E+00  0.00E+00  0.00E+00  0.00E+00  0.00E+00  0.00E+00  0.00E+00  0.00E+00  0.00E+00
   0.00E+00  0.00E+00  0.00E+00  0.00E+00  0.00E+00  0.00E+00  0.00E+00  0.00E+00  0.00E+00  0.00E+00
   0.00E+00  0.00E+00  0.00E+00  0.00E+00  0.00E+00  0.00E+00  0.00E+00  0.00E+00  0.00E+00  0.00E+00
   0.00E+00  0.00E+00  0.00E+00  0.00E+00  0.00E+00  0.00E+00  0.00E+00  0.00E+00  0.00E+00  0.00E+00
   0.00E+00  0.00E+00  0.00E+00  0.00E+00  0.00E+00  0.00E+00  0.00E+00  0.00E+00  0.00E+00  0.00E+00
   0.00E+00  0.00E+00  0.00E+00  0.00E+00  0.00E+00  0.00E+00  0.00E+00  0.00E+00  0.00E+00  0.00E+00
   0.00E+00  0.00E+00  0.00E+00  0.00E+00  0.00E+00  0.00E+00  0.00E+00  0.00E+00  0.00E+00  0.00E+00
   0.00E+00  0.00E+00  0.00E+00  0.00E+00  0.00E+00  0.00E+00  0.00E+00  0.00E+00  0.00E+00  0.00E+00
   0.00E+00  0.00E+00  0.00E+00  0.00E+00  0.00E+00  0.00E+00  0.00E+00  0.00E+00  0.00E+00  0.00E+00
   0.00E+00  0.00E+00  0.00E+00  0.00E+00  0.00E+00  0.00E+00  0.00E+00  0.00E+00  0.00E+00  0.00E+00
   0.00E+00  0.00E+00  0.00E+00  0.00E+00  0.00E+00  0.00E+00  0.00E+00  0.00E+00  0.00E+00  0.00E+00
   0.00E+00  0.00E+00  0.00E+00  0.00E+00  0.00E+00  0.00E+00  0.00E+00  0.00E+00  0.00E+00  0.00E+00
   0.00E+00  0.00E+00  0.00E+00  0.00E+00  0.00E+00  0.00E+00  0.00E+00  0.00E+00  0.00E+00  0.00E+00
   0.00E+00  0.00E+00  0.00E+00  0.00E+00  0.00E+00  0.00E+00  0.00E+00  0.00E+00  0.00E+00  0.00E+00
1PERMEABILTY MAP (FT/SEC)
 
   0.00E+00  0.00E+00  0.00E+00  0.00E+00  0.00E+00  0.00E+00  0.00E+00  0.00E+00  0.00E+00  0.00E+00
   0.00E+00  5.13E-04  5.13E-04  5.13E-04  5.13E-04  5.13E-04  5.13E-04  5.13E-04  5.13E-04  0.00E+00
   0.00E+00  5.13E-04  5.13E-04  5.13E-04  5.13E-04  5.13E-04  5.13E-04  5.13E-04  5.13E-04  0.00E+00
   0.00E+00  5.13E-04  5.13E-04  5.13E-04  5.13E-04  5.13E-04  5.13E-04  5.13E-04  5.13E-04  0.00E+00
   0.00E+00  5.13E-04  5.13E-04  5.13E-04  5.13E-04  5.13E-04  5.13E-04  5.13E-04  5.13E-04  0.00E+00
   0.00E+00  1.71E-04  1.71E-04  1.71E-04  1.71E-04  1.71E-04  1.71E-04  1.71E-04  1.71E-04  0.00E+00
   0.00E+00  1.71E-04  1.71E-04  1.71E-04  1.71E-04  1.71E-04  1.71E-04  1.71E-04  1.71E-04  0.00E+00
   0.00E+00  1.71E-04  1.71E-04  1.71E-04  1.71E-04  1.71E-04  1.71E-04  1.71E-04  1.71E-04  0.00E+00
   0.00E+00  1.71E-04  1.71E-04  1.71E-04  1.71E-04  1.71E-04  1.71E-04  1.71E-04  1.71E-04  0.00E+00
   0.00E+00  5.13E-05  5.13E-05  5.13E-05  5.13E-05  5.13E-05  5.13E-05  5.13E-05  5.13E-05  0.00E+00
   0.00E+00  5.13E-05  5.13E-05  5.13E-05  5.13E-05  5.13E-05  5.13E-05  5.13E-05  5.13E-05  0.00E+00
   0.00E+00  5.13E-05  5.13E-05  5.13E-05  5.13E-05  5.13E-05  5.13E-05  5.13E-05  5.13E-05  0.00E+00
   0.00E+00  5.13E-05  5.13E-05  5.13E-05  5.13E-05  5.13E-05  5.13E-05  5.13E-05  5.13E-05  0.00E+00
   0.00E+00  0.00E+00  0.00E+00  0.00E+00  0.00E+00  0.00E+00  0.00E+00  0.00E+00  0.00E+00  0.00E+00
0          NO. OF FINITE-DIFFERENCE CELLS IN AQUIFER =   96

          AREA OF AQUIFER IN MODEL  =  0.21600E+09   SQ. FT.



          NZCRIT   (MAX. NO. OF CELLS THAT CAN BE VOID OF
                    PARTICLES;  IF EXCEEDED, PARTICLES ARE REGENERATED)   =    2

1NODE IDENTIFICATION MAP


   0  0  0  0  0  0  0  0  0  0
   0  1  1  1  1  1  1  1  1  0
   0  0  0  0  0  0  0  0  0  0
   0  0  0  0  0  0  0  0  0  0
   0  0  0  0  0  0  0  0  0  0
   0  0  0  0  0  0  0  0  0  0
   0  0  0  0  0  0  0  0  0  0
   0  0  0  0  0  0  0  0  0  0
   0  0  0  0  0  0  0  0  0  0
   0  0  0  0  0  0  0  0  0  0
   0  0  0  0  0  0  0  0  0  0
   0  0  0  0  0  0  0  0  0  0
   0  2  2  2  2  2  2  2  2  0
   0  0  0  0  0  0  0  0  0  0
0     NO. OF NODE IDENT. CODES SPECIFIED =  2
0          THE FOLLOWING ASSIGNMENTS HAVE BEEN MADE:
     CODE NO.     LEAKANCE     SOURCE CONC.     RECHARGE
0        1        0.100E+03          0.00
0        2        0.200E+03          0.00
1VERTICAL PERMEABILITY/THICKNESS (FT/(FT*SEC))
 
   0.00E+00  0.00E+00  0.00E+00  0.00E+00  0.00E+00  0.00E+00  0.00E+00  0.00E+00  0.00E+00  0.00E+00
   0.00E+00  1.00E+02  1.00E+02  1.00E+02  1.00E+02  1.00E+02  1.00E+02  1.00E+02  1.00E+02  0.00E+00
   0.00E+00  0.00E+00  0.00E+00  0.00E+00  0.00E+00  0.00E+00  0.00E+00  0.00E+00  0.00E+00  0.00E+00
   0.00E+00  0.00E+00  0.00E+00  0.00E+00  0.00E+00  0.00E+00  0.00E+00  0.00E+00  0.00E+00  0.00E+00
   0.00E+00  0.00E+00  0.00E+00  0.00E+00  0.00E+00  0.00E+00  0.00E+00  0.00E+00  0.00E+00  0.00E+00
   0.00E+00  0.00E+00  0.00E+00  0.00E+00  0.00E+00  0.00E+00  0.00E+00  0.00E+00  0.00E+00  0.00E+00
   0.00E+00  0.00E+00  0.00E+00  0.00E+00  0.00E+00  0.00E+00  0.00E+00  0.00E+00  0.00E+00  0.00E+00
   0.00E+00  0.00E+00  0.00E+00  0.00E+00  0.00E+00  0.00E+00  0.00E+00  0.00E+00  0.00E+00  0.00E+00
   0.00E+00  0.00E+00  0.00E+00  0.00E+00  0.00E+00  0.00E+00  0.00E+00  0.00E+00  0.00E+00  0.00E+00
   0.00E+00  0.00E+00  0.00E+00  0.00E+00  0.00E+00  0.00E+00  0.00E+00  0.00E+00  0.00E+00  0.00E+00
   0.00E+00  0.00E+00  0.00E+00  0.00E+00  0.00E+00  0.00E+00  0.00E+00  0.00E+00  0.00E+00  0.00E+00
   0.00E+00  0.00E+00  0.00E+00  0.00E+00  0.00E+00  0.00E+00  0.00E+00  0.00E+00  0.00E+00  0.00E+00
   0.00E+00  2.00E+02  2.00E+02  2.00E+02  2.00E+02  2.00E+02  2.00E+02  2.00E+02  2.00E+02  0.00E+00
   0.00E+00  0.00E+00  0.00E+00  0.00E+00  0.00E+00  0.00E+00  0.00E+00  0.00E+00  0.00E+00  0.00E+00
1WATER TABLE
 
    0.   0.   0.   0.   0.   0.   0.   0.   0.   0.
    0. 600. 600. 600. 600. 600. 600. 600. 600.   0.
    0.   0.   0.   0.   0.   0.   0.   0.   0.   0.
    0.   0.   0.   0.   0.   0.   0.   0.   0.   0.
    0.   0.   0.   0.   0.   0.   0.   0.   0.   0.
    0.   0.   0.   0.   0.   0.   0.   0.   0.   0.
    0.   0.   0.   0.   0.   0.   0.   0.   0.   0.
    0.   0.   0.   0.   0.   0.   0.   0.   0.   0.
    0.   0.   0.   0.   0.   0.   0.   0.   0.   0.
    0.   0.   0.   0.   0.   0.   0.   0.   0.   0.
    0.   0.   0.   0.   0.   0.   0.   0.   0.   0.
    0.   0.   0.   0.   0.   0.   0.   0.   0.   0.
    0. 540. 537. 534. 531. 528. 525. 522. 519.   0.
    0.   0.   0.   0.   0.   0.   0.   0.   0.   0.
1HEAD DISTRIBUTION - ROW
 NUMBER OF TIME STEPS =     0
        TIME(SECONDS) =   0.0000    
        TIME(DAYS)    =  0.00000E+00
        TIME(YEARS)   =  0.00000E+00
 
0   0.0000000   0.0000000   0.0000000   0.0000000   0.0000000   0.0000000   0.0000000   0.0000000   0.0000000   0.0000000
0   0.0000000 600.0000000 600.0000000 600.0000000 600.0000000 600.0000000 600.0000000 600.0000000 600.0000000   0.0000000
0   0.0000000   0.0000000   0.0000000   0.0000000   0.0000000   0.0000000   0.0000000   0.0000000   0.0000000   0.0000000
0   0.0000000   0.0000000   0.0000000   0.0000000   0.0000000   0.0000000   0.0000000   0.0000000   0.0000000   0.0000000
0   0.0000000   0.0000000   0.0000000   0.0000000   0.0000000   0.0000000   0.0000000   0.0000000   0.0000000   0.0000000
0   0.0000000   0.0000000   0.0000000   0.0000000   0.0000000   0.0000000   0.0000000   0.0000000   0.0000000   0.0000000
0   0.0000000   0.0000000   0.0000000   0.0000000   0.0000000   0.0000000   0.0000000   0.0000000   0.0000000   0.0000000
0   0.0000000   0.0000000   0.0000000   0.0000000   0.0000000   0.0000000   0.0000000   0.0000000   0.0000000   0.0000000
0   0.0000000   0.0000000   0.0000000   0.0000000   0.0000000   0.0000000   0.0000000   0.0000000   0.0000000   0.0000000
0   0.0000000   0.0000000   0.0000000   0.0000000   0.0000000   0.0000000   0.0000000   0.0000000   0.0000000   0.0000000
0   0.0000000   0.0000000   0.0000000   0.0000000   0.0000000   0.0000000   0.0000000   0.0000000   0.0000000   0.0000000
0   0.0000000   0.0000000   0.0000000   0.0000000   0.0000000   0.0000000   0.0000000   0.0000000   0.0000000   0.0000000
0   0.0000000 540.0000000 537.0000000 534.0000000 531.0000000 528.0000000 525.0000000 522.0000000 519.0000000   0.0000000
0   0.0000000   0.0000000   0.0000000   0.0000000   0.0000000   0.0000000   0.0000000   0.0000000   0.0000000   0.0000000
1ITERATION PARAMETERS
           0.125888E-01
           0.541156E-01
           0.232628    
            1.00000    
1CONCENTRATION

 NUMBER OF TIME STEPS =     0
        TIME(SECONDS) =   0.0000    
   CHEM.TIME(SECONDS) =  0.00000E+00
   CHEM.TIME(DAYS)    =  0.00000E+00
        TIME(YEARS)   =  0.00000E+00
   CHEM.TIME(YEARS)   =  0.00000E+00
  NO. MOVES COMPLETED =     0
 
0    0    0    0    0    0    0    0    0    0    0
0    0    0    0    0    0    0    0    0    0    0
0    0    0    0    0    0    0    0    0    0    0
0    0    0    0    0    0    0    0    0    0    0
0    0    0    0    0    0    0    0    0    0    0
0    0    0    0    0    0    0    0    0    0    0
0    0    0    0    0    0    0    0    0    0    0
0    0    0    0    0    0    0    0    0    0    0
0    0    0    0    0    0    0    0    0    0    0
0    0    0    0    0    0    0    0    0    0    0
0    0    0    0    0    0    0    0    0    0    0
0    0    0    0    0    0    0    0    0    0    0
0    0    0    0    0    0    0    0    0    0    0
0    0    0    0    0    0    0    0    0    0    0
0

   N =    1
   NUMBER OF ITERATIONS =   24
1HEAD DISTRIBUTION - ROW
 NUMBER OF TIME STEPS =     1
        TIME(SECONDS) =  0.31558E+08
        TIME(DAYS)    =  0.36525E+03
        TIME(YEARS)   =  0.10000E+01
 
0   0.0000000   0.0000000   0.0000000   0.0000000   0.0000000   0.0000000   0.0000000   0.0000000   0.0000000   0.0000000
0   0.0000000 600.0000000 600.0000000 600.0000000 600.0000000 600.0000000 600.0000000 600.0000000 600.0000000   0.0000000
0   0.0000000 590.0263954 589.9328767 589.7794322 589.6185096 589.4969926 589.4335489 589.4125307 589.4028653   0.0000000
0   0.0000000 580.1464051 579.9258409 579.5665114 579.1977737 578.9360720 578.8248413 578.8138705 578.7961606   0.0000000
0   0.0000000 570.4870109 570.0576213 569.3630456 568.6700439 568.2247226 568.1159206 568.2220003 568.1717779   0.0000000
0   0.0000000 552.0545439 550.8801482 548.9833388 547.1513067 546.1618839 546.3008403 547.3819506 546.8544352   0.0000000
0   0.0000000 525.5940662 522.8507674 518.3643093 514.0467489 511.9558117 512.6524502 517.7461633 514.3668954   0.0000000
0   0.0000000 501.8770072 496.5647624 487.5765949 478.7157571 474.9623527 474.6071984 477.1419372 478.5002076   0.0000000
0   0.0000000 483.4722599 473.9548134 456.6616706 438.2774254 434.5707369 433.6721731 437.7143129 443.9918571   0.0000000
0   0.0000000 464.1867660 441.7644261 391.9439101 318.6758382 340.8271902 334.1217750 347.3054816 382.7309561   0.0000000
0   0.0000000 456.9253696 419.6160461 315.7797133  39.1690822 225.3965587 161.0075319 185.9090455 323.8653859   0.0000000
0   0.0000000 486.9733497 463.9947816 412.3899119 335.7853345 360.5825075 353.1483002 366.0033434 402.9562091   0.0000000
0   0.0000000 540.0000000 537.0000000 534.0000000 531.0000000 528.0000000 525.0000000 522.0000000 519.0000000   0.0000000
0   0.0000000   0.0000000   0.0000000   0.0000000   0.0000000   0.0000000   0.0000000   0.0000000   0.0000000   0.0000000
1HEAD DISTRIBUTION - ROW
 NUMBER OF TIME STEPS =     1
        TIME(SECONDS) =  0.31558E+08
        TIME(DAYS)    =  0.36525E+03
        TIME(YEARS)   =  0.10000E+01
 
0   0   0   0   0   0   0   0   0   0   0
0   0 600 600 600 600 600 600 600 600   0
0   0 590 590 590 590 589 589 589 589   0
0   0 580 580 580 579 579 579 579 579   0
0   0 570 570 569 569 568 568 568 568   0
0   0 552 551 549 547 546 546 547 547   0
0   0 526 523 518 514 512 513 518 514   0
0   0 502 497 488 479 475 475 477 479   0
0   0 483 474 457 438 435 434 438 444   0
0   0 464 442 392 319 341 334 347 383   0
0   0 457 420 316  39 225 161 186 324   0
0   0 487 464 412 336 361 353 366 403   0
0   0 540 537 534 531 528 525 522 519   0
0   0   0   0   0   0   0   0   0   0   0
1DRAWDOWN
       0    0    0    0    0    0    0    0    0    0
       0    0    0    0    0    0    0    0    0    0
       0 -590 -590 -590 -590 -589 -589 -589 -589    0
       0 -580 -580 -580 -579 -579 -579 -579 -579    0
       0 -570 -570 -569 -569 -568 -568 -568 -568    0
       0 -552 -551 -549 -547 -546 -546 -547 -547    0
       0 -526 -523 -518 -514 -512 -513 -518 -514    0
       0 -502 -497 -488 -479 -475 -475 -477 -479    0
       0 -483 -474 -457 -438 -435 -434 -438 -444    0
       0 -464 -442 -392 -319 -341 -334 -347 -383    0
       0 -457 -420 -316  -39 -225 -161 -186 -324    0
       0 -487 -464 -412 -336 -361 -353 -366 -403    0
       0    0    0    0    0    0    0    0    0    0
       0    0    0    0    0    0    0    0    0    0
0  CUMULATIVE MASS BALANCE -- (IN FT**3) 


    RECHARGE AND INJECTION     = -0.31558E+08
    PUMPAGE AND E-T WITHDRAWAL =  0.94673E+09
    CUMULATIVE  NET  PUMPAGE   =  0.91517E+09
    WATER RELEASE FROM STORAGE =  0.00000E+00
    LEAKAGE INTO AQUIFER       =  0.91518E+09
    LEAKAGE OUT OF AQUIFER     =  0.00000E+00
    CUMULATIVE  NET  LEAKAGE   =  0.91518E+09
0       MASS BALANCE RESIDUAL  =   9964.3    
        ERROR  (AS PERCENT)    =  0.10525E-02

0  RATE MASS BALANCE -- (IN C.F.S.) 


    LEAKAGE INTO AQUIFER       =  0.29000E+02
    LEAKAGE OUT OF AQUIFER     =  0.00000E+00
    NET LEAKAGE    (QNET)      =  0.29000E+02
    RECHARGE AND INJECTION     = -0.10000E+01
    PUMPAGE AND E-T WITHDRAWAL =  0.30000E+02
    NET WITHDRAWAL   (TPUM)    =  0.29000E+02
1          STABILITY CRITERIA --- M.O.C.


0     MAXIMUM FLUID VELOCITIES:  X-VEL =  4.73E-05     Y-VEL =  5.08E-05
0     MAXIMUM EFFECTIVE SOLUTE VELOCITIES:  X-VEL =  4.44E-05     Y-VEL =  4.76E-05
0 TMV (MAX. INJ.) =  0.47881E+08
  TIMV (CELDIS)   =  0.31512E+08
0 TIMV =  3.15E+07     NTIMV =     1     NMOV =     2

   TIM (N)  =  0.31558E+08
   TIMEVELO =  0.15779E+08
   TIMEDISP =  0.74628E+08
0 TIMV =  1.58E+07     NTIMD =     0     NMOV =     2
0          THE LIMITING STABILITY CRITERION IS CELDIS
     MAX. Y-VEL. IS CONSTRAINT AND OCCURS BETWEEN NODES ( 5,11) AND ( 5,12)
0          NO. OF PARTICLE MOVES REQUIRED TO COMPLETE THIS TIME STEP  =    2


0  NP       =          384          IMOV     =            1
   TIM(N)   =  0.31558E+08          TIMV     =  0.15779E+08          SUMTCH =  0.15779E+08
0  NP       =          396          IMOV     =            2
   TIM(N)   =  0.31558E+08          TIMV     =  0.15779E+08          SUMTCH =  0.31558E+08
1CONCENTRATION

 NUMBER OF TIME STEPS =     1
        DELTA T       =  0.31558E+08
        TIME(SECONDS) =  0.31558E+08
   CHEM.TIME(SECONDS) =  0.31558E+08
   CHEM.TIME(DAYS)    =  0.36525E+03
        TIME(YEARS)   =  0.10000E+01
   CHEM.TIME(YEARS)   =  0.10000E+01
  NO. MOVES COMPLETED =     2
 
0    0    0    0    0    0    0    0    0    0    0
0    0    0    0    0    0    0    0    0    0    0
0    0    0    0    0    0    0    0    0    0    0
0    0    0    0    0    0    0    0    0    0    0
0    0    0    0    0    0    0    0    0    0    0
0    0    0    0    0    0    0    0    2    0    0
0    0    0    0    0    0    0    1  151    1    0
0    0    0    0    0    0    0    0   55    0    0
0    0    0    0    0    0    0    0    1    0    0
0    0    0    0    0    0    0    0    0    0    0
0    0    0    0    0    0    0    0    0    0    0
0    0    0    0    0    0    0    0    0    0    0
0    0    0    0    0    0    0    0    0    0    0
0    0    0    0    0    0    0    0    0    0    0
 
 CHEMICAL MASS BALANCE
 
        MASS IN BOUNDARIES     =  0.00000E+00
        MASS OUT BOUNDARIES    =  0.00000E+00
        MASS PUMPED IN         =  0.31558E+11
        MASS PUMPED OUT        = -0.00000E+00
        MASS LOST BY DECAY     =  0.00000E+00
        MASS ADSORBED ON SOLIDS=  0.18802E+10
        INITIAL MASS ADSORBED  =  0.00000E+00
        INFLOW MINUS OUTFLOW   =  0.31558E+11
        INITIAL MASS DISSOLVED =  0.00000E+00
        PRESENT MASS DISSOLVED =  0.28380E+11
        CHANGE MASS DISSOLVED  =  0.28380E+11
        CHANGE TOTL.MASS STORED=  0.30260E+11
      COMPARE RESIDUAL WITH NET FLUX AND MASS ACCUMULATION:
        MASS BALANCE RESIDUAL  =  0.12972E+10
        ERROR  (AS PERCENT)    =  0.41107E+01
1Example 3 - Waste Injection Example File                                        


0     TIME VERSUS HEAD AND CONCENTRATION AT SELECTED OBSERVATION POINTS

               PUMPING PERIOD NO.    1




0               STEADY-STATE SOLUTION




0                    OBS.WELL NO.    X    Y                 N      HEAD (FT)    CONC.(MG/L)    TIME (YEARS)

                          1          5   11


                                                            0          0.0            0.0          0.000
                                                            1         39.2            0.0          0.500
                                                            2         39.2            0.0          1.000
0                    OBS.WELL NO.    X    Y                 N      HEAD (FT)    CONC.(MG/L)    TIME (YEARS)

                          2          7   11


                                                            0          0.0            0.0          0.000
                                                            1        161.0            0.0          0.500
                                                            2        161.0            0.0          1.000
0                    OBS.WELL NO.    X    Y                 N      HEAD (FT)    CONC.(MG/L)    TIME (YEARS)

                          3          8   11


                                                            0          0.0            0.0          0.000
                                                            1        185.9            0.0          0.500
                                                            2        185.9            0.0          1.000
 END OF SIMULATION BY USGS MOC
