1U.S.G.S. METHOD-OF-CHARACTERISTICS MODEL FOR SOLUTE TRANSPORT IN GROUND WATER
0Casing Failure Simulation - Case 1; 20 x 20 Grid                                
 
0                     I N P U T     D A T A
0                       GRID DESCRIPTORS

             NX    (NUMBER OF COLUMNS)  =    20
             NY    (NUMBER OF ROWS)     =    20
             XDEL  (X-DISTANCE IN FEET) =  1640.0
             YDEL  (Y-DISTANCE IN FEET) =  1640.0
0                       TIME  PARAMETERS

             NTIM   (MAX. NO. OF TIME STEPS)       =     10
             NPMP   (NO. OF PUMPING PERIODS)       =      1
             PINT   (PUMPING PERIOD IN YEARS)      =    200.000
             TIMX   (TIME INCREMENT MULTIPLIER)    =       .00
             TINIT  (INITIAL TIME STEP IN SEC.)    =      0.
0              HYDROLOGIC AND CHEMICAL PARAMETERS

             S       (STORAGE COEFFICIENT)       =       .000000
             POROS   (EFFECTIVE POROSITY)        =       .300
             BETA    (LONGITUDINAL DISPERSIVITY) =    164.0
             DLTRAT  (RATIO OF TRANSVERSE TO
                     LONGITUDINAL DISPERSIVITY)  =       .10
             ANFCTR  (RATIO OF T-YY TO T-XX)     =      1.000000
0                     EXECUTION PARAMETERS

             NITP   (NO. OF ITERATION PARAMETERS) =    7
             TOL    (CONVERGENCE CRITERIA - ADIP) =   .10E-02
             ITMAX  (MAX.NO.OF ITERATIONS - ADIP) =  100
             CELDIS (MAX.CELL DISTANCE PER MOVE
                        OF PARTICLES - M.O.C.)    =     .980
             NPMAX  (MAX. NO. OF PARTICLES)       = 3200
             NPTPND (NO. PARTICLES PER NODE)      =     9
1
0                       PROGRAM OPTIONS

             NPNT   (TIME STEP INTERVAL FOR
                     COMPLETE PRINTOUT)       =     5
             NPNTMV (MOVE INTERVAL FOR CHEM.
                     CONCENTRATION PRINTOUT)  =     0
             NPNTVL (TIME STEP INTERVAL FOR
                     VELOCITY PRINTOUT; 0=NEVER;
                     -1=FIRST TIME STEP;
                     -2=LAST TIME STEP)       =     0
             NPNTD  (PRINT OPTION-DISP.COEF.
                     0=NO; 1=FIRST TIME STEP;
                     2=ALL TIME STEPS)        =     0
             NUMOBS (NO. OF OBSERVATION WELLS
                     FOR HYDROGRAPH PRINTOUT) =     2
             NREC   (NO. OF PUMPING WELLS)    =     2
             NCODES (FOR NODE IDENT.)         =     2
             NPNCHV (TIME STEP INTERVAL FOR
                     VELOCITY PRINTOUT ON
                     FILE UNIT 7; 0=NEVER;
                     -1=FIRST TIME STEP;
                     -2=LAST TIME STEP)       =     0
             NPDELC (PRINT OPT.-CONC. CHANGE) =     0
0                       REACTION TERMS

             DK      (DISTRIBUTION COEFFICIENT) =   .26500E+01
             RHOB    (BULK DENSITY OF SOLIDS)   =   .00000E+00
             RF      (RETARDATION FACTOR)       =   .10000E+01
             THALF   (HALF LIFE OF DECAY,IN SEC)=   .40000E+10
             DECAY   (DECAY CONSTANT=LN 2/THALF)=   .17329E-09
1               STEADY-STATE FLOW

     TIME INTERVALS (IN SEC) FOR SOLUTE-TRANSPORT SIMULATION
     .63115E+09  .63115E+09  .63115E+09  .63115E+09  .63115E+09  .63115E+09  .63115E+09  .63115E+09  .63115E+09  .63115E+09
 
0          LOCATION OF OBSERVATION WELLS

                 NO.     X     Y

                  1     10     5
                  2     10    15
 
0          LOCATION  OF  PUMPING  WELLS

           X   Y   RATE(IN CFS)   CONC.

          10  15      4.3333        .00
          10   5       .0000   ********
 
0          AREA OF ONE CELL =    .2690E+07
0          X-Y SPACING:
               1640.0    
               1640.0    
1TRANSMISSIVITY MAP (FT*FT/SEC)
 
   0.00E+00  0.00E+00  0.00E+00  0.00E+00  0.00E+00  0.00E+00  0.00E+00  0.00E+00  0.00E+00  0.00E+00
   0.00E+00  0.00E+00  0.00E+00  0.00E+00  0.00E+00  0.00E+00  0.00E+00  0.00E+00  0.00E+00  0.00E+00
   0.00E+00  1.90E-01  1.90E-01  1.90E-01  1.90E-01  1.90E-01  1.90E-01  1.90E-01  1.90E-01  1.90E-01
   1.90E-01  1.90E-01  1.90E-01  1.90E-01  1.90E-01  1.90E-01  1.90E-01  1.90E-01  1.90E-01  0.00E+00
   0.00E+00  1.90E-01  1.90E-01  1.90E-01  1.90E-01  1.90E-01  1.90E-01  1.90E-01  1.90E-01  1.90E-01
   1.90E-01  1.90E-01  1.90E-01  1.90E-01  1.90E-01  1.90E-01  1.90E-01  1.90E-01  1.90E-01  0.00E+00
   0.00E+00  1.90E-01  1.90E-01  1.90E-01  1.90E-01  1.90E-01  1.90E-01  1.90E-01  1.90E-01  1.90E-01
   1.90E-01  1.90E-01  1.90E-01  1.90E-01  1.90E-01  1.90E-01  1.90E-01  1.90E-01  1.90E-01  0.00E+00
   0.00E+00  1.90E-01  1.90E-01  1.90E-01  1.90E-01  1.90E-01  1.90E-01  1.90E-01  1.90E-01  1.90E-01
   1.90E-01  1.90E-01  1.90E-01  1.90E-01  1.90E-01  1.90E-01  1.90E-01  1.90E-01  1.90E-01  0.00E+00
   0.00E+00  1.90E-01  1.90E-01  1.90E-01  1.90E-01  1.90E-01  1.90E-01  1.90E-01  1.90E-01  1.90E-01
   1.90E-01  1.90E-01  1.90E-01  1.90E-01  1.90E-01  1.90E-01  1.90E-01  1.90E-01  1.90E-01  0.00E+00
   0.00E+00  1.90E-01  1.90E-01  1.90E-01  1.90E-01  1.90E-01  1.90E-01  1.90E-01  1.90E-01  1.90E-01
   1.90E-01  1.90E-01  1.90E-01  1.90E-01  1.90E-01  1.90E-01  1.90E-01  1.90E-01  1.90E-01  0.00E+00
   0.00E+00  1.90E-01  1.90E-01  1.90E-01  1.90E-01  1.90E-01  1.90E-01  1.90E-01  1.90E-01  1.90E-01
   1.90E-01  1.90E-01  1.90E-01  1.90E-01  1.90E-01  1.90E-01  1.90E-01  1.90E-01  1.90E-01  0.00E+00
   0.00E+00  1.90E-01  1.90E-01  1.90E-01  1.90E-01  1.90E-01  1.90E-01  1.90E-01  1.90E-01  1.90E-01
   1.90E-01  1.90E-01  1.90E-01  1.90E-01  1.90E-01  1.90E-01  1.90E-01  1.90E-01  1.90E-01  0.00E+00
   0.00E+00  1.90E-01  1.90E-01  1.90E-01  1.90E-01  1.90E-01  1.90E-01  1.90E-01  1.90E-01  1.90E-01
   1.90E-01  1.90E-01  1.90E-01  1.90E-01  1.90E-01  1.90E-01  1.90E-01  1.90E-01  1.90E-01  0.00E+00
   0.00E+00  1.90E-01  1.90E-01  1.90E-01  1.90E-01  1.90E-01  1.90E-01  1.90E-01  1.90E-01  1.90E-01
   1.90E-01  1.90E-01  1.90E-01  1.90E-01  1.90E-01  1.90E-01  1.90E-01  1.90E-01  1.90E-01  0.00E+00
   0.00E+00  1.90E-01  1.90E-01  1.90E-01  1.90E-01  1.90E-01  1.90E-01  1.90E-01  1.90E-01  1.90E-01
   1.90E-01  1.90E-01  1.90E-01  1.90E-01  1.90E-01  1.90E-01  1.90E-01  1.90E-01  1.90E-01  0.00E+00
   0.00E+00  1.90E-01  1.90E-01  1.90E-01  1.90E-01  1.90E-01  1.90E-01  1.90E-01  1.90E-01  1.90E-01
   1.90E-01  1.90E-01  1.90E-01  1.90E-01  1.90E-01  1.90E-01  1.90E-01  1.90E-01  1.90E-01  0.00E+00
   0.00E+00  1.90E-01  1.90E-01  1.90E-01  1.90E-01  1.90E-01  1.90E-01  1.90E-01  1.90E-01  1.90E-01
   1.90E-01  1.90E-01  1.90E-01  1.90E-01  1.90E-01  1.90E-01  1.90E-01  1.90E-01  1.90E-01  0.00E+00
   0.00E+00  1.90E-01  1.90E-01  1.90E-01  1.90E-01  1.90E-01  1.90E-01  1.90E-01  1.90E-01  1.90E-01
   1.90E-01  1.90E-01  1.90E-01  1.90E-01  1.90E-01  1.90E-01  1.90E-01  1.90E-01  1.90E-01  0.00E+00
   0.00E+00  1.90E-01  1.90E-01  1.90E-01  1.90E-01  1.90E-01  1.90E-01  1.90E-01  1.90E-01  1.90E-01
   1.90E-01  1.90E-01  1.90E-01  1.90E-01  1.90E-01  1.90E-01  1.90E-01  1.90E-01  1.90E-01  0.00E+00
   0.00E+00  1.90E-01  1.90E-01  1.90E-01  1.90E-01  1.90E-01  1.90E-01  1.90E-01  1.90E-01  1.90E-01
   1.90E-01  1.90E-01  1.90E-01  1.90E-01  1.90E-01  1.90E-01  1.90E-01  1.90E-01  1.90E-01  0.00E+00
   0.00E+00  1.90E-01  1.90E-01  1.90E-01  1.90E-01  1.90E-01  1.90E-01  1.90E-01  1.90E-01  1.90E-01
   1.90E-01  1.90E-01  1.90E-01  1.90E-01  1.90E-01  1.90E-01  1.90E-01  1.90E-01  1.90E-01  0.00E+00
   0.00E+00  1.90E-01  1.90E-01  1.90E-01  1.90E-01  1.90E-01  1.90E-01  1.90E-01  1.90E-01  1.90E-01
   1.90E-01  1.90E-01  1.90E-01  1.90E-01  1.90E-01  1.90E-01  1.90E-01  1.90E-01  1.90E-01  0.00E+00
   0.00E+00  0.00E+00  0.00E+00  0.00E+00  0.00E+00  0.00E+00  0.00E+00  0.00E+00  0.00E+00  0.00E+00
   0.00E+00  0.00E+00  0.00E+00  0.00E+00  0.00E+00  0.00E+00  0.00E+00  0.00E+00  0.00E+00  0.00E+00
1AQUIFER THICKNESS (FT)
 
      .0   .0   .0   .0   .0   .0   .0   .0   .0   .0   .0   .0   .0   .0   .0   .0   .0   .0   .0   .0
      .0300.0300.0300.0300.0300.0300.0300.0300.0300.0300.0300.0300.0300.0300.0300.0300.0300.0300.0   .0
      .0300.0300.0300.0300.0300.0300.0300.0300.0300.0300.0300.0300.0300.0300.0300.0300.0300.0300.0   .0
      .0300.0300.0300.0300.0300.0300.0300.0300.0300.0300.0300.0300.0300.0300.0300.0300.0300.0300.0   .0
      .0300.0300.0300.0300.0300.0300.0300.0300.0300.0300.0300.0300.0300.0300.0300.0300.0300.0300.0   .0
      .0300.0300.0300.0300.0300.0300.0300.0300.0300.0300.0300.0300.0300.0300.0300.0300.0300.0300.0   .0
      .0300.0300.0300.0300.0300.0300.0300.0300.0300.0300.0300.0300.0300.0300.0300.0300.0300.0300.0   .0
      .0300.0300.0300.0300.0300.0300.0300.0300.0300.0300.0300.0300.0300.0300.0300.0300.0300.0300.0   .0
      .0300.0300.0300.0300.0300.0300.0300.0300.0300.0300.0300.0300.0300.0300.0300.0300.0300.0300.0   .0
      .0300.0300.0300.0300.0300.0300.0300.0300.0300.0300.0300.0300.0300.0300.0300.0300.0300.0300.0   .0
      .0300.0300.0300.0300.0300.0300.0300.0300.0300.0300.0300.0300.0300.0300.0300.0300.0300.0300.0   .0
      .0300.0300.0300.0300.0300.0300.0300.0300.0300.0300.0300.0300.0300.0300.0300.0300.0300.0300.0   .0
      .0300.0300.0300.0300.0300.0300.0300.0300.0300.0300.0300.0300.0300.0300.0300.0300.0300.0300.0   .0
      .0300.0300.0300.0300.0300.0300.0300.0300.0300.0300.0300.0300.0300.0300.0300.0300.0300.0300.0   .0
      .0300.0300.0300.0300.0300.0300.0300.0300.0300.0300.0300.0300.0300.0300.0300.0300.0300.0300.0   .0
      .0300.0300.0300.0300.0300.0300.0300.0300.0300.0300.0300.0300.0300.0300.0300.0300.0300.0300.0   .0
      .0300.0300.0300.0300.0300.0300.0300.0300.0300.0300.0300.0300.0300.0300.0300.0300.0300.0300.0   .0
      .0300.0300.0300.0300.0300.0300.0300.0300.0300.0300.0300.0300.0300.0300.0300.0300.0300.0300.0   .0
      .0300.0300.0300.0300.0300.0300.0300.0300.0300.0300.0300.0300.0300.0300.0300.0300.0300.0300.0   .0
      .0   .0   .0   .0   .0   .0   .0   .0   .0   .0   .0   .0   .0   .0   .0   .0   .0   .0   .0   .0
1DIFFUSE RECHARGE AND DISCHARGE (FT/SEC)
 
   0.00E+00  0.00E+00  0.00E+00  0.00E+00  0.00E+00  0.00E+00  0.00E+00  0.00E+00  0.00E+00  0.00E+00
   0.00E+00  0.00E+00  0.00E+00  0.00E+00  0.00E+00  0.00E+00  0.00E+00  0.00E+00  0.00E+00  0.00E+00
   0.00E+00  0.00E+00  0.00E+00  0.00E+00  0.00E+00  0.00E+00  0.00E+00  0.00E+00  0.00E+00  0.00E+00
   0.00E+00  0.00E+00  0.00E+00  0.00E+00  0.00E+00  0.00E+00  0.00E+00  0.00E+00  0.00E+00  0.00E+00
   0.00E+00  0.00E+00  0.00E+00  0.00E+00  0.00E+00  0.00E+00  0.00E+00  0.00E+00  0.00E+00  0.00E+00
   0.00E+00  0.00E+00  0.00E+00  0.00E+00  0.00E+00  0.00E+00  0.00E+00  0.00E+00  0.00E+00  0.00E+00
   0.00E+00  0.00E+00  0.00E+00  0.00E+00  0.00E+00  0.00E+00  0.00E+00  0.00E+00  0.00E+00  0.00E+00
   0.00E+00  0.00E+00  0.00E+00  0.00E+00  0.00E+00  0.00E+00  0.00E+00  0.00E+00  0.00E+00  0.00E+00
   0.00E+00  0.00E+00  0.00E+00  0.00E+00  0.00E+00  0.00E+00  0.00E+00  0.00E+00  0.00E+00  0.00E+00
   0.00E+00  0.00E+00  0.00E+00  0.00E+00  0.00E+00  0.00E+00  0.00E+00  0.00E+00  0.00E+00  0.00E+00
   0.00E+00  0.00E+00  0.00E+00  0.00E+00  0.00E+00  0.00E+00  0.00E+00  0.00E+00  0.00E+00  0.00E+00
   0.00E+00  0.00E+00  0.00E+00  0.00E+00  0.00E+00  0.00E+00  0.00E+00  0.00E+00  0.00E+00  0.00E+00
   0.00E+00  0.00E+00  0.00E+00  0.00E+00  0.00E+00  0.00E+00  0.00E+00  0.00E+00  0.00E+00  0.00E+00
   0.00E+00  0.00E+00  0.00E+00  0.00E+00  0.00E+00  0.00E+00  0.00E+00  0.00E+00  0.00E+00  0.00E+00
   0.00E+00  0.00E+00  0.00E+00  0.00E+00  0.00E+00  0.00E+00  0.00E+00  0.00E+00  0.00E+00  0.00E+00
   0.00E+00  0.00E+00  0.00E+00  0.00E+00  0.00E+00  0.00E+00  0.00E+00  0.00E+00  0.00E+00  0.00E+00
   0.00E+00  0.00E+00  0.00E+00  0.00E+00  0.00E+00  0.00E+00  0.00E+00  0.00E+00  0.00E+00  0.00E+00
   0.00E+00  0.00E+00  0.00E+00  0.00E+00  0.00E+00  0.00E+00  0.00E+00  0.00E+00  0.00E+00  0.00E+00
   0.00E+00  0.00E+00  0.00E+00  0.00E+00  0.00E+00  0.00E+00  0.00E+00  0.00E+00  0.00E+00  0.00E+00
   0.00E+00  0.00E+00  0.00E+00  0.00E+00  0.00E+00  0.00E+00  0.00E+00  0.00E+00  0.00E+00  0.00E+00
   0.00E+00  0.00E+00  0.00E+00  0.00E+00  0.00E+00  0.00E+00  0.00E+00  0.00E+00  0.00E+00  0.00E+00
   0.00E+00  0.00E+00  0.00E+00  0.00E+00  0.00E+00  0.00E+00  0.00E+00  0.00E+00  0.00E+00  0.00E+00
   0.00E+00  0.00E+00  0.00E+00  0.00E+00  0.00E+00  0.00E+00  0.00E+00  0.00E+00  0.00E+00  0.00E+00
   0.00E+00  0.00E+00  0.00E+00  0.00E+00  0.00E+00  0.00E+00  0.00E+00  0.00E+00  0.00E+00  0.00E+00
   0.00E+00  0.00E+00  0.00E+00  0.00E+00  0.00E+00  0.00E+00  0.00E+00  0.00E+00  0.00E+00  0.00E+00
   0.00E+00  0.00E+00  0.00E+00  0.00E+00  0.00E+00  0.00E+00  0.00E+00  0.00E+00  0.00E+00  0.00E+00
   0.00E+00  0.00E+00  0.00E+00  0.00E+00  0.00E+00  0.00E+00  0.00E+00  0.00E+00  0.00E+00  0.00E+00
   0.00E+00  0.00E+00  0.00E+00  0.00E+00  0.00E+00  0.00E+00  0.00E+00  0.00E+00  0.00E+00  0.00E+00
   0.00E+00  0.00E+00  0.00E+00  0.00E+00  0.00E+00  0.00E+00  0.00E+00  0.00E+00  0.00E+00  0.00E+00
   0.00E+00  0.00E+00  0.00E+00  0.00E+00  0.00E+00  0.00E+00  0.00E+00  0.00E+00  0.00E+00  0.00E+00
   0.00E+00  0.00E+00  0.00E+00  0.00E+00  0.00E+00  0.00E+00  0.00E+00  0.00E+00  0.00E+00  0.00E+00
   0.00E+00  0.00E+00  0.00E+00  0.00E+00  0.00E+00  0.00E+00  0.00E+00  0.00E+00  0.00E+00  0.00E+00
   0.00E+00  0.00E+00  0.00E+00  0.00E+00  0.00E+00  0.00E+00  0.00E+00  0.00E+00  0.00E+00  0.00E+00
   0.00E+00  0.00E+00  0.00E+00  0.00E+00  0.00E+00  0.00E+00  0.00E+00  0.00E+00  0.00E+00  0.00E+00
   0.00E+00  0.00E+00  0.00E+00  0.00E+00  0.00E+00  0.00E+00  0.00E+00  0.00E+00  0.00E+00  0.00E+00
   0.00E+00  0.00E+00  0.00E+00  0.00E+00  0.00E+00  0.00E+00  0.00E+00  0.00E+00  0.00E+00  0.00E+00
   0.00E+00  0.00E+00  0.00E+00  0.00E+00  0.00E+00  0.00E+00  0.00E+00  0.00E+00  0.00E+00  0.00E+00
   0.00E+00  0.00E+00  0.00E+00  0.00E+00  0.00E+00  0.00E+00  0.00E+00  0.00E+00  0.00E+00  0.00E+00
   0.00E+00  0.00E+00  0.00E+00  0.00E+00  0.00E+00  0.00E+00  0.00E+00  0.00E+00  0.00E+00  0.00E+00
   0.00E+00  0.00E+00  0.00E+00  0.00E+00  0.00E+00  0.00E+00  0.00E+00  0.00E+00  0.00E+00  0.00E+00
1PERMEABILTY MAP (FT/SEC)
 
   0.00E+00  0.00E+00  0.00E+00  0.00E+00  0.00E+00  0.00E+00  0.00E+00  0.00E+00  0.00E+00  0.00E+00
   0.00E+00  0.00E+00  0.00E+00  0.00E+00  0.00E+00  0.00E+00  0.00E+00  0.00E+00  0.00E+00  0.00E+00
   0.00E+00  6.33E-04  6.33E-04  6.33E-04  6.33E-04  6.33E-04  6.33E-04  6.33E-04  6.33E-04  6.33E-04
   6.33E-04  6.33E-04  6.33E-04  6.33E-04  6.33E-04  6.33E-04  6.33E-04  6.33E-04  6.33E-04  0.00E+00
   0.00E+00  6.33E-04  6.33E-04  6.33E-04  6.33E-04  6.33E-04  6.33E-04  6.33E-04  6.33E-04  6.33E-04
   6.33E-04  6.33E-04  6.33E-04  6.33E-04  6.33E-04  6.33E-04  6.33E-04  6.33E-04  6.33E-04  0.00E+00
   0.00E+00  6.33E-04  6.33E-04  6.33E-04  6.33E-04  6.33E-04  6.33E-04  6.33E-04  6.33E-04  6.33E-04
   6.33E-04  6.33E-04  6.33E-04  6.33E-04  6.33E-04  6.33E-04  6.33E-04  6.33E-04  6.33E-04  0.00E+00
   0.00E+00  6.33E-04  6.33E-04  6.33E-04  6.33E-04  6.33E-04  6.33E-04  6.33E-04  6.33E-04  6.33E-04
   6.33E-04  6.33E-04  6.33E-04  6.33E-04  6.33E-04  6.33E-04  6.33E-04  6.33E-04  6.33E-04  0.00E+00
   0.00E+00  6.33E-04  6.33E-04  6.33E-04  6.33E-04  6.33E-04  6.33E-04  6.33E-04  6.33E-04  6.33E-04
   6.33E-04  6.33E-04  6.33E-04  6.33E-04  6.33E-04  6.33E-04  6.33E-04  6.33E-04  6.33E-04  0.00E+00
   0.00E+00  6.33E-04  6.33E-04  6.33E-04  6.33E-04  6.33E-04  6.33E-04  6.33E-04  6.33E-04  6.33E-04
   6.33E-04  6.33E-04  6.33E-04  6.33E-04  6.33E-04  6.33E-04  6.33E-04  6.33E-04  6.33E-04  0.00E+00
   0.00E+00  6.33E-04  6.33E-04  6.33E-04  6.33E-04  6.33E-04  6.33E-04  6.33E-04  6.33E-04  6.33E-04
   6.33E-04  6.33E-04  6.33E-04  6.33E-04  6.33E-04  6.33E-04  6.33E-04  6.33E-04  6.33E-04  0.00E+00
   0.00E+00  6.33E-04  6.33E-04  6.33E-04  6.33E-04  6.33E-04  6.33E-04  6.33E-04  6.33E-04  6.33E-04
   6.33E-04  6.33E-04  6.33E-04  6.33E-04  6.33E-04  6.33E-04  6.33E-04  6.33E-04  6.33E-04  0.00E+00
   0.00E+00  6.33E-04  6.33E-04  6.33E-04  6.33E-04  6.33E-04  6.33E-04  6.33E-04  6.33E-04  6.33E-04
   6.33E-04  6.33E-04  6.33E-04  6.33E-04  6.33E-04  6.33E-04  6.33E-04  6.33E-04  6.33E-04  0.00E+00
   0.00E+00  6.33E-04  6.33E-04  6.33E-04  6.33E-04  6.33E-04  6.33E-04  6.33E-04  6.33E-04  6.33E-04
   6.33E-04  6.33E-04  6.33E-04  6.33E-04  6.33E-04  6.33E-04  6.33E-04  6.33E-04  6.33E-04  0.00E+00
   0.00E+00  6.33E-04  6.33E-04  6.33E-04  6.33E-04  6.33E-04  6.33E-04  6.33E-04  6.33E-04  6.33E-04
   6.33E-04  6.33E-04  6.33E-04  6.33E-04  6.33E-04  6.33E-04  6.33E-04  6.33E-04  6.33E-04  0.00E+00
   0.00E+00  6.33E-04  6.33E-04  6.33E-04  6.33E-04  6.33E-04  6.33E-04  6.33E-04  6.33E-04  6.33E-04
   6.33E-04  6.33E-04  6.33E-04  6.33E-04  6.33E-04  6.33E-04  6.33E-04  6.33E-04  6.33E-04  0.00E+00
   0.00E+00  6.33E-04  6.33E-04  6.33E-04  6.33E-04  6.33E-04  6.33E-04  6.33E-04  6.33E-04  6.33E-04
   6.33E-04  6.33E-04  6.33E-04  6.33E-04  6.33E-04  6.33E-04  6.33E-04  6.33E-04  6.33E-04  0.00E+00
   0.00E+00  6.33E-04  6.33E-04  6.33E-04  6.33E-04  6.33E-04  6.33E-04  6.33E-04  6.33E-04  6.33E-04
   6.33E-04  6.33E-04  6.33E-04  6.33E-04  6.33E-04  6.33E-04  6.33E-04  6.33E-04  6.33E-04  0.00E+00
   0.00E+00  6.33E-04  6.33E-04  6.33E-04  6.33E-04  6.33E-04  6.33E-04  6.33E-04  6.33E-04  6.33E-04
   6.33E-04  6.33E-04  6.33E-04  6.33E-04  6.33E-04  6.33E-04  6.33E-04  6.33E-04  6.33E-04  0.00E+00
   0.00E+00  6.33E-04  6.33E-04  6.33E-04  6.33E-04  6.33E-04  6.33E-04  6.33E-04  6.33E-04  6.33E-04
   6.33E-04  6.33E-04  6.33E-04  6.33E-04  6.33E-04  6.33E-04  6.33E-04  6.33E-04  6.33E-04  0.00E+00
   0.00E+00  6.33E-04  6.33E-04  6.33E-04  6.33E-04  6.33E-04  6.33E-04  6.33E-04  6.33E-04  6.33E-04
   6.33E-04  6.33E-04  6.33E-04  6.33E-04  6.33E-04  6.33E-04  6.33E-04  6.33E-04  6.33E-04  0.00E+00
   0.00E+00  6.33E-04  6.33E-04  6.33E-04  6.33E-04  6.33E-04  6.33E-04  6.33E-04  6.33E-04  6.33E-04
   6.33E-04  6.33E-04  6.33E-04  6.33E-04  6.33E-04  6.33E-04  6.33E-04  6.33E-04  6.33E-04  0.00E+00
   0.00E+00  0.00E+00  0.00E+00  0.00E+00  0.00E+00  0.00E+00  0.00E+00  0.00E+00  0.00E+00  0.00E+00
   0.00E+00  0.00E+00  0.00E+00  0.00E+00  0.00E+00  0.00E+00  0.00E+00  0.00E+00  0.00E+00  0.00E+00
0          NO. OF FINITE-DIFFERENCE CELLS IN AQUIFER =  324

          AREA OF AQUIFER IN MODEL  =   .87143E+09   SQ. FT.



          NZCRIT   (MAX. NO. OF CELLS THAT CAN BE VOID OF
                    PARTICLES;  IF EXCEEDED, PARTICLES ARE REGENERATED)   =    6

1NODE IDENTIFICATION MAP


   0  0  0  0  0  0  0  0  0  0  0  0  0  0  0  0  0  0  0  0
   0  1  1  1  1  1  1  1  1  1  1  1  1  1  1  1  1  1  1  0
   0  0  0  0  0  0  0  0  0  0  0  0  0  0  0  0  0  0  0  0
   0  0  0  0  0  0  0  0  0  0  0  0  0  0  0  0  0  0  0  0
   0  0  0  0  0  0  0  0  0  0  0  0  0  0  0  0  0  0  0  0
   0  0  0  0  0  0  0  0  0  0  0  0  0  0  0  0  0  0  0  0
   0  0  0  0  0  0  0  0  0  0  0  0  0  0  0  0  0  0  0  0
   0  0  0  0  0  0  0  0  0  0  0  0  0  0  0  0  0  0  0  0
   0  0  0  0  0  0  0  0  0  0  0  0  0  0  0  0  0  0  0  0
   0  0  0  0  0  0  0  0  0  0  0  0  0  0  0  0  0  0  0  0
   0  0  0  0  0  0  0  0  0  0  0  0  0  0  0  0  0  0  0  0
   0  0  0  0  0  0  0  0  0  0  0  0  0  0  0  0  0  0  0  0
   0  0  0  0  0  0  0  0  0  0  0  0  0  0  0  0  0  0  0  0
   0  0  0  0  0  0  0  0  0  0  0  0  0  0  0  0  0  0  0  0
   0  0  0  0  0  0  0  0  0  0  0  0  0  0  0  0  0  0  0  0
   0  0  0  0  0  0  0  0  0  0  0  0  0  0  0  0  0  0  0  0
   0  0  0  0  0  0  0  0  0  0  0  0  0  0  0  0  0  0  0  0
   0  0  0  0  0  0  0  0  0  0  0  0  0  0  0  0  0  0  0  0
   0  2  2  2  2  2  2  2  2  2  2  2  2  2  2  2  2  2  2  0
   0  0  0  0  0  0  0  0  0  0  0  0  0  0  0  0  0  0  0  0
0     NO. OF NODE IDENT. CODES SPECIFIED =  2
0          THE FOLLOWING ASSIGNMENTS HAVE BEEN MADE:
     CODE NO.     LEAKANCE     SOURCE CONC.     RECHARGE
0        1         .100E+01           .00
0        2         .100E+01           .00
1VERTICAL PERMEABILITY/THICKNESS (FT/(FT*SEC))
 
   0.00E+00  0.00E+00  0.00E+00  0.00E+00  0.00E+00  0.00E+00  0.00E+00  0.00E+00  0.00E+00  0.00E+00
   0.00E+00  0.00E+00  0.00E+00  0.00E+00  0.00E+00  0.00E+00  0.00E+00  0.00E+00  0.00E+00  0.00E+00
   0.00E+00  1.00E+00  1.00E+00  1.00E+00  1.00E+00  1.00E+00  1.00E+00  1.00E+00  1.00E+00  1.00E+00
   1.00E+00  1.00E+00  1.00E+00  1.00E+00  1.00E+00  1.00E+00  1.00E+00  1.00E+00  1.00E+00  0.00E+00
   0.00E+00  0.00E+00  0.00E+00  0.00E+00  0.00E+00  0.00E+00  0.00E+00  0.00E+00  0.00E+00  0.00E+00
   0.00E+00  0.00E+00  0.00E+00  0.00E+00  0.00E+00  0.00E+00  0.00E+00  0.00E+00  0.00E+00  0.00E+00
   0.00E+00  0.00E+00  0.00E+00  0.00E+00  0.00E+00  0.00E+00  0.00E+00  0.00E+00  0.00E+00  0.00E+00
   0.00E+00  0.00E+00  0.00E+00  0.00E+00  0.00E+00  0.00E+00  0.00E+00  0.00E+00  0.00E+00  0.00E+00
   0.00E+00  0.00E+00  0.00E+00  0.00E+00  0.00E+00  0.00E+00  0.00E+00  0.00E+00  0.00E+00  0.00E+00
   0.00E+00  0.00E+00  0.00E+00  0.00E+00  0.00E+00  0.00E+00  0.00E+00  0.00E+00  0.00E+00  0.00E+00
   0.00E+00  0.00E+00  0.00E+00  0.00E+00  0.00E+00  0.00E+00  0.00E+00  0.00E+00  0.00E+00  0.00E+00
   0.00E+00  0.00E+00  0.00E+00  0.00E+00  0.00E+00  0.00E+00  0.00E+00  0.00E+00  0.00E+00  0.00E+00
   0.00E+00  0.00E+00  0.00E+00  0.00E+00  0.00E+00  0.00E+00  0.00E+00  0.00E+00  0.00E+00  0.00E+00
   0.00E+00  0.00E+00  0.00E+00  0.00E+00  0.00E+00  0.00E+00  0.00E+00  0.00E+00  0.00E+00  0.00E+00
   0.00E+00  0.00E+00  0.00E+00  0.00E+00  0.00E+00  0.00E+00  0.00E+00  0.00E+00  0.00E+00  0.00E+00
   0.00E+00  0.00E+00  0.00E+00  0.00E+00  0.00E+00  0.00E+00  0.00E+00  0.00E+00  0.00E+00  0.00E+00
   0.00E+00  0.00E+00  0.00E+00  0.00E+00  0.00E+00  0.00E+00  0.00E+00  0.00E+00  0.00E+00  0.00E+00
   0.00E+00  0.00E+00  0.00E+00  0.00E+00  0.00E+00  0.00E+00  0.00E+00  0.00E+00  0.00E+00  0.00E+00
   0.00E+00  0.00E+00  0.00E+00  0.00E+00  0.00E+00  0.00E+00  0.00E+00  0.00E+00  0.00E+00  0.00E+00
   0.00E+00  0.00E+00  0.00E+00  0.00E+00  0.00E+00  0.00E+00  0.00E+00  0.00E+00  0.00E+00  0.00E+00
   0.00E+00  0.00E+00  0.00E+00  0.00E+00  0.00E+00  0.00E+00  0.00E+00  0.00E+00  0.00E+00  0.00E+00
   0.00E+00  0.00E+00  0.00E+00  0.00E+00  0.00E+00  0.00E+00  0.00E+00  0.00E+00  0.00E+00  0.00E+00
   0.00E+00  0.00E+00  0.00E+00  0.00E+00  0.00E+00  0.00E+00  0.00E+00  0.00E+00  0.00E+00  0.00E+00
   0.00E+00  0.00E+00  0.00E+00  0.00E+00  0.00E+00  0.00E+00  0.00E+00  0.00E+00  0.00E+00  0.00E+00
   0.00E+00  0.00E+00  0.00E+00  0.00E+00  0.00E+00  0.00E+00  0.00E+00  0.00E+00  0.00E+00  0.00E+00
   0.00E+00  0.00E+00  0.00E+00  0.00E+00  0.00E+00  0.00E+00  0.00E+00  0.00E+00  0.00E+00  0.00E+00
   0.00E+00  0.00E+00  0.00E+00  0.00E+00  0.00E+00  0.00E+00  0.00E+00  0.00E+00  0.00E+00  0.00E+00
   0.00E+00  0.00E+00  0.00E+00  0.00E+00  0.00E+00  0.00E+00  0.00E+00  0.00E+00  0.00E+00  0.00E+00
   0.00E+00  0.00E+00  0.00E+00  0.00E+00  0.00E+00  0.00E+00  0.00E+00  0.00E+00  0.00E+00  0.00E+00
   0.00E+00  0.00E+00  0.00E+00  0.00E+00  0.00E+00  0.00E+00  0.00E+00  0.00E+00  0.00E+00  0.00E+00
   0.00E+00  0.00E+00  0.00E+00  0.00E+00  0.00E+00  0.00E+00  0.00E+00  0.00E+00  0.00E+00  0.00E+00
   0.00E+00  0.00E+00  0.00E+00  0.00E+00  0.00E+00  0.00E+00  0.00E+00  0.00E+00  0.00E+00  0.00E+00
   0.00E+00  0.00E+00  0.00E+00  0.00E+00  0.00E+00  0.00E+00  0.00E+00  0.00E+00  0.00E+00  0.00E+00
   0.00E+00  0.00E+00  0.00E+00  0.00E+00  0.00E+00  0.00E+00  0.00E+00  0.00E+00  0.00E+00  0.00E+00
   0.00E+00  0.00E+00  0.00E+00  0.00E+00  0.00E+00  0.00E+00  0.00E+00  0.00E+00  0.00E+00  0.00E+00
   0.00E+00  0.00E+00  0.00E+00  0.00E+00  0.00E+00  0.00E+00  0.00E+00  0.00E+00  0.00E+00  0.00E+00
   0.00E+00  1.00E+00  1.00E+00  1.00E+00  1.00E+00  1.00E+00  1.00E+00  1.00E+00  1.00E+00  1.00E+00
   1.00E+00  1.00E+00  1.00E+00  1.00E+00  1.00E+00  1.00E+00  1.00E+00  1.00E+00  1.00E+00  0.00E+00
   0.00E+00  0.00E+00  0.00E+00  0.00E+00  0.00E+00  0.00E+00  0.00E+00  0.00E+00  0.00E+00  0.00E+00
   0.00E+00  0.00E+00  0.00E+00  0.00E+00  0.00E+00  0.00E+00  0.00E+00  0.00E+00  0.00E+00  0.00E+00
1WATER TABLE
 
    0.   0.   0.   0.   0.   0.   0.   0.   0.   0.   0.   0.   0.   0.   0.   0.   0.   0.   0.   0.
    0.  75.  75.  75.  75.  75.  75.  75.  75.  75.  75.  75.  75.  75.  75.  75.  75.  75.  75.   0.
    0.  72.  72.  72.  72.  72.  72.  72.  72.  72.  72.  72.  72.  72.  72.  72.  72.  72.  72.   0.
    0.  69.  69.  69.  69.  68.  68.  68.  68.  68.  68.  68.  69.  69.  69.  69.  69.  69.  69.   0.
    0.  65.  65.  65.  65.  65.  65.  65.  65.  65.  65.  65.  65.  65.  65.  65.  65.  65.  65.   0.
    0.  62.  62.  62.  62.  62.  62.  62.  62.  62.  62.  62.  62.  62.  62.  62.  62.  62.  62.   0.
    0.  59.  59.  59.  59.  59.  59.  59.  59.  59.  59.  59.  59.  59.  59.  59.  59.  59.  59.   0.
    0.  56.  56.  56.  56.  55.  55.  55.  55.  55.  55.  55.  55.  56.  56.  56.  56.  56.  56.   0.
    0.  53.  53.  52.  52.  52.  52.  52.  52.  52.  52.  52.  52.  52.  52.  53.  53.  53.  53.   0.
    0.  49.  49.  49.  49.  49.  49.  49.  48.  48.  48.  49.  49.  49.  49.  49.  50.  50.  50.   0.
    0.  46.  46.  46.  46.  46.  45.  45.  45.  45.  45.  45.  46.  46.  46.  46.  47.  47.  47.   0.
    0.  43.  43.  43.  43.  43.  42.  42.  41.  41.  41.  42.  42.  43.  43.  43.  44.  44.  44.   0.
    0.  41.  40.  40.  40.  39.  39.  38.  37.  37.  37.  38.  39.  40.  40.  40.  41.  41.  41.   0.
    0.  38.  38.  37.  37.  36.  36.  35.  33.  32.  33.  35.  36.  37.  37.  38.  38.  38.  38.   0.
    0.  35.  35.  35.  34.  34.  33.  32.  29.  23.  29.  32.  33.  34.  34.  35.  35.  35.  35.   0.
    0.  32.  32.  32.  32.  31.  31.  30.  28.  27.  28.  30.  31.  31.  32.  32.  32.  33.  33.   0.
    0.  30.  30.  30.  29.  29.  29.  28.  27.  27.  27.  28.  29.  29.  30.  30.  30.  30.  30.   0.
    0.  27.  27.  27.  27.  27.  27.  27.  26.  26.  26.  27.  27.  27.  27.  27.  27.  27.  28.   0.
    0.  25.  25.  25.  25.  25.  25.  25.  25.  25.  25.  25.  25.  25.  25.  25.  25.  25.  25.   0.
    0.   0.   0.   0.   0.   0.   0.   0.   0.   0.   0.   0.   0.   0.   0.   0.   0.   0.   0.   0.
1HEAD DISTRIBUTION - ROW
 NUMBER OF TIME STEPS =     0
        TIME(SECONDS) =   .00000    
        TIME(DAYS)    =   .00000E+00
        TIME(YEARS)   =   .00000E+00
 
0    .0000000    .0000000    .0000000    .0000000    .0000000    .0000000    .0000000    .0000000    .0000000    .0000000
0    .0000000    .0000000    .0000000    .0000000    .0000000    .0000000    .0000000    .0000000    .0000000    .0000000
0    .0000000  75.0000000  75.0000000  75.0000000  75.0000000  75.0000000  75.0000000  75.0000000  75.0000000  75.0000000
0  75.0000000  75.0000000  75.0000000  75.0000000  75.0000000  75.0000000  75.0000000  75.0000000  75.0000000    .0000000
0    .0000000  72.0000000  72.0000000  72.0000000  72.0000000  72.0000000  72.0000000  72.0000000  72.0000000  72.0000000
0  72.0000000  72.0000000  72.0000000  72.0000000  72.0000000  72.0000000  72.0000000  72.0000000  72.0000000    .0000000
0    .0000000  69.0000000  69.0000000  69.0000000  69.0000000  68.0000000  68.0000000  68.0000000  68.0000000  68.0000000
0  68.0000000  68.0000000  69.0000000  69.0000000  69.0000000  69.0000000  69.0000000  69.0000000  69.0000000    .0000000
0    .0000000  65.0000000  65.0000000  65.0000000  65.0000000  65.0000000  65.0000000  65.0000000  65.0000000  65.0000000
0  65.0000000  65.0000000  65.0000000  65.0000000  65.0000000  65.0000000  65.0000000  65.0000000  65.0000000    .0000000
0    .0000000  62.0000000  62.0000000  62.0000000  62.0000000  62.0000000  62.0000000  62.0000000  62.0000000  62.0000000
0  62.0000000  62.0000000  62.0000000  62.0000000  62.0000000  62.0000000  62.0000000  62.0000000  62.0000000    .0000000
0    .0000000  59.0000000  59.0000000  59.0000000  59.0000000  59.0000000  59.0000000  59.0000000  59.0000000  59.0000000
0  59.0000000  59.0000000  59.0000000  59.0000000  59.0000000  59.0000000  59.0000000  59.0000000  59.0000000    .0000000
0    .0000000  56.0000000  56.0000000  56.0000000  56.0000000  55.0000000  55.0000000  55.0000000  55.0000000  55.0000000
0  55.0000000  55.0000000  55.0000000  56.0000000  56.0000000  56.0000000  56.0000000  56.0000000  56.0000000    .0000000
0    .0000000  53.0000000  53.0000000  52.0000000  52.0000000  52.0000000  52.0000000  52.0000000  52.0000000  52.0000000
0  52.0000000  52.0000000  52.0000000  52.0000000  52.0000000  53.0000000  53.0000000  53.0000000  53.0000000    .0000000
0    .0000000  49.0000000  49.0000000  49.0000000  49.0000000  49.0000000  49.0000000  49.0000000  48.0000000  48.0000000
0  48.0000000  49.0000000  49.0000000  49.0000000  49.0000000  49.0000000  50.0000000  50.0000000  50.0000000    .0000000
0    .0000000  46.0000000  46.0000000  46.0000000  46.0000000  46.0000000  45.0000000  45.0000000  45.0000000  45.0000000
0  45.0000000  45.0000000  46.0000000  46.0000000  46.0000000  46.0000000  47.0000000  47.0000000  47.0000000    .0000000
0    .0000000  43.0000000  43.0000000  43.0000000  43.0000000  43.0000000  42.0000000  42.0000000  41.0000000  41.0000000
0  41.0000000  42.0000000  42.0000000  43.0000000  43.0000000  43.0000000  44.0000000  44.0000000  44.0000000    .0000000
0    .0000000  41.0000000  40.0000000  40.0000000  40.0000000  39.0000000  39.0000000  38.0000000  37.0000000  37.0000000
0  37.0000000  38.0000000  39.0000000  40.0000000  40.0000000  40.0000000  41.0000000  41.0000000  41.0000000    .0000000
0    .0000000  38.0000000  38.0000000  37.0000000  37.0000000  36.0000000  36.0000000  35.0000000  33.0000000  32.0000000
0  33.0000000  35.0000000  36.0000000  37.0000000  37.0000000  38.0000000  38.0000000  38.0000000  38.0000000    .0000000
0    .0000000  35.0000000  35.0000000  35.0000000  34.0000000  34.0000000  33.0000000  32.0000000  29.0000000  23.0000000
0  29.0000000  32.0000000  33.0000000  34.0000000  34.0000000  35.0000000  35.0000000  35.0000000  35.0000000    .0000000
0    .0000000  32.0000000  32.0000000  32.0000000  32.0000000  31.0000000  31.0000000  30.0000000  28.0000000  27.0000000
0  28.0000000  30.0000000  31.0000000  31.0000000  32.0000000  32.0000000  32.0000000  33.0000000  33.0000000    .0000000
0    .0000000  30.0000000  30.0000000  30.0000000  29.0000000  29.0000000  29.0000000  28.0000000  27.0000000  27.0000000
0  27.0000000  28.0000000  29.0000000  29.0000000  30.0000000  30.0000000  30.0000000  30.0000000  30.0000000    .0000000
0    .0000000  27.0000000  27.0000000  27.0000000  27.0000000  27.0000000  27.0000000  27.0000000  26.0000000  26.0000000
0  26.0000000  27.0000000  27.0000000  27.0000000  27.0000000  27.0000000  27.0000000  27.0000000  28.0000000    .0000000
0    .0000000  25.0000000  25.0000000  25.0000000  25.0000000  25.0000000  25.0000000  25.0000000  25.0000000  25.0000000
0  25.0000000  25.0000000  25.0000000  25.0000000  25.0000000  25.0000000  25.0000000  25.0000000  25.0000000    .0000000
0    .0000000    .0000000    .0000000    .0000000    .0000000    .0000000    .0000000    .0000000    .0000000    .0000000
0    .0000000    .0000000    .0000000    .0000000    .0000000    .0000000    .0000000    .0000000    .0000000    .0000000
1ITERATION PARAMETERS
            .616850E-02
            .144040E-01
            .336346E-01
            .785398E-01
            .183397    
            .428249    
            1.00000    
1CONCENTRATION

 NUMBER OF TIME STEPS =     0
        TIME(SECONDS) =   .00000    
   CHEM.TIME(SECONDS) =   .00000E+00
   CHEM.TIME(DAYS)    =   .00000E+00
        TIME(YEARS)   =   .00000E+00
   CHEM.TIME(YEARS)   =   .00000E+00
  NO. MOVES COMPLETED =     0
 
0    0    0    0    0    0    0    0    0    0    0    0    0    0    0    0    0    0    0    0    0
0    0    0    0    0    0    0    0    0    0    0    0    0    0    0    0    0    0    0    0    0
0    0    0    0    0    0    0    0    0    0    0    0    0    0    0    0    0    0    0    0    0
0    0    0    0    0    0    0    0    0    0    0    0    0    0    0    0    0    0    0    0    0
0    0    0    0    0    0    0    0    0    0 1000    0    0    0    0    0    0    0    0    0    0
0    0    0    0    0    0    0    0    0    0    0    0    0    0    0    0    0    0    0    0    0
0    0    0    0    0    0    0    0    0    0    0    0    0    0    0    0    0    0    0    0    0
0    0    0    0    0    0    0    0    0    0    0    0    0    0    0    0    0    0    0    0    0
0    0    0    0    0    0    0    0    0    0    0    0    0    0    0    0    0    0    0    0    0
0    0    0    0    0    0    0    0    0    0    0    0    0    0    0    0    0    0    0    0    0
0    0    0    0    0    0    0    0    0    0    0    0    0    0    0    0    0    0    0    0    0
0    0    0    0    0    0    0    0    0    0    0    0    0    0    0    0    0    0    0    0    0
0    0    0    0    0    0    0    0    0    0    0    0    0    0    0    0    0    0    0    0    0
0    0    0    0    0    0    0    0    0    0    0    0    0    0    0    0    0    0    0    0    0
0    0    0    0    0    0    0    0    0    0    0    0    0    0    0    0    0    0    0    0    0
0    0    0    0    0    0    0    0    0    0    0    0    0    0    0    0    0    0    0    0    0
0    0    0    0    0    0    0    0    0    0    0    0    0    0    0    0    0    0    0    0    0
0    0    0    0    0    0    0    0    0    0    0    0    0    0    0    0    0    0    0    0    0
0    0    0    0    0    0    0    0    0    0    0    0    0    0    0    0    0    0    0    0    0
0    0    0    0    0    0    0    0    0    0    0    0    0    0    0    0    0    0    0    0    0
0

   N =    1
   NUMBER OF ITERATIONS =   13
1          STABILITY CRITERIA --- M.O.C.


0     MAXIMUM FLUID VELOCITIES:  X-VEL =  7.31E-06     Y-VEL =  1.06E-05
0 TMV (MAX. INJ.) =   .38994E+09
  TIMV (CELDIS)   =   .15124E+09
0 TIMV =  1.51E+08     NTIMV =     4     NMOV =     5

   TIM (N)  =   .63115E+09
   TIMEVELO =   .12623E+09
   TIMEDISP =   .47029E+09
0 TIMV =  1.26E+08     NTIMD =     1     NMOV =     5
0          THE LIMITING STABILITY CRITERION IS CELDIS
     MAX. Y-VEL. IS CONSTRAINT AND OCCURS BETWEEN NODES (10,14) AND (10,15)
0          NO. OF PARTICLE MOVES REQUIRED TO COMPLETE THIS TIME STEP  =    5


0  NP       =         2922          IMOV     =            1
   TIM(N)   =   .63115E+09          TIMV     =   .12623E+09          SUMTCH =   .12623E+09
0  NP       =         2948          IMOV     =            2
   TIM(N)   =   .63115E+09          TIMV     =   .12623E+09          SUMTCH =   .25246E+09
0  NP       =         3003          IMOV     =            3
   TIM(N)   =   .63115E+09          TIMV     =   .12623E+09          SUMTCH =   .37869E+09
0  NP       =         3013          IMOV     =            4
   TIM(N)   =   .63115E+09          TIMV     =   .12623E+09          SUMTCH =   .50492E+09
0  NP       =         3015          IMOV     =            5
   TIM(N)   =   .63115E+09          TIMV     =   .12623E+09          SUMTCH =   .63115E+09
1Casing Failure Simulation - Case 1; 20 x 20 Grid                                


0     TIME VERSUS HEAD AND CONCENTRATION AT SELECTED OBSERVATION POINTS

               PUMPING PERIOD NO.    1




0               STEADY-STATE SOLUTION




0                    OBS.WELL NO.    X    Y                 N      HEAD (FT)    CONC.(MG/L)    TIME (YEARS)

                          1         10    5


                                                            0         65.0         1000.0           .000
                                                            1         65.2          598.4          4.000
                                                            2         65.2          285.7          8.000
                                                            3         65.2           34.5         12.000
                                                            4         65.2           62.1         16.000
                                                            5         65.2           55.6         20.000
0                    OBS.WELL NO.    X    Y                 N      HEAD (FT)    CONC.(MG/L)    TIME (YEARS)

                          2         10   15


                                                            0         23.0             .0           .000
                                                            1         23.4             .0          4.000
                                                            2         23.4             .0          8.000
                                                            3         23.4             .0         12.000
                                                            4         23.4             .0         16.000
                                                            5         23.4             .0         20.000
0

   N =    2
   NUMBER OF ITERATIONS = 0  (HEADS UNCHANGED)
0          NO. OF PARTICLE MOVES REQUIRED TO COMPLETE THIS TIME STEP  =    5


0  NP       =         3082          IMOV     =            1
   TIM(N)   =   .63115E+09          TIMV     =   .12623E+09          SUMTCH =   .75738E+09
0  NP       =         3146          IMOV     =            2
   TIM(N)   =   .63115E+09          TIMV     =   .12623E+09          SUMTCH =   .88361E+09
0      ***   NOTE   ***          NPTM.EQ.NPMAX --- IMOV=   3     PT. NO.=2246     CALL GENPT

0  NP       =         2922          IMOV     =            3
   TIM(N)   =   .63115E+09          TIMV     =   .12623E+09          SUMTCH =   .10098E+10
0  NP       =         2948          IMOV     =            4
   TIM(N)   =   .63115E+09          TIMV     =   .12623E+09          SUMTCH =   .11361E+10
0  NP       =         3003          IMOV     =            5
   TIM(N)   =   .63115E+09          TIMV     =   .12623E+09          SUMTCH =   .12623E+10
1Casing Failure Simulation - Case 1; 20 x 20 Grid                                


0     TIME VERSUS HEAD AND CONCENTRATION AT SELECTED OBSERVATION POINTS

               PUMPING PERIOD NO.    1




0               STEADY-STATE SOLUTION




0                    OBS.WELL NO.    X    Y                 N      HEAD (FT)    CONC.(MG/L)    TIME (YEARS)

                          1         10    5


                                                            0         65.0         1000.0           .000
                                                            1         65.2           32.9         24.000
                                                            2         65.2           12.3         28.000
                                                            3         65.2            8.2         32.000
                                                            4         65.2            6.4         36.000
                                                            5         65.2            4.5         40.000
0                    OBS.WELL NO.    X    Y                 N      HEAD (FT)    CONC.(MG/L)    TIME (YEARS)

                          2         10   15


                                                            0         23.0             .0           .000
                                                            1         23.4             .0         24.000
                                                            2         23.4             .0         28.000
                                                            3         23.4             .0         32.000
                                                            4         23.4             .0         36.000
                                                            5         23.4             .0         40.000
0

   N =    3
   NUMBER OF ITERATIONS = 0  (HEADS UNCHANGED)
0          NO. OF PARTICLE MOVES REQUIRED TO COMPLETE THIS TIME STEP  =    5


0  NP       =         3013          IMOV     =            1
   TIM(N)   =   .63115E+09          TIMV     =   .12623E+09          SUMTCH =   .13885E+10
0  NP       =         3015          IMOV     =            2
   TIM(N)   =   .63115E+09          TIMV     =   .12623E+09          SUMTCH =   .15148E+10
0  NP       =         3082          IMOV     =            3
   TIM(N)   =   .63115E+09          TIMV     =   .12623E+09          SUMTCH =   .16410E+10
0  NP       =         3146          IMOV     =            4
   TIM(N)   =   .63115E+09          TIMV     =   .12623E+09          SUMTCH =   .17672E+10
0      ***   NOTE   ***          NPTM.EQ.NPMAX --- IMOV=   5     PT. NO.=2246     CALL GENPT

0  NP       =         2922          IMOV     =            5
   TIM(N)   =   .63115E+09          TIMV     =   .12623E+09          SUMTCH =   .18935E+10
1Casing Failure Simulation - Case 1; 20 x 20 Grid                                


0     TIME VERSUS HEAD AND CONCENTRATION AT SELECTED OBSERVATION POINTS

               PUMPING PERIOD NO.    1




0               STEADY-STATE SOLUTION




0                    OBS.WELL NO.    X    Y                 N      HEAD (FT)    CONC.(MG/L)    TIME (YEARS)

                          1         10    5


                                                            0         65.0         1000.0           .000
                                                            1         65.2            2.7         44.000
                                                            2         65.2            1.7         48.000
                                                            3         65.2             .9         52.000
                                                            4         65.2             .6         56.000
                                                            5         65.2             .4         60.000
0                    OBS.WELL NO.    X    Y                 N      HEAD (FT)    CONC.(MG/L)    TIME (YEARS)

                          2         10   15


                                                            0         23.0             .0           .000
                                                            1         23.4             .0         44.000
                                                            2         23.4             .0         48.000
                                                            3         23.4             .0         52.000
                                                            4         23.4             .1         56.000
                                                            5         23.4             .2         60.000
0

   N =    4
   NUMBER OF ITERATIONS = 0  (HEADS UNCHANGED)
0          NO. OF PARTICLE MOVES REQUIRED TO COMPLETE THIS TIME STEP  =    5


0  NP       =         2948          IMOV     =            1
   TIM(N)   =   .63115E+09          TIMV     =   .12623E+09          SUMTCH =   .20197E+10
0  NP       =         3003          IMOV     =            2
   TIM(N)   =   .63115E+09          TIMV     =   .12623E+09          SUMTCH =   .21459E+10
0  NP       =         3013          IMOV     =            3
   TIM(N)   =   .63115E+09          TIMV     =   .12623E+09          SUMTCH =   .22721E+10
0  NP       =         3015          IMOV     =            4
   TIM(N)   =   .63115E+09          TIMV     =   .12623E+09          SUMTCH =   .23984E+10
0  NP       =         3082          IMOV     =            5
   TIM(N)   =   .63115E+09          TIMV     =   .12623E+09          SUMTCH =   .25246E+10
1Casing Failure Simulation - Case 1; 20 x 20 Grid                                


0     TIME VERSUS HEAD AND CONCENTRATION AT SELECTED OBSERVATION POINTS

               PUMPING PERIOD NO.    1




0               STEADY-STATE SOLUTION




0                    OBS.WELL NO.    X    Y                 N      HEAD (FT)    CONC.(MG/L)    TIME (YEARS)

                          1         10    5


                                                            0         65.0         1000.0           .000
                                                            1         65.2             .3         64.000
                                                            2         65.2             .2         68.000
                                                            3         65.2             .1         72.000
                                                            4         65.2             .1         76.000
                                                            5         65.2             .0         80.000
0                    OBS.WELL NO.    X    Y                 N      HEAD (FT)    CONC.(MG/L)    TIME (YEARS)

                          2         10   15


                                                            0         23.0             .0           .000
                                                            1         23.4             .5         64.000
                                                            2         23.4            1.7         68.000
                                                            3         23.4            2.7         72.000
                                                            4         23.4            4.6         76.000
                                                            5         23.4            7.3         80.000
0

   N =    5
   NUMBER OF ITERATIONS = 0  (HEADS UNCHANGED)
1HEAD DISTRIBUTION - ROW
 NUMBER OF TIME STEPS =     5
        TIME(SECONDS) =   .31558E+10
        TIME(DAYS)    =   .36525E+05
        TIME(YEARS)   =   .10000E+03
 
0    .0000000    .0000000    .0000000    .0000000    .0000000    .0000000    .0000000    .0000000    .0000000    .0000000
0    .0000000    .0000000    .0000000    .0000000    .0000000    .0000000    .0000000    .0000000    .0000000    .0000000
0    .0000000  74.9999998  74.9999998  74.9999998  74.9999998  74.9999998  74.9999998  74.9999998  74.9999998  74.9999998
0  74.9999998  74.9999998  74.9999998  74.9999998  74.9999998  74.9999998  74.9999998  74.9999998  74.9999998    .0000000
0    .0000000  71.7696813  71.7670630  71.7621442  71.7555856  71.7482904  71.7413331  71.7358284  71.7327661  71.7328382
0  71.7363075  71.7429504  71.7521047  71.7627989  71.7739123  71.7843319  71.7930715  71.7993504  71.8026173    .0000000
0    .0000000  68.5419841  68.5364222  68.5259519  68.5119375  68.4962764  68.4812485  68.4692485  68.4624289  68.4623120
0  68.4694734  68.4834205  68.5027039  68.5252131  68.5485522  68.5703734  68.5886274  68.6017086  68.6085048    .0000000
0    .0000000  65.3196224  65.3103583  65.2930157  65.2696526  65.2433421  65.2178484  65.1972038  65.1851088  65.1842253
0  65.1955726  65.2182742  65.2497917  65.2865111  65.3244226  65.3596981  65.3890680  65.4100211  65.4209616    .0000000
0    .0000000  62.1069191  62.0929792  62.0665690  62.0307702  61.9900494  61.9500549  61.9170618  61.8970266  61.8943580
0  61.9107667  61.9447613  61.9921311  62.0470719  62.1033864  62.1553851  62.1983945  62.2289502  62.2447540    .0000000
0    .0000000  58.9079604  58.8877636  58.8492832  58.7965890  58.7358077  58.6750403  58.6237427  58.5913585  58.5851949
0  58.6081560  58.6576545  58.7266799  58.8060388  58.8864455  58.9598389  59.0199460  59.0623289  59.0841536    .0000000
0    .0000000  55.7290073  55.7005212  55.6459904  55.5702805  55.4813348  55.3903385  55.3112957  55.2592580  55.2466939
0  55.2787965  55.3508083  55.4506803  55.5637417  55.6762981  55.7773659  55.8590017  55.9159509  55.9451877    .0000000
0    .0000000  52.5789064  52.5399025  52.4643147  52.3576342  52.2293489  52.0941151  51.9722715  51.8881095  51.8639504
0  51.9099515  52.0165269  52.1619199  52.3223817  52.4780756  52.6147525  52.7231815  52.7978667  52.8358250    .0000000
0    .0000000  49.4675831  49.4155278  49.3134385  49.1663050  48.9840108  48.7842067  48.5952732  48.4566677  48.4107588
0  48.4802433  48.6431391  48.8577976  49.0854926  49.2985722  49.4800968  49.6208112  49.7161700  49.7641929    .0000000
0    .0000000  46.4083276  46.3412143  46.2076384  46.0101721  45.7562296  45.4634702  45.1679890  44.9325706  44.8422128
0  44.9571646  45.2180276  45.5406819  45.8632640  46.1506670  46.3862898  46.5638291  46.6818343  46.7405981    .0000000
0    .0000000  43.4162401  43.3334195  43.1658015  42.9105836  42.5673313  42.1455204  41.6807076  41.2634805  41.0684222
0  41.2882409  41.7311928  42.2237023  42.6762804  43.0546084  43.3506339  43.5664536  43.7067977  43.7758208    .0000000
0    .0000000  40.5069045  40.4103256  40.2114685  39.8989344  39.4568890  38.8704762  38.1457422  37.3721209  36.8796596
0  37.3960849  38.1947017  38.9465575  39.5634455  40.0407534  40.3950867  40.6444564  40.8029863  40.8799964    .0000000
0    .0000000  37.6943359  37.5898036  37.3710465  37.0170260  36.4910533  35.7339850  34.6598961  33.1998347  31.6822396
0  33.2219693  34.7052021  35.8046131  36.5904270  37.1501081  37.5447362  37.8135336  37.9809886  38.0613723    .0000000
0    .0000000  34.9860053  34.8830663  34.6655281  34.3067201  33.7559607  32.9141632  31.5596750  29.0847369  23.4271468
0  29.1040057  31.5991793  32.9759154  33.8431910  34.4241626  34.8198652  35.0835949  35.2456179  35.3228378    .0000000
0    .0000000  32.3807901  32.2911892  32.1014932  31.7885753  31.3121117  30.6072428  29.5801101  28.1524935  26.6446564
0  28.1679302  29.6117985  30.6568878  31.3824644  31.8836973  32.2271746  32.4555742  32.5953183  32.6616974    .0000000
0    .0000000  29.8652916  29.7995790  29.6608268  29.4341151  29.0968142  28.6227265  28.0011688  27.3006137  26.8311931
0  27.3114021  28.0233371  28.6575126  29.1462246  29.5011285  29.7497047  29.9163560  30.0185500  30.0670541    .0000000
0    .0000000  27.4151673  27.3805031  27.3077045  27.1898436  27.0178974  26.7852763  26.5008266  26.2172005  26.0677006
0  26.2227504  26.5122370  26.8031996  27.0433915  27.2244826  27.3537563  27.4411816  27.4949669  27.5205765    .0000000
0    .0000000  25.0000002  25.0000002  25.0000002  25.0000002  25.0000001  25.0000001  25.0000001  25.0000001  25.0000001
0  25.0000001  25.0000001  25.0000001  25.0000001  25.0000002  25.0000002  25.0000002  25.0000002  25.0000002    .0000000
0    .0000000    .0000000    .0000000    .0000000    .0000000    .0000000    .0000000    .0000000    .0000000    .0000000
0    .0000000    .0000000    .0000000    .0000000    .0000000    .0000000    .0000000    .0000000    .0000000    .0000000
1HEAD DISTRIBUTION - ROW
 NUMBER OF TIME STEPS =     5
        TIME(SECONDS) =   .31558E+10
        TIME(DAYS)    =   .36525E+05
        TIME(YEARS)   =   .10000E+03
 
0   0   0   0   0   0   0   0   0   0   0   0   0   0   0   0   0   0   0   0   0
0   0  75  75  75  75  75  75  75  75  75  75  75  75  75  75  75  75  75  75   0
0   0  72  72  72  72  72  72  72  72  72  72  72  72  72  72  72  72  72  72   0
0   0  69  69  69  69  68  68  68  68  68  68  68  69  69  69  69  69  69  69   0
0   0  65  65  65  65  65  65  65  65  65  65  65  65  65  65  65  65  65  65   0
0   0  62  62  62  62  62  62  62  62  62  62  62  62  62  62  62  62  62  62   0
0   0  59  59  59  59  59  59  59  59  59  59  59  59  59  59  59  59  59  59   0
0   0  56  56  56  56  55  55  55  55  55  55  55  55  56  56  56  56  56  56   0
0   0  53  53  52  52  52  52  52  52  52  52  52  52  52  52  53  53  53  53   0
0   0  49  49  49  49  49  49  49  48  48  48  49  49  49  49  49  50  50  50   0
0   0  46  46  46  46  46  45  45  45  45  45  45  46  46  46  46  47  47  47   0
0   0  43  43  43  43  43  42  42  41  41  41  42  42  43  43  43  44  44  44   0
0   0  41  40  40  40  39  39  38  37  37  37  38  39  40  40  40  41  41  41   0
0   0  38  38  37  37  36  36  35  33  32  33  35  36  37  37  38  38  38  38   0
0   0  35  35  35  34  34  33  32  29  23  29  32  33  34  34  35  35  35  35   0
0   0  32  32  32  32  31  31  30  28  27  28  30  31  31  32  32  32  33  33   0
0   0  30  30  30  29  29  29  28  27  27  27  28  29  29  30  30  30  30  30   0
0   0  27  27  27  27  27  27  27  26  26  26  27  27  27  27  27  27  27  28   0
0   0  25  25  25  25  25  25  25  25  25  25  25  25  25  25  25  25  25  25   0
0   0   0   0   0   0   0   0   0   0   0   0   0   0   0   0   0   0   0   0   0
1DRAWDOWN
       0    0    0    0    0    0    0    0    0    0    0    0    0    0    0    0    0    0    0    0
       0    0    0    0    0    0    0    0    0    0    0    0    0    0    0    0    0    0    0    0
       0    0    0    0    0    0    0    0    0    0    0    0    0    0    0    0    0    0    0    0
       0    0    0    0    0    0    0    0    0    0    0    0    0    0    0    0    0    0    0    0
       0    0    0    0    0    0    0    0    0    0    0    0    0    0    0    0    0    0    0    0
       0    0    0    0    0    0    0    0    0    0    0    0    0    0    0    0    0    0    0    0
       0    0    0    0    0    0    0    0    0    0    0    0    0    0    0    0    0    0    0    0
       0    0    0    0    0    0    0    0    0    0    0    0    0    0    0    0    0    0    0    0
       0    0    0    0    0    0    0    0    0    0    0    0    0    0    0    0    0    0    0    0
       0    0    0    0    0    0    0    0    0    0    0    0    0    0    0    0    0    0    0    0
       0    0    0    0    0    0    0    0    0    0    0    0    0    0    0    0    0    0    0    0
       0    0    0    0    0    0    0    0    0    0    0    0    0    0    0    0    0    0    0    0
       0    0    0    0    0    0    0    0    0    0    0    0    0    0    0    0    0    0    0    0
       0    0    0    0    0    0    0    0    0    0    0    0    0    0    0    0    0    0    0    0
       0    0    0    0    0    0    0    0    0    0    0    0    0    0    0    0    0    0    0    0
       0    0    0    0    0    0    0    0    0    0    0    0    0    0    0    0    0    0    0    0
       0    0    0    0    0    0    0    0    0    0    0    0    0    0    0    0    0    0    0    0
       0    0    0    0    0    0    0    0    0    0    0    0    0    0    0    0    0    0    0    0
       0    0    0    0    0    0    0    0    0    0    0    0    0    0    0    0    0    0    0    0
       0    0    0    0    0    0    0    0    0    0    0    0    0    0    0    0    0    0    0    0
0  CUMULATIVE MASS BALANCE -- (IN FT**3) 


    RECHARGE AND INJECTION     =   .00000E+00
    PUMPAGE AND E-T WITHDRAWAL =   .13675E+11
    CUMULATIVE  NET  PUMPAGE   =   .13675E+11
    WATER RELEASE FROM STORAGE =   .00000E+00
    LEAKAGE INTO AQUIFER       =   .34961E+11
    LEAKAGE OUT OF AQUIFER     =  -.21285E+11
    CUMULATIVE  NET  LEAKAGE   =   .13676E+11
0       MASS BALANCE RESIDUAL  =   .90947E+06
        ERROR  (AS PERCENT)    =   .26015E-02

0  RATE MASS BALANCE -- (IN C.F.S.) 


    LEAKAGE INTO AQUIFER       =   .11078E+02
    LEAKAGE OUT OF AQUIFER     =  -.67447E+01
    NET LEAKAGE    (QNET)      =   .43336E+01
    RECHARGE AND INJECTION     =   .00000E+00
    PUMPAGE AND E-T WITHDRAWAL =   .43333E+01
    NET WITHDRAWAL   (TPUM)    =   .43333E+01
0          NO. OF PARTICLE MOVES REQUIRED TO COMPLETE THIS TIME STEP  =    5


0  NP       =         3146          IMOV     =            1
   TIM(N)   =   .63115E+09          TIMV     =   .12623E+09          SUMTCH =   .26508E+10
0      ***   NOTE   ***          NPTM.EQ.NPMAX --- IMOV=   2     PT. NO.=2246     CALL GENPT

0  NP       =         2922          IMOV     =            2
   TIM(N)   =   .63115E+09          TIMV     =   .12623E+09          SUMTCH =   .27771E+10
0  NP       =         2948          IMOV     =            3
   TIM(N)   =   .63115E+09          TIMV     =   .12623E+09          SUMTCH =   .29033E+10
0  NP       =         3003          IMOV     =            4
   TIM(N)   =   .63115E+09          TIMV     =   .12623E+09          SUMTCH =   .30295E+10
0  NP       =         3013          IMOV     =            5
   TIM(N)   =   .63115E+09          TIMV     =   .12623E+09          SUMTCH =   .31558E+10
1CONCENTRATION

 NUMBER OF TIME STEPS =     5
        DELTA T       =   .63115E+09
        TIME(SECONDS) =   .31558E+10
   CHEM.TIME(SECONDS) =   .31558E+10
   CHEM.TIME(DAYS)    =   .36525E+05
        TIME(YEARS)   =   .10000E+03
   CHEM.TIME(YEARS)   =   .10000E+03
  NO. MOVES COMPLETED =     5
 
0    0    0    0    0    0    0    0    0    0    0    0    0    0    0    0    0    0    0    0    0
0    0    0    0    0    0    0    0    0    0    0    0    0    0    0    0    0    0    0    0    0
0    0    0    0    0    0    0    0    0    0    0    0    0    0    0    0    0    0    0    0    0
0    0    0    0    0    0    0    0    0    0    0    0    0    0    0    0    0    0    0    0    0
0    0    0    0    0    0    0    0    0    0    0    0    0    0    0    0    0    0    0    0    0
0    0    0    0    0    0    0    0    0    0    0    0    0    0    0    0    0    0    0    0    0
0    0    0    0    0    0    0    0    0    0    0    0    0    0    0    0    0    0    0    0    0
0    0    0    0    0    0    0    0    0    0    1    0    0    0    0    0    0    0    0    0    0
0    0    0    0    0    0    0    0    0    0    3    0    0    0    0    0    0    0    0    0    0
0    0    0    0    0    0    0    0    0    1   11    1    0    0    0    0    0    0    0    0    0
0    0    0    0    0    0    0    0    0    4   33    4    0    0    0    0    0    0    0    0    0
0    0    0    0    0    0    0    0    0    9   79    9    1    0    0    0    0    0    0    0    0
0    0    0    0    0    0    0    0    0    9  112    8    0    0    0    0    0    0    0    0    0
0    0    0    0    0    0    0    0    0    7   70    8    0    0    0    0    0    0    0    0    0
0    0    0    0    0    0    0    0    0    2   30    3    0    0    0    0    0    0    0    0    0
0    0    0    0    0    0    0    0    0    0   15    0    0    0    0    0    0    0    0    0    0
0    0    0    0    0    0    0    0    0    0    0    0    0    0    0    0    0    0    0    0    0
0    0    0    0    0    0    0    0    0    0    0    0    0    0    0    0    0    0    0    0    0
0    0    0    0    0    0    0    0    0    0    0    0    0    0    0    0    0    0    0    0    0
0    0    0    0    0    0    0    0    0    0    0    0    0    0    0    0    0    0    0    0    0
 
 CHEMICAL MASS BALANCE
 
        MASS IN BOUNDARIES     =   .00000E+00
        MASS OUT BOUNDARIES    =   .48926E+05
        MASS PUMPED IN         =   .00000E+00
        MASS PUMPED OUT        =  -.60937E+11
        MASS LOST BY DECAY     =  -.10235E+12
        MASS ADSORBED ON SOLIDS=   .00000E+00
        INITIAL MASS ADSORBED  =   .00000E+00
        INFLOW MINUS OUTFLOW   =  -.60937E+11
        INITIAL MASS DISSOLVED =   .24206E+12
        PRESENT MASS DISSOLVED =   .10255E+12
        CHANGE MASS DISSOLVED  =  -.13952E+12
        CHANGE TOTL.MASS STORED=  -.13952E+12
      COMPARE RESIDUAL WITH NET FLUX AND MASS ACCUMULATION:
        MASS BALANCE RESIDUAL  =  -.23770E+11
        ERROR  (AS PERCENT)    =   .00000E+00
      COMPARE INITIAL MASS STORED WITH CHANGE IN MASS STORED:
        ERROR  (AS PERCENT)    =   .78448E+01
1Casing Failure Simulation - Case 1; 20 x 20 Grid                                


0     TIME VERSUS HEAD AND CONCENTRATION AT SELECTED OBSERVATION POINTS

               PUMPING PERIOD NO.    1




0               STEADY-STATE SOLUTION




0                    OBS.WELL NO.    X    Y                 N      HEAD (FT)    CONC.(MG/L)    TIME (YEARS)

                          1         10    5


                                                            0         65.0         1000.0           .000
                                                            1         65.2             .0         84.000
                                                            2         65.2             .0         88.000
                                                            3         65.2             .0         92.000
                                                            4         65.2             .0         96.000
                                                            5         65.2             .0        100.000
0                    OBS.WELL NO.    X    Y                 N      HEAD (FT)    CONC.(MG/L)    TIME (YEARS)

                          2         10   15


                                                            0         23.0             .0           .000
                                                            1         23.4           11.0         84.000
                                                            2         23.4           26.5         88.000
                                                            3         23.4           20.2         92.000
                                                            4         23.4           36.6         96.000
                                                            5         23.4           29.5        100.000
0

   N =    6
   NUMBER OF ITERATIONS = 0  (HEADS UNCHANGED)
0          NO. OF PARTICLE MOVES REQUIRED TO COMPLETE THIS TIME STEP  =    5


0  NP       =         3015          IMOV     =            1
   TIM(N)   =   .63115E+09          TIMV     =   .12623E+09          SUMTCH =   .32820E+10
0  NP       =         3082          IMOV     =            2
   TIM(N)   =   .63115E+09          TIMV     =   .12623E+09          SUMTCH =   .34082E+10
0  NP       =         3146          IMOV     =            3
   TIM(N)   =   .63115E+09          TIMV     =   .12623E+09          SUMTCH =   .35345E+10
0      ***   NOTE   ***          NPTM.EQ.NPMAX --- IMOV=   4     PT. NO.=2246     CALL GENPT

0  NP       =         2922          IMOV     =            4
   TIM(N)   =   .63115E+09          TIMV     =   .12623E+09          SUMTCH =   .36607E+10
0  NP       =         2948          IMOV     =            5
   TIM(N)   =   .63115E+09          TIMV     =   .12623E+09          SUMTCH =   .37869E+10
1Casing Failure Simulation - Case 1; 20 x 20 Grid                                


0     TIME VERSUS HEAD AND CONCENTRATION AT SELECTED OBSERVATION POINTS

               PUMPING PERIOD NO.    1




0               STEADY-STATE SOLUTION




0                    OBS.WELL NO.    X    Y                 N      HEAD (FT)    CONC.(MG/L)    TIME (YEARS)

                          1         10    5


                                                            0         65.0         1000.0           .000
                                                            1         65.2             .0        104.000
                                                            2         65.2             .0        108.000
                                                            3         65.2             .0        112.000
                                                            4         65.2             .0        116.000
                                                            5         65.2             .0        120.000
0                    OBS.WELL NO.    X    Y                 N      HEAD (FT)    CONC.(MG/L)    TIME (YEARS)

                          2         10   15


                                                            0         23.0             .0           .000
                                                            1         23.4           25.7        104.000
                                                            2         23.4           27.1        108.000
                                                            3         23.4           25.1        112.000
                                                            4         23.4           24.8        116.000
                                                            5         23.4           14.3        120.000
0

   N =    7
   NUMBER OF ITERATIONS = 0  (HEADS UNCHANGED)
0          NO. OF PARTICLE MOVES REQUIRED TO COMPLETE THIS TIME STEP  =    5


0  NP       =         3003          IMOV     =            1
   TIM(N)   =   .63115E+09          TIMV     =   .12623E+09          SUMTCH =   .39131E+10
0  NP       =         3013          IMOV     =            2
   TIM(N)   =   .63115E+09          TIMV     =   .12623E+09          SUMTCH =   .40394E+10
0  NP       =         3015          IMOV     =            3
   TIM(N)   =   .63115E+09          TIMV     =   .12623E+09          SUMTCH =   .41656E+10
0  NP       =         3082          IMOV     =            4
   TIM(N)   =   .63115E+09          TIMV     =   .12623E+09          SUMTCH =   .42918E+10
0  NP       =         3146          IMOV     =            5
   TIM(N)   =   .63115E+09          TIMV     =   .12623E+09          SUMTCH =   .44181E+10
1Casing Failure Simulation - Case 1; 20 x 20 Grid                                


0     TIME VERSUS HEAD AND CONCENTRATION AT SELECTED OBSERVATION POINTS

               PUMPING PERIOD NO.    1




0               STEADY-STATE SOLUTION




0                    OBS.WELL NO.    X    Y                 N      HEAD (FT)    CONC.(MG/L)    TIME (YEARS)

                          1         10    5


                                                            0         65.0         1000.0           .000
                                                            1         65.2             .0        124.000
                                                            2         65.2             .0        128.000
                                                            3         65.2             .0        132.000
                                                            4         65.2             .0        136.000
                                                            5         65.2             .0        140.000
0                    OBS.WELL NO.    X    Y                 N      HEAD (FT)    CONC.(MG/L)    TIME (YEARS)

                          2         10   15


                                                            0         23.0             .0           .000
                                                            1         23.4           16.0        124.000
                                                            2         23.4           13.0        128.000
                                                            3         23.4            8.0        132.000
                                                            4         23.4            8.0        136.000
                                                            5         23.4            5.7        140.000
0

   N =    8
   NUMBER OF ITERATIONS = 0  (HEADS UNCHANGED)
0          NO. OF PARTICLE MOVES REQUIRED TO COMPLETE THIS TIME STEP  =    5


0      ***   NOTE   ***          NPTM.EQ.NPMAX --- IMOV=   1     PT. NO.=2246     CALL GENPT

0  NP       =         2922          IMOV     =            1
   TIM(N)   =   .63115E+09          TIMV     =   .12623E+09          SUMTCH =   .45443E+10
0  NP       =         2948          IMOV     =            2
   TIM(N)   =   .63115E+09          TIMV     =   .12623E+09          SUMTCH =   .46705E+10
0  NP       =         3003          IMOV     =            3
   TIM(N)   =   .63115E+09          TIMV     =   .12623E+09          SUMTCH =   .47968E+10
0  NP       =         3013          IMOV     =            4
   TIM(N)   =   .63115E+09          TIMV     =   .12623E+09          SUMTCH =   .49230E+10
0  NP       =         3015          IMOV     =            5
   TIM(N)   =   .63115E+09          TIMV     =   .12623E+09          SUMTCH =   .50492E+10
1Casing Failure Simulation - Case 1; 20 x 20 Grid                                


0     TIME VERSUS HEAD AND CONCENTRATION AT SELECTED OBSERVATION POINTS

               PUMPING PERIOD NO.    1




0               STEADY-STATE SOLUTION




0                    OBS.WELL NO.    X    Y                 N      HEAD (FT)    CONC.(MG/L)    TIME (YEARS)

                          1         10    5


                                                            0         65.0         1000.0           .000
                                                            1         65.2             .0        144.000
                                                            2         65.2             .0        148.000
                                                            3         65.2             .0        152.000
                                                            4         65.2             .0        156.000
                                                            5         65.2             .0        160.000
0                    OBS.WELL NO.    X    Y                 N      HEAD (FT)    CONC.(MG/L)    TIME (YEARS)

                          2         10   15


                                                            0         23.0             .0           .000
                                                            1         23.4            3.3        144.000
                                                            2         23.4            2.5        148.000
                                                            3         23.4            2.0        152.000
                                                            4         23.4            1.7        156.000
                                                            5         23.4            1.0        160.000
0

   N =    9
   NUMBER OF ITERATIONS = 0  (HEADS UNCHANGED)
0          NO. OF PARTICLE MOVES REQUIRED TO COMPLETE THIS TIME STEP  =    5


0  NP       =         3082          IMOV     =            1
   TIM(N)   =   .63115E+09          TIMV     =   .12623E+09          SUMTCH =   .51754E+10
0  NP       =         3146          IMOV     =            2
   TIM(N)   =   .63115E+09          TIMV     =   .12623E+09          SUMTCH =   .53017E+10
0      ***   NOTE   ***          NPTM.EQ.NPMAX --- IMOV=   3     PT. NO.=2246     CALL GENPT

0  NP       =         2922          IMOV     =            3
   TIM(N)   =   .63115E+09          TIMV     =   .12623E+09          SUMTCH =   .54279E+10
0  NP       =         2948          IMOV     =            4
   TIM(N)   =   .63115E+09          TIMV     =   .12623E+09          SUMTCH =   .55541E+10
0  NP       =         3003          IMOV     =            5
   TIM(N)   =   .63115E+09          TIMV     =   .12623E+09          SUMTCH =   .56804E+10
1Casing Failure Simulation - Case 1; 20 x 20 Grid                                


0     TIME VERSUS HEAD AND CONCENTRATION AT SELECTED OBSERVATION POINTS

               PUMPING PERIOD NO.    1




0               STEADY-STATE SOLUTION




0                    OBS.WELL NO.    X    Y                 N      HEAD (FT)    CONC.(MG/L)    TIME (YEARS)

                          1         10    5


                                                            0         65.0         1000.0           .000
                                                            1         65.2             .0        164.000
                                                            2         65.2             .0        168.000
                                                            3         65.2             .0        172.000
                                                            4         65.2             .0        176.000
                                                            5         65.2             .0        180.000
0                    OBS.WELL NO.    X    Y                 N      HEAD (FT)    CONC.(MG/L)    TIME (YEARS)

                          2         10   15


                                                            0         23.0             .0           .000
                                                            1         23.4             .9        164.000
                                                            2         23.4             .6        168.000
                                                            3         23.4             .3        172.000
                                                            4         23.4             .3        176.000
                                                            5         23.4             .2        180.000
0

   N =   10
   NUMBER OF ITERATIONS = 0  (HEADS UNCHANGED)
1HEAD DISTRIBUTION - ROW
 NUMBER OF TIME STEPS =    10
        TIME(SECONDS) =   .63115E+10
        TIME(DAYS)    =   .73050E+05
        TIME(YEARS)   =   .20000E+03
 
0    .0000000    .0000000    .0000000    .0000000    .0000000    .0000000    .0000000    .0000000    .0000000    .0000000
0    .0000000    .0000000    .0000000    .0000000    .0000000    .0000000    .0000000    .0000000    .0000000    .0000000
0    .0000000  74.9999998  74.9999998  74.9999998  74.9999998  74.9999998  74.9999998  74.9999998  74.9999998  74.9999998
0  74.9999998  74.9999998  74.9999998  74.9999998  74.9999998  74.9999998  74.9999998  74.9999998  74.9999998    .0000000
0    .0000000  71.7696813  71.7670630  71.7621442  71.7555856  71.7482904  71.7413331  71.7358284  71.7327661  71.7328382
0  71.7363075  71.7429504  71.7521047  71.7627989  71.7739123  71.7843319  71.7930715  71.7993504  71.8026173    .0000000
0    .0000000  68.5419841  68.5364222  68.5259519  68.5119375  68.4962764  68.4812485  68.4692485  68.4624289  68.4623120
0  68.4694734  68.4834205  68.5027039  68.5252131  68.5485522  68.5703734  68.5886274  68.6017086  68.6085048    .0000000
0    .0000000  65.3196224  65.3103583  65.2930157  65.2696526  65.2433421  65.2178484  65.1972038  65.1851088  65.1842253
0  65.1955726  65.2182742  65.2497917  65.2865111  65.3244226  65.3596981  65.3890680  65.4100211  65.4209616    .0000000
0    .0000000  62.1069191  62.0929792  62.0665690  62.0307702  61.9900494  61.9500549  61.9170618  61.8970266  61.8943580
0  61.9107667  61.9447613  61.9921311  62.0470719  62.1033864  62.1553851  62.1983945  62.2289502  62.2447540    .0000000
0    .0000000  58.9079604  58.8877636  58.8492832  58.7965890  58.7358077  58.6750403  58.6237427  58.5913585  58.5851949
0  58.6081560  58.6576545  58.7266799  58.8060388  58.8864455  58.9598389  59.0199460  59.0623289  59.0841536    .0000000
0    .0000000  55.7290073  55.7005212  55.6459904  55.5702805  55.4813348  55.3903385  55.3112957  55.2592580  55.2466939
0  55.2787965  55.3508083  55.4506803  55.5637417  55.6762981  55.7773659  55.8590017  55.9159509  55.9451877    .0000000
0    .0000000  52.5789064  52.5399025  52.4643147  52.3576342  52.2293489  52.0941151  51.9722715  51.8881095  51.8639504
0  51.9099515  52.0165269  52.1619199  52.3223817  52.4780756  52.6147525  52.7231815  52.7978667  52.8358250    .0000000
0    .0000000  49.4675831  49.4155278  49.3134385  49.1663050  48.9840108  48.7842067  48.5952732  48.4566677  48.4107588
0  48.4802433  48.6431391  48.8577976  49.0854926  49.2985722  49.4800968  49.6208112  49.7161700  49.7641929    .0000000
0    .0000000  46.4083276  46.3412143  46.2076384  46.0101721  45.7562296  45.4634702  45.1679890  44.9325706  44.8422128
0  44.9571646  45.2180276  45.5406819  45.8632640  46.1506670  46.3862898  46.5638291  46.6818343  46.7405981    .0000000
0    .0000000  43.4162401  43.3334195  43.1658015  42.9105836  42.5673313  42.1455204  41.6807076  41.2634805  41.0684222
0  41.2882409  41.7311928  42.2237023  42.6762804  43.0546084  43.3506339  43.5664536  43.7067977  43.7758208    .0000000
0    .0000000  40.5069045  40.4103256  40.2114685  39.8989344  39.4568890  38.8704762  38.1457422  37.3721209  36.8796596
0  37.3960849  38.1947017  38.9465575  39.5634455  40.0407534  40.3950867  40.6444564  40.8029863  40.8799964    .0000000
0    .0000000  37.6943359  37.5898036  37.3710465  37.0170260  36.4910533  35.7339850  34.6598961  33.1998347  31.6822396
0  33.2219693  34.7052021  35.8046131  36.5904270  37.1501081  37.5447362  37.8135336  37.9809886  38.0613723    .0000000
0    .0000000  34.9860053  34.8830663  34.6655281  34.3067201  33.7559607  32.9141632  31.5596750  29.0847369  23.4271468
0  29.1040057  31.5991793  32.9759154  33.8431910  34.4241626  34.8198652  35.0835949  35.2456179  35.3228378    .0000000
0    .0000000  32.3807901  32.2911892  32.1014932  31.7885753  31.3121117  30.6072428  29.5801101  28.1524935  26.6446564
0  28.1679302  29.6117985  30.6568878  31.3824644  31.8836973  32.2271746  32.4555742  32.5953183  32.6616974    .0000000
0    .0000000  29.8652916  29.7995790  29.6608268  29.4341151  29.0968142  28.6227265  28.0011688  27.3006137  26.8311931
0  27.3114021  28.0233371  28.6575126  29.1462246  29.5011285  29.7497047  29.9163560  30.0185500  30.0670541    .0000000
0    .0000000  27.4151673  27.3805031  27.3077045  27.1898436  27.0178974  26.7852763  26.5008266  26.2172005  26.0677006
0  26.2227504  26.5122370  26.8031996  27.0433915  27.2244826  27.3537563  27.4411816  27.4949669  27.5205765    .0000000
0    .0000000  25.0000002  25.0000002  25.0000002  25.0000002  25.0000001  25.0000001  25.0000001  25.0000001  25.0000001
0  25.0000001  25.0000001  25.0000001  25.0000001  25.0000002  25.0000002  25.0000002  25.0000002  25.0000002    .0000000
0    .0000000    .0000000    .0000000    .0000000    .0000000    .0000000    .0000000    .0000000    .0000000    .0000000
0    .0000000    .0000000    .0000000    .0000000    .0000000    .0000000    .0000000    .0000000    .0000000    .0000000
1HEAD DISTRIBUTION - ROW
 NUMBER OF TIME STEPS =    10
        TIME(SECONDS) =   .63115E+10
        TIME(DAYS)    =   .73050E+05
        TIME(YEARS)   =   .20000E+03
 
0   0   0   0   0   0   0   0   0   0   0   0   0   0   0   0   0   0   0   0   0
0   0  75  75  75  75  75  75  75  75  75  75  75  75  75  75  75  75  75  75   0
0   0  72  72  72  72  72  72  72  72  72  72  72  72  72  72  72  72  72  72   0
0   0  69  69  69  69  68  68  68  68  68  68  68  69  69  69  69  69  69  69   0
0   0  65  65  65  65  65  65  65  65  65  65  65  65  65  65  65  65  65  65   0
0   0  62  62  62  62  62  62  62  62  62  62  62  62  62  62  62  62  62  62   0
0   0  59  59  59  59  59  59  59  59  59  59  59  59  59  59  59  59  59  59   0
0   0  56  56  56  56  55  55  55  55  55  55  55  55  56  56  56  56  56  56   0
0   0  53  53  52  52  52  52  52  52  52  52  52  52  52  52  53  53  53  53   0
0   0  49  49  49  49  49  49  49  48  48  48  49  49  49  49  49  50  50  50   0
0   0  46  46  46  46  46  45  45  45  45  45  45  46  46  46  46  47  47  47   0
0   0  43  43  43  43  43  42  42  41  41  41  42  42  43  43  43  44  44  44   0
0   0  41  40  40  40  39  39  38  37  37  37  38  39  40  40  40  41  41  41   0
0   0  38  38  37  37  36  36  35  33  32  33  35  36  37  37  38  38  38  38   0
0   0  35  35  35  34  34  33  32  29  23  29  32  33  34  34  35  35  35  35   0
0   0  32  32  32  32  31  31  30  28  27  28  30  31  31  32  32  32  33  33   0
0   0  30  30  30  29  29  29  28  27  27  27  28  29  29  30  30  30  30  30   0
0   0  27  27  27  27  27  27  27  26  26  26  27  27  27  27  27  27  27  28   0
0   0  25  25  25  25  25  25  25  25  25  25  25  25  25  25  25  25  25  25   0
0   0   0   0   0   0   0   0   0   0   0   0   0   0   0   0   0   0   0   0   0
1DRAWDOWN
       0    0    0    0    0    0    0    0    0    0    0    0    0    0    0    0    0    0    0    0
       0    0    0    0    0    0    0    0    0    0    0    0    0    0    0    0    0    0    0    0
       0    0    0    0    0    0    0    0    0    0    0    0    0    0    0    0    0    0    0    0
       0    0    0    0    0    0    0    0    0    0    0    0    0    0    0    0    0    0    0    0
       0    0    0    0    0    0    0    0    0    0    0    0    0    0    0    0    0    0    0    0
       0    0    0    0    0    0    0    0    0    0    0    0    0    0    0    0    0    0    0    0
       0    0    0    0    0    0    0    0    0    0    0    0    0    0    0    0    0    0    0    0
       0    0    0    0    0    0    0    0    0    0    0    0    0    0    0    0    0    0    0    0
       0    0    0    0    0    0    0    0    0    0    0    0    0    0    0    0    0    0    0    0
       0    0    0    0    0    0    0    0    0    0    0    0    0    0    0    0    0    0    0    0
       0    0    0    0    0    0    0    0    0    0    0    0    0    0    0    0    0    0    0    0
       0    0    0    0    0    0    0    0    0    0    0    0    0    0    0    0    0    0    0    0
       0    0    0    0    0    0    0    0    0    0    0    0    0    0    0    0    0    0    0    0
       0    0    0    0    0    0    0    0    0    0    0    0    0    0    0    0    0    0    0    0
       0    0    0    0    0    0    0    0    0    0    0    0    0    0    0    0    0    0    0    0
       0    0    0    0    0    0    0    0    0    0    0    0    0    0    0    0    0    0    0    0
       0    0    0    0    0    0    0    0    0    0    0    0    0    0    0    0    0    0    0    0
       0    0    0    0    0    0    0    0    0    0    0    0    0    0    0    0    0    0    0    0
       0    0    0    0    0    0    0    0    0    0    0    0    0    0    0    0    0    0    0    0
       0    0    0    0    0    0    0    0    0    0    0    0    0    0    0    0    0    0    0    0
0  CUMULATIVE MASS BALANCE -- (IN FT**3) 


    RECHARGE AND INJECTION     =   .00000E+00
    PUMPAGE AND E-T WITHDRAWAL =   .27350E+11
    CUMULATIVE  NET  PUMPAGE   =   .27350E+11
    WATER RELEASE FROM STORAGE =   .00000E+00
    LEAKAGE INTO AQUIFER       =   .69921E+11
    LEAKAGE OUT OF AQUIFER     =  -.42570E+11
    CUMULATIVE  NET  LEAKAGE   =   .27352E+11
0       MASS BALANCE RESIDUAL  =   .18189E+07
        ERROR  (AS PERCENT)    =   .26015E-02

0  RATE MASS BALANCE -- (IN C.F.S.) 


    LEAKAGE INTO AQUIFER       =   .11078E+02
    LEAKAGE OUT OF AQUIFER     =  -.67447E+01
    NET LEAKAGE    (QNET)      =   .43336E+01
    RECHARGE AND INJECTION     =   .00000E+00
    PUMPAGE AND E-T WITHDRAWAL =   .43333E+01
    NET WITHDRAWAL   (TPUM)    =   .43333E+01
0          NO. OF PARTICLE MOVES REQUIRED TO COMPLETE THIS TIME STEP  =    5


0  NP       =         3013          IMOV     =            1
   TIM(N)   =   .63115E+09          TIMV     =   .12623E+09          SUMTCH =   .58066E+10
0  NP       =         3015          IMOV     =            2
   TIM(N)   =   .63115E+09          TIMV     =   .12623E+09          SUMTCH =   .59328E+10
0  NP       =         3082          IMOV     =            3
   TIM(N)   =   .63115E+09          TIMV     =   .12623E+09          SUMTCH =   .60591E+10
0  NP       =         3146          IMOV     =            4
   TIM(N)   =   .63115E+09          TIMV     =   .12623E+09          SUMTCH =   .61853E+10
0      ***   NOTE   ***          NPTM.EQ.NPMAX --- IMOV=   5     PT. NO.=2246     CALL GENPT

0  NP       =         2922          IMOV     =            5
   TIM(N)   =   .63115E+09          TIMV     =   .12623E+09          SUMTCH =   .63115E+10
1CONCENTRATION

 NUMBER OF TIME STEPS =    10
        DELTA T       =   .63115E+09
        TIME(SECONDS) =   .63115E+10
   CHEM.TIME(SECONDS) =   .63115E+10
   CHEM.TIME(DAYS)    =   .73050E+05
        TIME(YEARS)   =   .20000E+03
   CHEM.TIME(YEARS)   =   .20000E+03
  NO. MOVES COMPLETED =     5
 
0    0    0    0    0    0    0    0    0    0    0    0    0    0    0    0    0    0    0    0    0
0    0    0    0    0    0    0    0    0    0    0    0    0    0    0    0    0    0    0    0    0
0    0    0    0    0    0    0    0    0    0    0    0    0    0    0    0    0    0    0    0    0
0    0    0    0    0    0    0    0    0    0    0    0    0    0    0    0    0    0    0    0    0
0    0    0    0    0    0    0    0    0    0    0    0    0    0    0    0    0    0    0    0    0
0    0    0    0    0    0    0    0    0    0    0    0    0    0    0    0    0    0    0    0    0
0    0    0    0    0    0    0    0    0    0    0    0    0    0    0    0    0    0    0    0    0
0    0    0    0    0    0    0    0    0    0    0    0    0    0    0    0    0    0    0    0    0
0    0    0    0    0    0    0    0    0    0    0    0    0    0    0    0    0    0    0    0    0
0    0    0    0    0    0    0    0    0    0    0    0    0    0    0    0    0    0    0    0    0
0    0    0    0    0    0    0    0    0    0    0    0    0    0    0    0    0    0    0    0    0
0    0    0    0    0    0    0    0    0    0    0    0    0    0    0    0    0    0    0    0    0
0    0    0    0    0    0    0    0    0    0    0    0    0    0    0    0    0    0    0    0    0
0    0    0    0    0    0    0    0    0    0    0    0    0    0    0    0    0    0    0    0    0
0    0    0    0    0    0    0    0    0    0    0    0    0    0    0    0    0    0    0    0    0
0    0    0    0    0    0    0    0    0    0    0    0    0    0    0    0    0    0    0    0    0
0    0    0    0    0    0    0    0    0    0    0    0    0    0    0    0    0    0    0    0    0
0    0    0    0    0    0    0    0    0    0    0    0    0    0    0    0    0    0    0    0    0
0    0    0    0    0    0    0    0    0    0    0    0    0    0    0    0    0    0    0    0    0
0    0    0    0    0    0    0    0    0    0    0    0    0    0    0    0    0    0    0    0    0
 
 CHEMICAL MASS BALANCE
 
        MASS IN BOUNDARIES     =   .00000E+00
        MASS OUT BOUNDARIES    =   .81781E+07
        MASS PUMPED IN         =   .00000E+00
        MASS PUMPED OUT        =  -.17612E+12
        MASS LOST BY DECAY     =  -.11330E+12
        MASS ADSORBED ON SOLIDS=   .00000E+00
        INITIAL MASS ADSORBED  =   .00000E+00
        INFLOW MINUS OUTFLOW   =  -.17611E+12
        INITIAL MASS DISSOLVED =   .24206E+12
        PRESENT MASS DISSOLVED =   .19455E+09
        CHANGE MASS DISSOLVED  =  -.24187E+12
        CHANGE TOTL.MASS STORED=  -.24187E+12
      COMPARE RESIDUAL WITH NET FLUX AND MASS ACCUMULATION:
        MASS BALANCE RESIDUAL  =  -.47542E+11
        ERROR  (AS PERCENT)    =   .00000E+00
      COMPARE INITIAL MASS STORED WITH CHANGE IN MASS STORED:
        ERROR  (AS PERCENT)    =   .11369E+02
1Casing Failure Simulation - Case 1; 20 x 20 Grid                                


0     TIME VERSUS HEAD AND CONCENTRATION AT SELECTED OBSERVATION POINTS

               PUMPING PERIOD NO.    1




0               STEADY-STATE SOLUTION




0                    OBS.WELL NO.    X    Y                 N      HEAD (FT)    CONC.(MG/L)    TIME (YEARS)

                          1         10    5


                                                            0         65.0         1000.0           .000
                                                            1         65.2             .0        184.000
                                                            2         65.2             .0        188.000
                                                            3         65.2             .0        192.000
                                                            4         65.2             .0        196.000
                                                            5         65.2             .0        200.000
0                    OBS.WELL NO.    X    Y                 N      HEAD (FT)    CONC.(MG/L)    TIME (YEARS)

                          2         10   15


                                                            0         23.0             .0           .000
                                                            1         23.4             .2        184.000
                                                            2         23.4             .1        188.000
                                                            3         23.4             .1        192.000
                                                            4         23.4             .1        196.000
                                                            5         23.4             .0        200.000
